\BOOKMARK [1][-]{section.1}{Introduction}{}% 1
\BOOKMARK [1][-]{section.1}{Introduction}{}% 2
\BOOKMARK [1][-]{section.2}{Application of ontolex in Diamant}{}% 3
\BOOKMARK [1][-]{section.3}{Citations and attestations in scholarly dictionaries}{}% 4
\BOOKMARK [1][-]{section.3}{Citations and attestations in scholarly dictionaries}{}% 5
\BOOKMARK [2][-]{subsection.3.1}{Reliability of attestations}{section.3}% 6
\BOOKMARK [2][-]{subsection.3.1}{Reliability of attestations}{section.3}% 7
\BOOKMARK [3][-]{section*.1}{Uncertain reading or reconstruction}{subsection.3.1}% 8
\BOOKMARK [3][-]{section*.5}{Uncertain interpretation}{subsection.3.1}% 9
\BOOKMARK [2][-]{subsection.3.2}{Citations as evidence: different types}{section.3}% 10
\BOOKMARK [2][-]{subsection.3.2}{Citations as evidence: different types}{section.3}% 11
\BOOKMARK [2][-]{subsection.3.3}{Linked data modeling of lexical citations}{section.3}% 12
\BOOKMARK [2][-]{subsection.3.3}{Linked data modeling of lexical citations}{section.3}% 13
\BOOKMARK [3][-]{section*.11}{1. Khan and Boschetti}{subsection.3.3}% 14
\BOOKMARK [3][-]{section*.13}{2. Alternative proposal}{subsection.3.3}% 15
\BOOKMARK [2][-]{subsection.3.4}{Document metadata }{section.3}% 16
\BOOKMARK [2][-]{subsection.3.4}{Document metadata }{section.3}% 17
\BOOKMARK [3][-]{section*.16}{Minimal metadata information}{subsection.3.4}% 18
\BOOKMARK [1][-]{section*.18}{Appendix: some remarks on the contents of Khan and Boschetti}{}% 19
\BOOKMARK [1][-]{section*.25}{Appendix: relation with the TEI encoding:}{}% 20
