000	NOU(type=common,number=sg,inflection=0)	pos=N,feat.getal=ev
001	NOU(type=common,number=sg,inflection=e)	pos=N,feat.getal=ev,feat.form=-e
002	NOU(type=common,number=sg,inflection=s/th)	pos=N,feat.getal=ev,feat.form=-s/-th
003	NOU(type=common,number=sg,inflection=t)	pos=N,feat.getal=ev,feat.form=-t
004	NOU(type=common,number=sg,inflection=n)	pos=N,feat.getal=ev,feat.form=-n
005	NOU(type=common,number=sg,inflection=r/re)	pos=N,feat.getal=ev,feat.form=-r/-re
006	NOU(type=common,number=sg,inflection=a)	pos=N,feat.getal=ev,feat.form=-a
009	NOU(type=common,number=sg,inflection=other)	pos=N,feat.getal=ev,feat.form=unclear
010	NOU(type=common,number=pl,inflection=0)	pos=N,feat.getal=mv
011	NOU(type=common,number=pl,inflection=e)	pos=N,feat.getal=mv,feat.form=-e
012	NOU(type=common,number=pl,inflection=s/th)	pos=N,feat.getal=mv,feat.form=-s/-th
013	NOU(type=common,number=pl,inflection=t)	pos=N,feat.getal=mv,feat.form=-t
014	NOU(type=common,number=pl,inflection=n)	pos=N,feat.getal=mv,feat.form=-n
015	NOU(type=common,number=pl,inflection=r/re)	pos=N,feat.getal=mv,feat.form=-r/-re
016	NOU(type=common,number=pl,inflection=a)	pos=N,feat.getal=mv,feat.form=-a
019	NOU(type=common,number=pl,inflection=other)	pos=N,feat.getal=mv,feat.form=unclear
020	NOU(type=proper,inflection=0)	pos=N,feat.ntype=eigen
021	NOU(type=proper,inflection=e)	pos=N,feat.ntype=eigen,feat.form=-e
022	NOU(type=proper,inflection=s/th)	pos=N,feat.ntype=eigen,feat.form=-s/-th
023	NOU(type=proper,inflection=t)	pos=N,feat.ntype=eigen,feat.form=-t
024	NOU(type=proper,inflection=n)	pos=N,feat.ntype=eigen,feat.form=-n
025	NOU(type=proper,inflection=r/re)	pos=N,feat.ntype=eigen,feat.form=-r/-re
026	NOU(type=proper,inflection=a)	pos=N,feat.ntype=eigen,feat.form=-a
029	NOU(type=proper,inflection=other)	pos=N,feat.ntype=eigen,feat.form=unclear
090	NOU(type=other,inflection=0)	pos=N,feat.probleemgeval=true
091	NOU(type=other,inflection=e)	pos=N,feat.probleemgeval=true,feat.form=-e
092	NOU(type=other,inflection=s/th)	pos=N,feat.probleemgeval=true,feat.form=-s/-th
093	_	pos=N,feat.probleemgeval=true,feat.form=-t
094	NOU(type=other,inflection=n)	pos=N,feat.probleemgeval=true,feat.form=-n
095	_	pos=N,feat.probleemgeval=true,feat.form=-r/-re
096	_	pos=N,feat.probleemgeval=true,feat.form=-a
099	NOU(type=other,inflection=other)	pos=N,feat.probleemgeval=true,feat.form=unclear
100	ADJ(number=sg,inflection=0)	pos=ADJ,feat.getal=ev
101	ADJ(number=sg,inflection=e)	pos=ADJ,feat.getal=ev,feat.form=-e
102	ADJ(number=sg,inflection=s/th)	pos=ADJ,feat.getal=ev,feat.form=-s/-th
103	ADJ(number=sg,inflection=t)	pos=ADJ,feat.getal=ev,feat.form=-t
104	ADJ(number=sg,inflection=n)	pos=ADJ,feat.getal=ev,feat.form=-n
105	ADJ(number=sg,inflection=r/re)	pos=ADJ,feat.getal=ev,feat.form=-r/-re
106	ADJ(number=sg,inflection=a)	pos=ADJ,feat.getal=ev,feat.form=-a
109	ADJ(number=sg,inflection=other)	pos=ADJ,feat.getal=ev
110	ADJ(number=pl,inflection=0)	pos=ADJ,feat.getal=mv
111	ADJ(number=pl,inflection=e)	pos=ADJ,feat.getal=mv,feat.form=-e
112	ADJ(number=pl,inflection=s/th)	pos=ADJ,feat.getal=mv,feat.form=-s/-th
113	_	pos=ADJ,feat.getal=mv,feat.form=-t
114	ADJ(number=pl,inflection=n)	pos=ADJ,feat.getal=mv,feat.form=-n
115	ADJ(number=pl,inflection=r/re)	pos=ADJ,feat.getal=mv,feat.form=-r/-re
116	ADJ(number=pl,inflection=a)	pos=ADJ,feat.getal=mv,feat.form=-a
119	ADJ(number=pl,inflection=other)	pos=ADJ,feat.getal=mv
190	ADJ(number=other,inflection=0)	pos=ADJ,feat.probleemgeval=true
191	ADJ(number=other,inflection=e)	pos=ADJ,feat.probleemgeval=true,feat.form=-e
192	_	pos=ADJ,feat.probleemgeval=true,feat.form=-s/-th
193	_	pos=ADJ,feat.probleemgeval=true,feat.form=-t
194	ADJ(number=other,inflection=n)	pos=ADJ,feat.probleemgeval=true,feat.form=-n
195	_	pos=ADJ,feat.probleemgeval=true,feat.form=-r/-re
196	_	pos=ADJ,feat.probleemgeval=true,feat.form=-a
199	_	pos=ADJ,feat.probleemgeval=true
200	VRB(type=main,finiteness=finite,tense=present,inflection=0)	pos=WW,feat.pvtijd=tgw
201	VRB(type=main,finiteness=finite,tense=present,inflection=e)	pos=WW,feat.pvtijd=tgw,feat.form=-e
202	VRB(type=main,finiteness=finite,tense=present,inflection=s/th)	pos=WW,feat.pvtijd=tgw,feat.form=-s/-th
203	VRB(type=main,finiteness=finite,tense=present,inflection=t)	pos=WW,feat.pvtijd=tgw,feat.form=-t
204	VRB(type=main,finiteness=finite,tense=present,inflection=n)	pos=WW,feat.pvtijd=tgw,feat.form=-n
205	VRB(type=main,finiteness=finite,tense=present,inflection=r/re)	pos=WW,feat.pvtijd=tgw,feat.form=-r/-re
206	_	pos=WW,feat.pvtijd=tgw,feat.form=-a
209	VRB(type=main,finiteness=finite,tense=present,inflection=other)	pos=WW,feat.pvtijd=tgw
210	VRB(type=auxiliary,finiteness=finite,tense=present,inflection=0)	pos=WW,feat.pvtijd=tgw
211	VRB(type=auxiliary,finiteness=finite,tense=present,inflection=e)	pos=WW,feat.pvtijd=tgw,feat.form=-e
212	VRB(type=auxiliary,finiteness=finite,tense=present,inflection=s/th)	pos=WW,feat.pvtijd=tgw,feat.form=-s/-th
213	VRB(type=auxiliary,finiteness=finite,tense=present,inflection=t)	pos=WW,feat.pvtijd=tgw,feat.form=-t
214	VRB(type=auxiliary,finiteness=finite,tense=present,inflection=n)	pos=WW,feat.pvtijd=tgw,feat.form=-n
215	_	pos=WW,feat.pvtijd=tgw,feat.form=-r/-re
216	_	pos=WW,feat.pvtijd=tgw,feat.form=-a
219	VRB(type=auxiliary,finiteness=finite,tense=present,inflection=other)	pos=WW,feat.pvtijd=tgw
220	VRB(type=main,finiteness=finite,tense=past,inflection=0)	pos=WW,feat.pvtijd=verl
221	VRB(type=main,finiteness=finite,tense=past,inflection=e)	pos=WW,feat.pvtijd=verl,feat.form=-e
222	VRB(type=main,finiteness=finite,tense=past,inflection=s/th)	pos=WW,feat.pvtijd=verl,feat.form=-s/-th
223	VRB(type=main,finiteness=finite,tense=past,inflection=t)	pos=WW,feat.pvtijd=verl,feat.form=-t
224	VRB(type=main,finiteness=finite,tense=past,inflection=n)	pos=WW,feat.pvtijd=verl,feat.form=-n
225	VRB(type=main,finiteness=finite,tense=past,inflection=r/re)	pos=WW,feat.pvtijd=verl,feat.form=-r/-re
226	VRB(type=main,finiteness=finite,tense=past,inflection=a)	pos=WW,feat.pvtijd=verl,feat.form=-a
229	VRB(type=main,finiteness=finite,tense=past,inflection=other)	pos=WW,feat.pvtijd=verl
230	VRB(type=auxiliary,finiteness=finite,tense=past,inflection=0)	pos=WW,feat.pvtijd=verl
231	VRB(type=auxiliary,finiteness=finite,tense=past,inflection=e)	pos=WW,feat.pvtijd=verl,feat.form=-e
232	VRB(type=auxiliary,finiteness=finite,tense=past,inflection=s/th)	pos=WW,feat.pvtijd=verl,feat.form=-s/-th
233	VRB(type=auxiliary,finiteness=finite,tense=past,inflection=t)	pos=WW,feat.pvtijd=verl,feat.form=-t
234	VRB(type=auxiliary,finiteness=finite,tense=past,inflection=n)	pos=WW,feat.pvtijd=verl,feat.form=-n
235	VRB(type=auxiliary,finiteness=finite,tense=past,inflection=r/re)	pos=WW,feat.pvtijd=verl,feat.form=-r/-re
236	_	pos=WW,feat.pvtijd=verl,feat.form=-a
239	VRB(type=auxiliary,finiteness=finite,tense=past,inflection=other)	pos=WW,feat.pvtijd=verl
240	VRB(type=-,finiteness=finite,mood=imperative,inflection=0)	pos=WW
241	VRB(type=-,finiteness=finite,mood=imperative,inflection=e)	pos=WW,feat.form=-e
242	VRB(type=-,finiteness=finite,mood=imperative,inflection=s/th)	pos=WW,feat.form=-s/-th
243	VRB(type=-,finiteness=finite,mood=imperative,inflection=t)	pos=WW,feat.form=-t
244	VRB(type=-,finiteness=finite,mood=imperative,inflection=n)	pos=WW,feat.form=-n
245	_	pos=WW,feat.form=-r/-re
246	_	pos=WW,feat.form=-a
249	VRB(type=-,finiteness=finite,mood=imperative,inflection=other)	pos=WW
250	VRB(type=main,finiteness=finite,inflection=0)	pos=WW,feat.wvorm=inf
251	VRB(type=main,finiteness=finite,inflection=e)	pos=WW,feat.wvorm=inf,feat.form=-e
252	VRB(type=main,finiteness=finite,inflection=s/th)	pos=WW,feat.wvorm=inf,feat.form=-s/-th
253	VRB(type=main,finiteness=finite,inflection=t)	pos=WW,feat.wvorm=inf,feat.form=-t
254	VRB(type=main,finiteness=finite,inflection=n)	pos=WW,feat.wvorm=inf,feat.form=-n
255	_	pos=WW,feat.wvorm=inf,feat.form=-r/-re
256	VRB(type=main,finiteness=finite,inflection=a)	pos=WW,feat.wvorm=inf,feat.form=-a
259	VRB(type=main,finiteness=finite,inflection=other)	pos=WW,feat.wvorm=inf
260	VRB(type=auxiliary,finiteness=inf/ger,inflection=0)	pos=WW,feat.wvorm=inf
261	VRB(type=auxiliary,finiteness=inf/ger,inflection=e)	pos=WW,feat.wvorm=inf,feat.form=-e
262	_	pos=WW,feat.wvorm=inf,feat.form=-s/-th
263	_	pos=WW,feat.wvorm=inf,feat.form=-t
264	VRB(type=auxiliary,finiteness=inf/ger,inflection=n)	pos=WW,feat.wvorm=inf,feat.form=-n
265	_	pos=WW,feat.wvorm=inf,feat.form=-r/-re
266	_	pos=WW,feat.wvorm=inf,feat.form=-a
269	VRB(type=auxiliary,finiteness=inf/ger,inflection=other)	pos=WW,feat.wvorm=inf
270	VRB(type=main,finiteness=part,inflection=0)	pos=WW
271	VRB(type=main,finiteness=part,inflection=e)	pos=WW,feat.form=-e
272	VRB(type=main,finiteness=part,inflection=s/th)	pos=WW,feat.form=-s/-th
273	VRB(type=main,finiteness=part,inflection=t)	pos=WW,feat.form=-t
274	VRB(type=main,finiteness=part,inflection=n)	pos=WW,feat.form=-n
275	_	pos=WW,feat.form=-r/-re
276	VRB(type=main,finiteness=part,inflection=a)	pos=WW,feat.form=-a
279	VRB(type=main,finiteness=part,inflection=other)	pos=WW
280	VRB(type=auxiliary,finiteness=part,inflection=0)	pos=WW
281	VRB(type=auxiliary,finiteness=part,inflection=e)	pos=WW,feat.form=-e
282	VRB(type=auxiliary,finiteness=part,inflection=s/th)	pos=WW,feat.form=-s/-th
283	VRB(type=auxiliary,finiteness=part,inflection=t)	pos=WW,feat.form=-t
284	VRB(type=auxiliary,finiteness=part,inflection=n)	pos=WW,feat.form=-n
285	VRB(type=auxiliary,finiteness=part,inflection=r/re)	pos=WW,feat.form=-r/-re
286	_	pos=WW,feat.form=-a
289	_	pos=WW
290	VRB(type=other,inflection=0)	pos=WW,feat.probleemgeval=true
291	VRB(type=other,inflection=e)	pos=WW,feat.probleemgeval=true,feat.form=-e
292	_	pos=WW,feat.probleemgeval=true,feat.form=-s/-th
293	VRB(type=other,inflection=t)	pos=WW,feat.probleemgeval=true,feat.form=-t
294	VRB(type=other,inflection=n)	pos=WW,feat.probleemgeval=true,feat.form=-n
295	_	pos=WW,feat.probleemgeval=true,feat.form=-r/-re
296	_	pos=WW,feat.probleemgeval=true,feat.form=-a
299	VRB(type=other,inflection=other)	pos=WW,feat.probleemgeval=true
300	NUM(type=cardinal,inflection=0)	pos=TW,feat.numtype=hoofd
301	NUM(type=cardinal,inflection=e)	pos=TW,feat.numtype=hoofd,feat.form=-e
302	NUM(type=cardinal,inflection=s/th)	pos=TW,feat.numtype=hoofd,feat.form=-s/-th
303	NUM(type=cardinal,inflection=t)	pos=TW,feat.numtype=hoofd,feat.form=-t
304	NUM(type=cardinal,inflection=n)	pos=TW,feat.numtype=hoofd,feat.form=-n
305	NUM(type=cardinal,inflection=r/re)	pos=TW,feat.numtype=hoofd,feat.form=-r/-re
306	_	pos=TW,feat.numtype=hoofd,feat.form=-a
309	NUM(type=cardinal,inflection=other)	pos=TW,feat.numtype=hoofd
310	NUM(type=ordinal,inflection=0)	pos=TW,feat.numtype=rang
311	NUM(type=ordinal,inflection=e)	pos=TW,feat.numtype=rang,feat.form=-e
312	NUM(type=ordinal,inflection=s/th)	pos=TW,feat.numtype=rang,feat.form=-s/-th
313	_	pos=TW,feat.numtype=rang,feat.form=-t
314	NUM(type=ordinal,inflection=n)	pos=TW,feat.numtype=rang,feat.form=-n
315	NUM(type=ordinal,inflection=r/re)	pos=TW,feat.numtype=rang,feat.form=-r/-re
316	_	pos=TW,feat.numtype=rang,feat.form=-a
319	NUM(type=ordinal,inflection=other)	pos=TW,feat.numtype=rang
320	NUM(type=indefinite,inflection=0)	pos=TW
321	NUM(type=indefinite,inflection=e)	pos=TW,feat.form=-e
322	NUM(type=indefinite,inflection=s/th)	pos=TW,feat.form=-s/-th
323	NUM(type=indefinite,inflection=t)	pos=TW,feat.form=-t
324	NUM(type=indefinite,inflection=n)	pos=TW,feat.form=-n
325	NUM(type=indefinite,inflection=r/re)	pos=TW,feat.form=-r/-re
326	_	pos=TW,feat.form=-a
329	NUM(type=indefinite,inflection=other)	pos=TW
390	_	pos=TW,feat.probleemgeval=true
391	_	pos=TW,feat.probleemgeval=true,feat.form=-e
392	_	pos=TW,feat.probleemgeval=true,feat.form=-s/-th
393	_	pos=TW,feat.probleemgeval=true,feat.form=-t
394	NUM(type=other,inflection=n)	pos=TW,feat.probleemgeval=true,feat.form=-n
395	NUM(type=other,inflection=r/re)	pos=TW,feat.probleemgeval=true,feat.form=-r/-re
396	_	pos=TW,feat.probleemgeval=true,feat.form=-a
399	NUM(type=other,inflection=other)	pos=TW,feat.probleemgeval=true
401	PD(type=pers,person=1,number=sg)	pos=VNW,feat.getal=ev,feat.persoon=1
402	PD(type=pers,person=2,number=sg)	pos=VNW,feat.getal=ev,feat.persoon=2
403	PD(type=pers,person=3,number=sg)	pos=VNW,feat.getal=ev,feat.persoon=3
404	PD(type=pers,person=1,number=pl)	pos=VNW,feat.getal=mv,feat.persoon=1
405	PD(type=pers,person=2,number=pl)	pos=VNW,feat.getal=mv,feat.persoon=2
406	PD(type=pers,person=3,number=pl)	pos=VNW,feat.getal=mv,feat.persoon=3
409	PD(type=pers,other)	pos=VNW,feat.probleemgeval=true
410	PD(type=dem,inflection=0)	pos=VNW,feat.vwtype=aanw
411	PD(type=dem,inflection=e)	pos=VNW,feat.vwtype=aanw,feat.form=-e
412	PD(type=dem,inflection=s/th)	pos=VNW,feat.vwtype=aanw,feat.form=-s/-th
413	PD(type=dem,inflection=t)	pos=VNW,feat.vwtype=aanw,feat.form=-t
414	PD(type=dem,inflection=n)	pos=VNW,feat.vwtype=aanw,feat.form=-n
415	PD(type=dem,inflection=r/re)	pos=VNW,feat.vwtype=aanw,feat.form=-r/-re
416	_	pos=VNW,feat.vwtype=aanw,feat.form=-a
419	PD(type=dem,inflection=other)	pos=VNW,feat.vwtype=aanw
420	PD(type=rel,inflection=0)	pos=VNW,feat.vwtype=betr
421	PD(type=rel,inflection=e)	pos=VNW,feat.vwtype=betr,feat.form=-e
422	PD(type=rel,inflection=s/th)	pos=VNW,feat.vwtype=betr,feat.form=-s/-th
423	_	pos=VNW,feat.vwtype=betr,feat.form=-t
424	PD(type=rel,inflection=n)	pos=VNW,feat.vwtype=betr,feat.form=-n
425	PD(type=rel,inflection=r/re)	pos=VNW,feat.vwtype=betr,feat.form=-r/-re
426	_	pos=VNW,feat.vwtype=betr,feat.form=-a
429	PD(type=rel,inflection=other)	pos=VNW,feat.vwtype=betr
430	PD(type=int,inflection=0)	pos=VNW,feat.vwtype=vb
431	PD(type=int,inflection=e)	pos=VNW,feat.vwtype=vb,feat.form=-e
432	PD(type=int,inflection=s/th)	pos=VNW,feat.vwtype=vb,feat.form=-s/-th
433	PD(type=int,inflection=t)	pos=VNW,feat.vwtype=vb,feat.form=-t
434	PD(type=int,inflection=n)	pos=VNW,feat.vwtype=vb,feat.form=-n
435	PD(type=int,inflection=r/re)	pos=VNW,feat.vwtype=vb,feat.form=-r/-re
436	_	pos=VNW,feat.vwtype=vb,feat.form=-a
439	_	pos=VNW,feat.vwtype=vb
440	PD(type=indef,inflection=0)	pos=VNW,feat.lwtype=onbep
441	PD(type=indef,inflection=e)	pos=VNW,feat.vwtype=vb,feat.lwtype=onbep,feat.form=-e
442	PD(type=indef,inflection=s/th)	pos=VNW,feat.vwtype=vb,feat.lwtype=onbep,feat.form=-s/-th
443	PD(type=indef,inflection=t)	pos=VNW,feat.vwtype=vb,feat.lwtype=onbep,feat.form=-t
444	PD(type=indef,inflection=n)	pos=VNW,feat.vwtype=vb,feat.lwtype=onbep,feat.form=-n
445	PD(type=indef,inflection=r/re)	pos=VNW,feat.vwtype=vb,feat.lwtype=onbep,feat.form=-r/-re
446	_	pos=VNW,feat.vwtype=vb,feat.lwtype=onbep,feat.form=-a
449	PD(type=indef,inflection=other)	pos=VNW,feat.vwtype=vb,feat.lwtype=onbep
450	PD(type=poss,inflection=0)	pos=VNW,feat.vwtype=bez
451	PD(type=poss,inflection=e)	pos=VNW,feat.vwtype=bez,feat.form=-e
452	PD(type=poss,inflection=s/th)	pos=VNW,feat.vwtype=bez,feat.form=-s/-th
453	PD(type=poss,inflection=t)	pos=VNW,feat.vwtype=bez,feat.form=-t
454	PD(type=poss,inflection=n)	pos=VNW,feat.vwtype=bez,feat.form=-n
455	PD(type=poss,inflection=r/re)	pos=VNW,feat.vwtype=bez,feat.form=-r/-re
456	PD(type=poss,inflection=a)	pos=VNW,feat.vwtype=bez,feat.form=-a
459	PD(type=poss,inflection=other)	pos=VNW,feat.vwtype=bez
460	PD(type=refl/recp)	_
461	PD(type=refl/recp,person=1,number=sg)	pos=VNW,feat.vwtype=refl,feat.getal=ev,feat.persoon=1
462	PD(type=refl/recp,person=2,number=sg)	pos=VNW,feat.vwtype=refl,feat.getal=ev,feat.persoon=2
463	PD(type=refl/recp,person=3,number=sg)	pos=VNW,feat.vwtype=refl,feat.getal=ev,feat.persoon=3
464	PD(type=refl/recp,person=1,number=pl)	pos=VNW,feat.vwtype=refl,feat.getal=mv,feat.persoon=1
465	PD(type=refl/recp,person=2,number=pl)	pos=VNW,feat.vwtype=refl,feat.getal=mv,feat.persoon=2
466	PD(type=refl/recp,person=3,number=pl)	pos=VNW,feat.vwtype=refl,feat.getal=mv,feat.persoon=3
469	PD(type=refl/recp,other)	pos=VNW,feat.vwtype=refl,feat.probleemgeval=true
470	PD(type=art,subtype=def,inflection=0)	pos=LID
471	PD(type=art,subtype=def,inflection=e)	pos=LID,feat.form=-e
472	PD(type=art,subtype=def,inflection=s/th)	pos=LID,feat.form=-s/-th
473	_	pos=LID,feat.form=-t
474	PD(type=art,subtype=def,inflection=n)	pos=LID,feat.form=-n
475	PD(type=art,subtype=def,inflection=r/re)	pos=LID,feat.form=-r/-re
476	_	pos=LID,feat.form=-a
479	PD(type=art,subtype=def,inflection=other)	pos=LID
480	PD(type=art,subtype=indef,inflection=0)	pos=LID
481	PD(type=art,subtype=indef,inflection=e)	pos=LID,feat.form=-e
482	PD(type=art,subtype=indef,inflection=s/th)	pos=LID,feat.form=-s/-th
483	_	pos=LID,feat.form=-t
484	PD(type=art,subtype=indef,inflection=n)	pos=LID,feat.form=-n
485	PD(type=art,subtype=indef,inflection=r/re)	pos=LID,feat.form=-r/-re
486	_	pos=LID,feat.form=-a
489	PD(type=art,subtype=indef,inflection=other)	pos=LID
490	PD(type=other,inflection=0)	pos=VNW,feat.probleemgeval=true
491	PD(type=other,inflection=e)	pos=VNW,feat.probleemgeval=true,feat.form=-e
492	PD(type=other,inflection=s/th)	pos=VNW,feat.probleemgeval=true,feat.form=-s/-th
493	PD(type=other,inflection=t)	pos=VNW,feat.probleemgeval=true,feat.form=-t
494	PD(type=other,inflection=n)	pos=VNW,feat.probleemgeval=true,feat.form=-n
495	_	pos=VNW,feat.probleemgeval=true,feat.form=-r/-re
496	_	pos=VNW,feat.probleemgeval=true,feat.form=-a
499	PD(type=other,inflection=other)	pos=VNW,feat.probleemgeval=true
500	ADV(type=general,inflection=0)	pos=BW
501	ADV(type=general,inflection=e)	pos=BW,feat.form=-e
502	ADV(type=general,inflection=s/th)	pos=BW,feat.form=-s/-th
503	ADV(type=general,inflection=t)	pos=BW,feat.form=-t
504	ADV(type=general,inflection=n)	pos=BW,feat.form=-n
505	ADV(type=general,inflection=r/re)	pos=BW,feat.form=-r/-re
506	_	pos=BW,feat.form=-a
509	ADV(type=general,inflection=other)	pos=BW
510	ADV(type=dem,inflection=0)	pos=BW
511	ADV(type=dem,inflection=e)	pos=BW,feat.form=-e
512	ADV(type=dem,inflection=s/th)	pos=BW,feat.form=-s/-th
513	_	pos=BW,feat.form=-t
514	ADV(type=dem,inflection=n)	pos=BW,feat.form=-n
515	_	pos=BW,feat.form=-r/-re
516	_	pos=BW,feat.form=-a
519	ADV(type=dem,inflection=other)	pos=BW
520	ADV(type=rel,inflection=0)	pos=BW
521	ADV(type=rel,inflection=e)	pos=BW,feat.form=-e
522	_	pos=BW,feat.form=-s/-th
523	_	pos=BW,feat.form=-t
524	ADV(type=rel,inflection=n)	pos=BW,feat.form=-n
525	_	pos=BW,feat.form=-r/-re
526	_	pos=BW,feat.form=-a
529	ADV(type=rel,inflection=other)	pos=BW
530	ADV(type=int,inflection=0)	pos=BW
531	ADV(type=int,inflection=e)	pos=BW,feat.form=-e
532	_	pos=BW,feat.form=-s/-th
533	_	pos=BW,feat.form=-t
534	ADV(type=int,inflection=n)	pos=BW,feat.form=-n
535	_	pos=BW,feat.form=-r/-re
536	_	pos=BW,feat.form=-a
539	_	pos=BW
540	ADV(type=indef,inflection=0)	pos=BW
541	ADV(type=indef,inflection=e)	pos=BW,feat.form=-e
542	ADV(type=indef,inflection=s/th)	pos=BW,feat.form=-s/-th
543	_	pos=BW,feat.form=-t
544	ADV(type=indef,inflection=n)	pos=BW,feat.form=-n
545	_	pos=BW,feat.form=-r/-re
546	_	pos=BW,feat.form=-a
549	ADV(type=indef,inflection=other)	pos=BW
550	ADV(type=resumptive,inflection=0)	pos=BW
551	ADV(type=resumptive,inflection=e)	pos=BW,feat.form=-e
552	_	pos=BW,feat.form=-s/-th
553	_	pos=BW,feat.form=-t
554	_	pos=BW,feat.form=-n
555	_	pos=BW,feat.form=-r/-re
556	_	pos=BW,feat.form=-a
559	ADV(type=resumptive,inflection=other)	pos=BW
560	ADV(type=negative,inflection=0)	pos=BW
561	ADV(type=negative,inflection=e)	pos=BW,feat.form=-e
562	_	pos=BW,feat.form=-s/-th
563	_	pos=BW,feat.form=-t
564	ADV(type=negative,inflection=n)	pos=BW,feat.form=-n
565	_	pos=BW,feat.form=-r/-re
566	_	pos=BW,feat.form=-a
569	ADV(type=negative,inflection=other)	pos=BW
590	ADV(type=other,inflection=0)	pos=BW,feat.probleemgeval=true
591	_	pos=BW,feat.probleemgeval=true,feat.form=-e
592	_	pos=BW,feat.probleemgeval=true,feat.form=-s/-th
593	_	pos=BW,feat.probleemgeval=true,feat.form=-t
594	_	pos=BW,feat.probleemgeval=true,feat.form=-n
595	_	pos=BW,feat.probleemgeval=true,feat.form=-r/-re
596	_	pos=BW,feat.probleemgeval=true,feat.form=-a
599	_	pos=BW,feat.probleemgeval=true
600	ADV(advType=pronominal,type=general,inflection=0)	pos=BW
601	ADV(advType=pronominal,type=general,inflection=e)	pos=BW,feat.form=-e
602	ADV(advType=pronominal,type=general,inflection=s/th)	pos=BW,feat.form=-s/-th
603	ADV(advType=pronominal,type=general,inflection=t)	pos=BW,feat.form=-t
604	ADV(advType=pronominal,type=general,inflection=n)	pos=BW,feat.form=-n
605	ADV(advType=pronominal,type=general,inflection=r/re)	pos=BW,feat.form=-r/-re
606	_	pos=BW,feat.form=-a
609	ADV(advType=pronominal,type=general,inflection=other)	pos=BW
610	ADV(advType=pronominal,type=dem,inflection=0)	pos=BW
611	ADV(advType=pronominal,type=dem,inflection=e)	pos=BW,feat.form=-e
612	ADV(advType=pronominal,type=dem,inflection=s/th)	pos=BW,feat.form=-s/-th
613	ADV(advType=pronominal,type=dem,inflection=t)	pos=BW,feat.form=-t
614	ADV(advType=pronominal,type=dem,inflection=n)	pos=BW,feat.form=-n
615	ADV(advType=pronominal,type=dem,inflection=r/re)	pos=BW,feat.form=-r/-re
616	_	pos=BW,feat.form=-a
619	ADV(advType=pronominal,type=dem,inflection=other)	pos=BW
620	ADV(advType=pronominal,type=rel,inflection=0)	pos=BW
621	ADV(advType=pronominal,type=rel,inflection=e)	pos=BW,feat.form=-e
622	ADV(advType=pronominal,type=rel,inflection=s/th)	pos=BW,feat.form=-s/-th
623	ADV(advType=pronominal,type=rel,inflection=t)	pos=BW,feat.form=-t
624	ADV(advType=pronominal,type=rel,inflection=n)	pos=BW,feat.form=-n
625	_	pos=BW,feat.form=-r/-re
626	_	pos=BW,feat.form=-a
629	ADV(advType=pronominal,type=rel,inflection=other)	pos=BW
630	ADV(advType=pronominal,type=int,inflection=0)	pos=BW
631	ADV(advType=pronominal,type=int,inflection=e)	pos=BW,feat.form=-e
632	_	pos=BW,feat.form=-s/-th
633	_	pos=BW,feat.form=-t
634	ADV(advType=pronominal,type=int,inflection=n)	pos=BW,feat.form=-n
635	_	pos=BW,feat.form=-r/-re
636	_	pos=BW,feat.form=-a
639	_	pos=BW
640	ADV(advType=pronominal,type=indef,inflection=0)	pos=BW
641	ADV(advType=pronominal,type=indef,inflection=e)	pos=BW,feat.form=-e
642	_	pos=BW,feat.form=-s/-th
643	_	pos=BW,feat.form=-t
644	_	pos=BW,feat.form=-n
645	_	pos=BW,feat.form=-r/-re
646	_	pos=BW,feat.form=-a
649	_	pos=BW
650	ADV(advType=pronominal,type=resumptive,inflection=0)	pos=BW
651	ADV(advType=pronominal,type=resumptive,inflection=e)	pos=BW,feat.form=-e
652	_	pos=BW,feat.form=-s/-th
653	_	pos=BW,feat.form=-t
654	ADV(advType=pronominal,type=resumptive,inflection=n)	pos=BW,feat.form=-n
655	_	pos=BW,feat.form=-r/-re
656	_	pos=BW,feat.form=-a
659	_	pos=BW
690	ADV(advType=pronominal,type=other,inflection=0)	pos=BW,feat.probleemgeval=true
691	ADV(advType=pronominal,type=other,inflection=e)	pos=BW,feat.probleemgeval=true,feat.form=-e
692	_	pos=BW,feat.probleemgeval=true,feat.form=-s/-th
693	_	pos=BW,feat.probleemgeval=true,feat.form=-t
694	_	pos=BW,feat.probleemgeval=true,feat.form=-n
695	_	pos=BW,feat.probleemgeval=true,feat.form=-r/-re
696	_	pos=BW,feat.probleemgeval=true,feat.form=-a
699	_	pos=BW,feat.probleemgeval=true
700	ADP(type=general,inflection=0)	pos=VZ
701	ADP(type=general,inflection=e)	pos=VZ,feat.form=-e
702	ADP(type=general,inflection=s/th)	pos=VZ,feat.form=-s/-th
703	ADP(type=general,inflection=t)	pos=VZ,feat.form=-t
704	ADP(type=general,inflection=n)	pos=VZ,feat.form=-n
705	ADP(type=general,inflection=r/re)	pos=VZ,feat.form=-r/-re
706	ADP(type=general,inflection=a)	pos=VZ,feat.form=-a
709	ADP(type=general,inflection=other)	pos=VZ
790	ADP(type=other,inflection=0)	pos=VZ
791	_	pos=VZ,feat.form=-e
792	_	pos=VZ,feat.form=-s/-th
793	_	pos=VZ,feat.form=-t
794	_	pos=VZ,feat.form=-n
795	_	pos=VZ,feat.form=-r/-re
796	_	pos=VZ,feat.form=-a
799	ADP(type=other,inflection=other)	pos=VZ
800	CON(type=coordinating,inflection=0)	pos=VG
801	CON(type=coordinating,inflection=e)	pos=VG,feat.form=-e
802	_	pos=VG,feat.form=-s/-th
803	CON(type=coordinating,inflection=t)	pos=VG,feat.form=-t
804	CON(type=coordinating,inflection=n)	pos=VG,feat.form=-n
805	_	pos=VG,feat.form=-r/-re
806	CON(type=coordinating,inflection=a)	pos=VG,feat.form=-a
809	CON(type=coordinating,inflection=other)	pos=VG
810	CON(type=subordinating,inflection=0)	pos=VG
811	CON(type=subordinating,inflection=e)	pos=VG,feat.form=-e
812	CON(type=subordinating,inflection=s/th)	pos=VG,feat.form=-s/-th
813	_	pos=VG,feat.form=-t
814	CON(type=subordinating,inflection=n)	pos=VG,feat.form=-n
815	_	pos=VG,feat.form=-r/-re
816	_	pos=VG,feat.form=-a
819	CON(type=subordinating,inflection=other)	pos=VG
820	CON(type=comparison,inflection=0)	pos=VG
821	CON(type=comparison,inflection=e)	pos=VG,feat.form=-e
822	_	pos=VG,feat.form=-s/-th
823	_	pos=VG,feat.form=-t
824	CON(type=comparison,inflection=n)	pos=VG,feat.form=-n
825	_	pos=VG,feat.form=-r/-re
826	_	pos=VG,feat.form=-a
829	CON(type=comparison,inflection=other)	pos=VG
830	CON(type=negative,inflection=0)	pos=VG
831	CON(type=negative,inflection=e)	pos=VG,feat.form=-e
832	_	pos=VG,feat.form=-s/-th
833	_	pos=VG,feat.form=-t
834	_	pos=VG,feat.form=-n
835	_	pos=VG,feat.form=-r/-re
836	_	pos=VG,feat.form=-a
839	_	pos=VG
840	CON(type=explicative,inflection=0)	pos=VG
841	CON(type=explicative,inflection=e)	pos=VG,feat.form=-e
842	_	pos=VG,feat.form=-s/-th
843	_	pos=VG,feat.form=-t
844	_	pos=VG,feat.form=-n
845	CON(type=explicative,inflection=r/re)	pos=VG,feat.form=-r/-re
846	_	pos=VG,feat.form=-a
849	_	pos=VG
850	CON(type=rel,inflection=0)	pos=VG
851	CON(type=rel,inflection=e)	pos=VG,feat.form=-e
852	_	pos=VG,feat.form=-s/-th
853	_	pos=VG,feat.form=-t
854	_	pos=VG,feat.form=-n
855	_	pos=VG,feat.form=-r/-re
856	_	pos=VG,feat.form=-a
859	CON(type=rel,inflection=other)	pos=VG
860	CON(type=quality,inflection=0)	pos=VG
861	CON(type=quality,inflection=e)	pos=VG,feat.form=-e
862	_	pos=VG,feat.form=-s/-th
863	_	pos=VG,feat.form=-t
864	_	pos=VG,feat.form=-n
865	_	pos=VG,feat.form=-r/-re
866	_	pos=VG,feat.form=-a
869	_	pos=VG
870	CON(type=subordinating,inflection=0)	pos=VG
871	CON(type=subordinating,inflection=e)	pos=VG,feat.form=-e
872	_	pos=VG,feat.form=-s/-th
873	_	pos=VG,feat.form=-t
874	_	pos=VG,feat.form=-n
875	_	pos=VG,feat.form=-r/-re
876	_	pos=VG,feat.form=-a
879	_	pos=VG
880	_	pos=VG
881	_	pos=VG,feat.form=-e
882	_	pos=VG,feat.form=-s/-th
883	_	pos=VG,feat.form=-t
884	_	pos=VG,feat.form=-n
885	_	pos=VG,feat.form=-r/-re
886	_	pos=VG,feat.form=-a
889	_	pos=VG
890	CON(type=other,inflection=0)	pos=VG,feat.probleemgeval=true
891	CON(type=other,inflection=e)	pos=VG,feat.probleemgeval=true,feat.form=-e
892	_	pos=VG,feat.probleemgeval=true,feat.form=-s/-th
893	_	pos=VG,feat.probleemgeval=true,feat.form=-t
894	_	pos=VG,feat.probleemgeval=true,feat.form=-n
895	_	pos=VG,feat.probleemgeval=true,feat.form=-r/-re
896	_	pos=VG,feat.probleemgeval=true,feat.form=-a
899	CON(type=other,inflection=other)	pos=VG,feat.probleemgeval=true
900	RES(type=other,inflection=0)	feat.probleemgeval=true
901	RES(type=other,inflection=e)	feat.probleemgeval=true,feat.form=-e
902	_	feat.probleemgeval=true,feat.form=-s/-th
903	_	feat.probleemgeval=true,feat.form=-t
904	_	feat.probleemgeval=true,feat.form=-n
905	_	feat.probleemgeval=true,feat.form=-r/-re
906	_	feat.probleemgeval=true,feat.form=-a
909	RES(type=other,inflection=other)	feat.probleemgeval=true
910	INT(type=interjection,inflection=0)	_
911	INT(type=interjection,inflection=e)	feat.form=-e
912	_	feat.form=-s/-th
913	_	feat.form=-t
914	INT(type=interjection,inflection=n)	feat.form=-n
915	_	feat.form=-r/-re
916	_	feat.form=-a
919	INT(type=interjection,inflection=other)	_
990	RES(type=other,inflection=0)	feat.probleemgeval=true
991	RES(type=other,inflection=e)	feat.probleemgeval=true,feat.form=-e
992	RES(type=other,inflection=s/th)	feat.probleemgeval=true,feat.form=-s/-th
993	_	feat.probleemgeval=true,feat.form=-t
994	RES(type=other,inflection=n)	feat.probleemgeval=true,feat.form=-n
995	_	feat.probleemgeval=true,feat.form=-r/-re
996	_	feat.probleemgeval=true,feat.form=-a
999	RES(type=other,inflection=other)	feat.probleemgeval=true
