000	pos=N,feat.getal=ev	NOU(type=common,number=sg,inflection=0)
001	pos=N,feat.getal=ev,feat.form=-e	NOU(type=common,number=sg,inflection=e)
002	pos=N,feat.getal=ev,feat.form=-s/-th	NOU(type=common,number=sg,inflection=s/th)
003	pos=N,feat.getal=ev,feat.form=-t	NOU(type=common,number=sg,inflection=t)
004	pos=N,feat.getal=ev,feat.form=-n	NOU(type=common,number=sg,inflection=n)
005	pos=N,feat.getal=ev,feat.form=-r/-re	NOU(type=common,number=sg,inflection=r/re)
006	pos=N,feat.getal=ev,feat.form=-a	NOU(type=common,number=sg,inflection=a)
009	pos=N,feat.getal=ev,feat.form=unclear	NOU(type=common,number=sg,inflection=other)
010	pos=N,feat.getal=mv	NOU(type=common,number=pl,inflection=0)
011	pos=N,feat.getal=mv,feat.form=-e	NOU(type=common,number=pl,inflection=e)
012	pos=N,feat.getal=mv,feat.form=-s/-th	NOU(type=common,number=pl,inflection=s/th)
013	pos=N,feat.getal=mv,feat.form=-t	NOU(type=common,number=pl,inflection=t)
014	pos=N,feat.getal=mv,feat.form=-n	NOU(type=common,number=pl,inflection=n)
015	pos=N,feat.getal=mv,feat.form=-r/-re	NOU(type=common,number=pl,inflection=r/re)
016	pos=N,feat.getal=mv,feat.form=-a	NOU(type=common,number=pl,inflection=a)
019	pos=N,feat.getal=mv,feat.form=unclear	NOU(type=common,number=pl,inflection=other)
020	pos=N,feat.ntype=eigen	NOU(type=proper,inflection=0)
021	pos=N,feat.ntype=eigen,feat.form=-e	NOU(type=proper,inflection=e)
022	pos=N,feat.ntype=eigen,feat.form=-s/-th	NOU(type=proper,inflection=s/th)
023	pos=N,feat.ntype=eigen,feat.form=-t	NOU(type=proper,inflection=t)
024	pos=N,feat.ntype=eigen,feat.form=-n	NOU(type=proper,inflection=n)
025	pos=N,feat.ntype=eigen,feat.form=-r/-re	NOU(type=proper,inflection=r/re)
026	pos=N,feat.ntype=eigen,feat.form=-a	NOU(type=proper,inflection=a)
029	pos=N,feat.ntype=eigen,feat.form=unclear	NOU(type=proper,inflection=other)
090	pos=N,feat.probleemgeval=true	NOU(type=other,inflection=0)
091	pos=N,feat.probleemgeval=true,feat.form=-e	NOU(type=other,inflection=e)
092	pos=N,feat.probleemgeval=true,feat.form=-s/-th	NOU(type=other,inflection=s/th)
093	pos=N,feat.probleemgeval=true,feat.form=-t	NOU(type=other,inflection=t)
094	pos=N,feat.probleemgeval=true,feat.form=-n	NOU(type=other,inflection=n)
095	pos=N,feat.probleemgeval=true,feat.form=-r/-re	NOU(type=other,inflection=r/re)
096	pos=N,feat.probleemgeval=true,feat.form=-a	NOU(type=other,inflection=a)
099	pos=N,feat.probleemgeval=true,feat.form=unclear	NOU(type=other,inflection=other)
100	pos=ADJ,feat.getal=ev	ADJ(number=sg,inflection=0)
101	pos=ADJ,feat.getal=ev,feat.form=-e	ADJ(number=sg,inflection=e)
102	pos=ADJ,feat.getal=ev,feat.form=-s/-th	ADJ(number=sg,inflection=s/th)
103	pos=ADJ,feat.getal=ev,feat.form=-t	ADJ(number=sg,inflection=t)
104	pos=ADJ,feat.getal=ev,feat.form=-n	ADJ(number=sg,inflection=n)
105	pos=ADJ,feat.getal=ev,feat.form=-r/-re	ADJ(number=sg,inflection=r/re)
106	pos=ADJ,feat.getal=ev,feat.form=-a	ADJ(number=sg,inflection=a)
109	pos=ADJ,feat.getal=ev	ADJ(number=sg,inflection=other)
110	pos=ADJ,feat.getal=mv	ADJ(number=pl,inflection=0)
111	pos=ADJ,feat.getal=mv,feat.form=-e	ADJ(number=pl,inflection=e)
112	pos=ADJ,feat.getal=mv,feat.form=-s/-th	ADJ(number=pl,inflection=s/th)
113	pos=ADJ,feat.getal=mv,feat.form=-t	ADJ(number=pl,inflection=t)
114	pos=ADJ,feat.getal=mv,feat.form=-n	ADJ(number=pl,inflection=n)
115	pos=ADJ,feat.getal=mv,feat.form=-r/-re	ADJ(number=pl,inflection=r/re)
116	pos=ADJ,feat.getal=mv,feat.form=-a	ADJ(number=pl,inflection=a)
119	pos=ADJ,feat.getal=mv	ADJ(number=pl,inflection=other)
190	pos=ADJ,feat.probleemgeval=true	ADJ(number=other,inflection=0)
191	pos=ADJ,feat.probleemgeval=true,feat.form=-e	ADJ(number=other,inflection=e)
192	pos=ADJ,feat.probleemgeval=true,feat.form=-s/-th	ADJ(number=other,inflection=s/th)
193	pos=ADJ,feat.probleemgeval=true,feat.form=-t	ADJ(number=other,inflection=t)
194	pos=ADJ,feat.probleemgeval=true,feat.form=-n	ADJ(number=other,inflection=n)
195	pos=ADJ,feat.probleemgeval=true,feat.form=-r/-re	ADJ(number=other,inflection=r/re)
196	pos=ADJ,feat.probleemgeval=true,feat.form=-a	ADJ(number=other,inflection=a)
199	pos=ADJ,feat.probleemgeval=true	ADJ(number=other,inflection=other)
200	pos=WW,feat.pvtijd=tgw	VRB(type=main,finiteness=finite,tense=present,inflection=0)
201	pos=WW,feat.pvtijd=tgw,feat.form=-e	VRB(type=main,finiteness=finite,tense=present,inflection=e)
202	pos=WW,feat.pvtijd=tgw,feat.form=-s/-th	VRB(type=main,finiteness=finite,tense=present,inflection=s/th)
203	pos=WW,feat.pvtijd=tgw,feat.form=-t	VRB(type=main,finiteness=finite,tense=present,inflection=t)
204	pos=WW,feat.pvtijd=tgw,feat.form=-n	VRB(type=main,finiteness=finite,tense=present,inflection=n)
205	pos=WW,feat.pvtijd=tgw,feat.form=-r/-re	VRB(type=main,finiteness=finite,tense=present,inflection=r/re)
206	pos=WW,feat.pvtijd=tgw,feat.form=-a	VRB(type=main,finiteness=finite,tense=present,inflection=a)
209	pos=WW,feat.pvtijd=tgw	VRB(type=main,finiteness=finite,tense=present,inflection=other)
210	pos=WW,feat.pvtijd=tgw	VRB(type=auxiliary,finiteness=finite,tense=present,inflection=0)
211	pos=WW,feat.pvtijd=tgw,feat.form=-e	VRB(type=auxiliary,finiteness=finite,tense=present,inflection=e)
212	pos=WW,feat.pvtijd=tgw,feat.form=-s/-th	VRB(type=auxiliary,finiteness=finite,tense=present,inflection=s/th)
213	pos=WW,feat.pvtijd=tgw,feat.form=-t	VRB(type=auxiliary,finiteness=finite,tense=present,inflection=t)
214	pos=WW,feat.pvtijd=tgw,feat.form=-n	VRB(type=auxiliary,finiteness=finite,tense=present,inflection=n)
215	pos=WW,feat.pvtijd=tgw,feat.form=-r/-re	VRB(type=auxiliary,finiteness=finite,tense=present,inflection=r/re)
216	pos=WW,feat.pvtijd=tgw,feat.form=-a	VRB(type=auxiliary,finiteness=finite,tense=present,inflection=a)
219	pos=WW,feat.pvtijd=tgw	VRB(type=auxiliary,finiteness=finite,tense=present,inflection=other)
220	pos=WW,feat.pvtijd=verl	VRB(type=main,finiteness=finite,tense=past,inflection=0)
221	pos=WW,feat.pvtijd=verl,feat.form=-e	VRB(type=main,finiteness=finite,tense=past,inflection=e)
222	pos=WW,feat.pvtijd=verl,feat.form=-s/-th	VRB(type=main,finiteness=finite,tense=past,inflection=s/th)
223	pos=WW,feat.pvtijd=verl,feat.form=-t	VRB(type=main,finiteness=finite,tense=past,inflection=t)
224	pos=WW,feat.pvtijd=verl,feat.form=-n	VRB(type=main,finiteness=finite,tense=past,inflection=n)
225	pos=WW,feat.pvtijd=verl,feat.form=-r/-re	VRB(type=main,finiteness=finite,tense=past,inflection=r/re)
226	pos=WW,feat.pvtijd=verl,feat.form=-a	VRB(type=main,finiteness=finite,tense=past,inflection=a)
229	pos=WW,feat.pvtijd=verl	VRB(type=main,finiteness=finite,tense=past,inflection=other)
230	pos=WW,feat.pvtijd=verl	VRB(type=auxiliary,finiteness=finite,tense=past,inflection=0)
231	pos=WW,feat.pvtijd=verl,feat.form=-e	VRB(type=auxiliary,finiteness=finite,tense=past,inflection=e)
232	pos=WW,feat.pvtijd=verl,feat.form=-s/-th	VRB(type=auxiliary,finiteness=finite,tense=past,inflection=s/th)
233	pos=WW,feat.pvtijd=verl,feat.form=-t	VRB(type=auxiliary,finiteness=finite,tense=past,inflection=t)
234	pos=WW,feat.pvtijd=verl,feat.form=-n	VRB(type=auxiliary,finiteness=finite,tense=past,inflection=n)
235	pos=WW,feat.pvtijd=verl,feat.form=-r/-re	VRB(type=auxiliary,finiteness=finite,tense=past,inflection=r/re)
236	pos=WW,feat.pvtijd=verl,feat.form=-a	VRB(type=auxiliary,finiteness=finite,tense=past,inflection=a)
239	pos=WW,feat.pvtijd=verl	VRB(type=auxiliary,finiteness=finite,tense=past,inflection=other)
240	pos=WW	VRB(type=-,finiteness=finite,mood=imperative,inflection=0)
241	pos=WW,feat.form=-e	VRB(type=-,finiteness=finite,mood=imperative,inflection=e)
242	pos=WW,feat.form=-s/-th	VRB(type=-,finiteness=finite,mood=imperative,inflection=s/th)
243	pos=WW,feat.form=-t	VRB(type=-,finiteness=finite,mood=imperative,inflection=t)
244	pos=WW,feat.form=-n	VRB(type=-,finiteness=finite,mood=imperative,inflection=n)
245	pos=WW,feat.form=-r/-re	VRB(type=-,finiteness=finite,mood=imperative,inflection=r/re)
246	pos=WW,feat.form=-a	VRB(type=-,finiteness=finite,mood=imperative,inflection=a)
249	pos=WW	VRB(type=-,finiteness=finite,mood=imperative,inflection=other)
250	pos=WW,feat.wvorm=inf	VRB(type=main,finiteness=finite,inflection=0)
251	pos=WW,feat.wvorm=inf,feat.form=-e	VRB(type=main,finiteness=finite,inflection=e)
252	pos=WW,feat.wvorm=inf,feat.form=-s/-th	VRB(type=main,finiteness=finite,inflection=s/th)
253	pos=WW,feat.wvorm=inf,feat.form=-t	VRB(type=main,finiteness=finite,inflection=t)
254	pos=WW,feat.wvorm=inf,feat.form=-n	VRB(type=main,finiteness=finite,inflection=n)
255	pos=WW,feat.wvorm=inf,feat.form=-r/-re	VRB(type=main,finiteness=finite,inflection=r/re)
256	pos=WW,feat.wvorm=inf,feat.form=-a	VRB(type=main,finiteness=finite,inflection=a)
259	pos=WW,feat.wvorm=inf	VRB(type=main,finiteness=finite,inflection=other)
260	pos=WW,feat.wvorm=inf	VRB(type=auxiliary,finiteness=inf/ger,inflection=0)
261	pos=WW,feat.wvorm=inf,feat.form=-e	VRB(type=auxiliary,finiteness=inf/ger,inflection=e)
262	pos=WW,feat.wvorm=inf,feat.form=-s/-th	VRB(type=auxiliary,finiteness=inf/ger,inflection=s/th)
263	pos=WW,feat.wvorm=inf,feat.form=-t	VRB(type=auxiliary,finiteness=inf/ger,inflection=t)
264	pos=WW,feat.wvorm=inf,feat.form=-n	VRB(type=auxiliary,finiteness=inf/ger,inflection=n)
265	pos=WW,feat.wvorm=inf,feat.form=-r/-re	VRB(type=auxiliary,finiteness=inf/ger,inflection=r/re)
266	pos=WW,feat.wvorm=inf,feat.form=-a	VRB(type=auxiliary,finiteness=inf/ger,inflection=a)
269	pos=WW,feat.wvorm=inf	VRB(type=auxiliary,finiteness=inf/ger,inflection=other)
270	pos=WW	VRB(type=main,finiteness=part,inflection=0)
271	pos=WW,feat.form=-e	VRB(type=main,finiteness=part,inflection=e)
272	pos=WW,feat.form=-s/-th	VRB(type=main,finiteness=part,inflection=s/th)
273	pos=WW,feat.form=-t	VRB(type=main,finiteness=part,inflection=t)
274	pos=WW,feat.form=-n	VRB(type=main,finiteness=part,inflection=n)
275	pos=WW,feat.form=-r/-re	VRB(type=main,finiteness=part,inflection=r/re)
276	pos=WW,feat.form=-a	VRB(type=main,finiteness=part,inflection=a)
279	pos=WW	VRB(type=main,finiteness=part,inflection=other)
280	pos=WW	VRB(type=auxiliary,finiteness=part,inflection=0)
281	pos=WW,feat.form=-e	VRB(type=auxiliary,finiteness=part,inflection=e)
282	pos=WW,feat.form=-s/-th	VRB(type=auxiliary,finiteness=part,inflection=s/th)
283	pos=WW,feat.form=-t	VRB(type=auxiliary,finiteness=part,inflection=t)
284	pos=WW,feat.form=-n	VRB(type=auxiliary,finiteness=part,inflection=n)
285	pos=WW,feat.form=-r/-re	VRB(type=auxiliary,finiteness=part,inflection=r/re)
286	pos=WW,feat.form=-a	VRB(type=auxiliary,finiteness=part,inflection=a)
289	pos=WW	VRB(type=auxiliary,finiteness=part,inflection=other)
290	pos=WW,feat.probleemgeval=true	VRB(type=other,inflection=0)
291	pos=WW,feat.probleemgeval=true,feat.form=-e	VRB(type=other,inflection=e)
292	pos=WW,feat.probleemgeval=true,feat.form=-s/-th	VRB(type=other,inflection=s/th)
293	pos=WW,feat.probleemgeval=true,feat.form=-t	VRB(type=other,inflection=t)
294	pos=WW,feat.probleemgeval=true,feat.form=-n	VRB(type=other,inflection=n)
295	pos=WW,feat.probleemgeval=true,feat.form=-r/-re	VRB(type=other,inflection=r/re)
296	pos=WW,feat.probleemgeval=true,feat.form=-a	VRB(type=other,inflection=a)
299	pos=WW,feat.probleemgeval=true	VRB(type=other,inflection=other)
300	pos=TW,feat.numtype=hoofd	NUM(type=cardinal,inflection=0)
301	pos=TW,feat.numtype=hoofd,feat.form=-e	NUM(type=cardinal,inflection=e)
302	pos=TW,feat.numtype=hoofd,feat.form=-s/-th	NUM(type=cardinal,inflection=s/th)
303	pos=TW,feat.numtype=hoofd,feat.form=-t	NUM(type=cardinal,inflection=t)
304	pos=TW,feat.numtype=hoofd,feat.form=-n	NUM(type=cardinal,inflection=n)
305	pos=TW,feat.numtype=hoofd,feat.form=-r/-re	NUM(type=cardinal,inflection=r/re)
306	pos=TW,feat.numtype=hoofd,feat.form=-a	NUM(type=cardinal,inflection=a)
309	pos=TW,feat.numtype=hoofd	NUM(type=cardinal,inflection=other)
310	pos=TW,feat.numtype=rang	NUM(type=ordinal,inflection=0)
311	pos=TW,feat.numtype=rang,feat.form=-e	NUM(type=ordinal,inflection=e)
312	pos=TW,feat.numtype=rang,feat.form=-s/-th	NUM(type=ordinal,inflection=s/th)
313	pos=TW,feat.numtype=rang,feat.form=-t	NUM(type=ordinal,inflection=t)
314	pos=TW,feat.numtype=rang,feat.form=-n	NUM(type=ordinal,inflection=n)
315	pos=TW,feat.numtype=rang,feat.form=-r/-re	NUM(type=ordinal,inflection=r/re)
316	pos=TW,feat.numtype=rang,feat.form=-a	NUM(type=ordinal,inflection=a)
319	pos=TW,feat.numtype=rang	NUM(type=ordinal,inflection=other)
320	pos=TW	NUM(type=indefinite,inflection=0)
321	pos=TW,feat.form=-e	NUM(type=indefinite,inflection=e)
322	pos=TW,feat.form=-s/-th	NUM(type=indefinite,inflection=s/th)
323	pos=TW,feat.form=-t	NUM(type=indefinite,inflection=t)
324	pos=TW,feat.form=-n	NUM(type=indefinite,inflection=n)
325	pos=TW,feat.form=-r/-re	NUM(type=indefinite,inflection=r/re)
326	pos=TW,feat.form=-a	NUM(type=indefinite,inflection=a)
329	pos=TW	NUM(type=indefinite,inflection=other)
390	pos=TW,feat.probleemgeval=true	NUM(type=other,inflection=0)
391	pos=TW,feat.probleemgeval=true,feat.form=-e	NUM(type=other,inflection=e)
392	pos=TW,feat.probleemgeval=true,feat.form=-s/-th	NUM(type=other,inflection=s/th)
393	pos=TW,feat.probleemgeval=true,feat.form=-t	NUM(type=other,inflection=t)
394	pos=TW,feat.probleemgeval=true,feat.form=-n	NUM(type=other,inflection=n)
395	pos=TW,feat.probleemgeval=true,feat.form=-r/-re	NUM(type=other,inflection=r/re)
396	pos=TW,feat.probleemgeval=true,feat.form=-a	NUM(type=other,inflection=a)
399	pos=TW,feat.probleemgeval=true	NUM(type=other,inflection=other)
401	pos=VNW,feat.getal=ev,feat.persoon=1	PD(type=pers,person=1,number=sg)
402	pos=VNW,feat.getal=ev,feat.persoon=2	PD(type=pers,person=2,number=sg)
403	pos=VNW,feat.getal=ev,feat.persoon=3	PD(type=pers,person=3,number=sg)
404	pos=VNW,feat.getal=mv,feat.persoon=1	PD(type=pers,person=1,number=pl)
405	pos=VNW,feat.getal=mv,feat.persoon=2	PD(type=pers,person=2,number=pl)
406	pos=VNW,feat.getal=mv,feat.persoon=3	PD(type=pers,person=3,number=pl)
409	pos=VNW,feat.probleemgeval=true	PD(type=pers,other)
410	pos=VNW,feat.vwtype=aanw	PD(type=dem,inflection=0)
411	pos=VNW,feat.vwtype=aanw,feat.form=-e	PD(type=dem,inflection=e)
412	pos=VNW,feat.vwtype=aanw,feat.form=-s/-th	PD(type=dem,inflection=s/th)
413	pos=VNW,feat.vwtype=aanw,feat.form=-t	PD(type=dem,inflection=t)
414	pos=VNW,feat.vwtype=aanw,feat.form=-n	PD(type=dem,inflection=n)
415	pos=VNW,feat.vwtype=aanw,feat.form=-r/-re	PD(type=dem,inflection=r/re)
416	pos=VNW,feat.vwtype=aanw,feat.form=-a	PD(type=dem,inflection=a)
419	pos=VNW,feat.vwtype=aanw	PD(type=dem,inflection=other)
420	pos=VNW,feat.vwtype=betr	PD(type=rel,inflection=0)
421	pos=VNW,feat.vwtype=betr,feat.form=-e	PD(type=rel,inflection=e)
422	pos=VNW,feat.vwtype=betr,feat.form=-s/-th	PD(type=rel,inflection=s/th)
423	pos=VNW,feat.vwtype=betr,feat.form=-t	PD(type=rel,inflection=t)
424	pos=VNW,feat.vwtype=betr,feat.form=-n	PD(type=rel,inflection=n)
425	pos=VNW,feat.vwtype=betr,feat.form=-r/-re	PD(type=rel,inflection=r/re)
426	pos=VNW,feat.vwtype=betr,feat.form=-a	PD(type=rel,inflection=a)
429	pos=VNW,feat.vwtype=betr	PD(type=rel,inflection=other)
430	pos=VNW,feat.vwtype=vb	PD(type=int,inflection=0)
431	pos=VNW,feat.vwtype=vb,feat.form=-e	PD(type=int,inflection=e)
432	pos=VNW,feat.vwtype=vb,feat.form=-s/-th	PD(type=int,inflection=s/th)
433	pos=VNW,feat.vwtype=vb,feat.form=-t	PD(type=int,inflection=t)
434	pos=VNW,feat.vwtype=vb,feat.form=-n	PD(type=int,inflection=n)
435	pos=VNW,feat.vwtype=vb,feat.form=-r/-re	PD(type=int,inflection=r/re)
436	pos=VNW,feat.vwtype=vb,feat.form=-a	PD(type=int,inflection=a)
439	pos=VNW,feat.vwtype=vb	PD(type=int,inflection=other)
440	pos=VNW,feat.lwtype=onbep	PD(type=indef,inflection=0)
441	pos=VNW,feat.vwtype=vb,feat.lwtype=onbep,feat.form=-e	PD(type=indef,inflection=e)
442	pos=VNW,feat.vwtype=vb,feat.lwtype=onbep,feat.form=-s/-th	PD(type=indef,inflection=s/th)
443	pos=VNW,feat.vwtype=vb,feat.lwtype=onbep,feat.form=-t	PD(type=indef,inflection=t)
444	pos=VNW,feat.vwtype=vb,feat.lwtype=onbep,feat.form=-n	PD(type=indef,inflection=n)
445	pos=VNW,feat.vwtype=vb,feat.lwtype=onbep,feat.form=-r/-re	PD(type=indef,inflection=r/re)
446	pos=VNW,feat.vwtype=vb,feat.lwtype=onbep,feat.form=-a	PD(type=indef,inflection=a)
449	pos=VNW,feat.vwtype=vb,feat.lwtype=onbep	PD(type=indef,inflection=other)
450	pos=VNW,feat.vwtype=bez	PD(type=poss,inflection=0)
451	pos=VNW,feat.vwtype=bez,feat.form=-e	PD(type=poss,inflection=e)
452	pos=VNW,feat.vwtype=bez,feat.form=-s/-th	PD(type=poss,inflection=s/th)
453	pos=VNW,feat.vwtype=bez,feat.form=-t	PD(type=poss,inflection=t)
454	pos=VNW,feat.vwtype=bez,feat.form=-n	PD(type=poss,inflection=n)
455	pos=VNW,feat.vwtype=bez,feat.form=-r/-re	PD(type=poss,inflection=r/re)
456	pos=VNW,feat.vwtype=bez,feat.form=-a	PD(type=poss,inflection=a)
459	pos=VNW,feat.vwtype=bez	PD(type=poss,inflection=other)
461	pos=VNW,feat.vwtype=refl,feat.getal=ev,feat.persoon=1	PD(type=refl/recp,person=1,number=sg)
462	pos=VNW,feat.vwtype=refl,feat.getal=ev,feat.persoon=2	PD(type=refl/recp,person=2,number=sg)
463	pos=VNW,feat.vwtype=refl,feat.getal=ev,feat.persoon=3	PD(type=refl/recp,person=3,number=sg)
464	pos=VNW,feat.vwtype=refl,feat.getal=mv,feat.persoon=1	PD(type=refl/recp,person=1,number=pl)
465	pos=VNW,feat.vwtype=refl,feat.getal=mv,feat.persoon=2	PD(type=refl/recp,person=2,number=pl)
466	pos=VNW,feat.vwtype=refl,feat.getal=mv,feat.persoon=3	PD(type=refl/recp,person=3,number=pl)
469	pos=VNW,feat.vwtype=refl,feat.probleemgeval=true	PD(type=refl/recp,other)
470	pos=LID	PD(type=art,subtype=def,inflection=0)
471	pos=LID,feat.form=-e	PD(type=art,subtype=def,inflection=e)
472	pos=LID,feat.form=-s/-th	PD(type=art,subtype=def,inflection=s/th)
473	pos=LID,feat.form=-t	PD(type=art,subtype=def,inflection=t)
474	pos=LID,feat.form=-n	PD(type=art,subtype=def,inflection=n)
475	pos=LID,feat.form=-r/-re	PD(type=art,subtype=def,inflection=r/re)
476	pos=LID,feat.form=-a	PD(type=art,subtype=def,inflection=a)
479	pos=LID	PD(type=art,subtype=def,inflection=other)
480	pos=LID	PD(type=art,subtype=indef,inflection=0)
481	pos=LID,feat.form=-e	PD(type=art,subtype=indef,inflection=e)
482	pos=LID,feat.form=-s/-th	PD(type=art,subtype=indef,inflection=s/th)
483	pos=LID,feat.form=-t	PD(type=art,subtype=indef,inflection=t)
484	pos=LID,feat.form=-n	PD(type=art,subtype=indef,inflection=n)
485	pos=LID,feat.form=-r/-re	PD(type=art,subtype=indef,inflection=r/re)
486	pos=LID,feat.form=-a	PD(type=art,subtype=indef,inflection=a)
489	pos=LID	PD(type=art,subtype=indef,inflection=other)
490	pos=VNW,feat.probleemgeval=true	PD(type=other,inflection=0)
491	pos=VNW,feat.probleemgeval=true,feat.form=-e	PD(type=other,inflection=e)
492	pos=VNW,feat.probleemgeval=true,feat.form=-s/-th	PD(type=other,inflection=s/th)
493	pos=VNW,feat.probleemgeval=true,feat.form=-t	PD(type=other,inflection=t)
494	pos=VNW,feat.probleemgeval=true,feat.form=-n	PD(type=other,inflection=n)
495	pos=VNW,feat.probleemgeval=true,feat.form=-r/-re	PD(type=other,inflection=r/re)
496	pos=VNW,feat.probleemgeval=true,feat.form=-a	PD(type=other,inflection=a)
499	pos=VNW,feat.probleemgeval=true	PD(type=other,inflection=other)
500	pos=BW	ADV(type=general,inflection=0)
501	pos=BW,feat.form=-e	ADV(type=general,inflection=e)
502	pos=BW,feat.form=-s/-th	ADV(type=general,inflection=s/th)
503	pos=BW,feat.form=-t	ADV(type=general,inflection=t)
504	pos=BW,feat.form=-n	ADV(type=general,inflection=n)
505	pos=BW,feat.form=-r/-re	ADV(type=general,inflection=r/re)
506	pos=BW,feat.form=-a	ADV(type=general,inflection=a)
509	pos=BW	ADV(type=general,inflection=other)
510	pos=BW	ADV(type=dem,inflection=0)
511	pos=BW,feat.form=-e	ADV(type=dem,inflection=e)
512	pos=BW,feat.form=-s/-th	ADV(type=dem,inflection=s/th)
513	pos=BW,feat.form=-t	ADV(type=dem,inflection=t)
514	pos=BW,feat.form=-n	ADV(type=dem,inflection=n)
515	pos=BW,feat.form=-r/-re	ADV(type=dem,inflection=r/re)
516	pos=BW,feat.form=-a	ADV(type=dem,inflection=a)
519	pos=BW	ADV(type=dem,inflection=other)
520	pos=BW	ADV(type=rel,inflection=0)
521	pos=BW,feat.form=-e	ADV(type=rel,inflection=e)
522	pos=BW,feat.form=-s/-th	ADV(type=rel,inflection=s/th)
523	pos=BW,feat.form=-t	ADV(type=rel,inflection=t)
524	pos=BW,feat.form=-n	ADV(type=rel,inflection=n)
525	pos=BW,feat.form=-r/-re	ADV(type=rel,inflection=r/re)
526	pos=BW,feat.form=-a	ADV(type=rel,inflection=a)
529	pos=BW	ADV(type=rel,inflection=other)
530	pos=BW	ADV(type=int,inflection=0)
531	pos=BW,feat.form=-e	ADV(type=int,inflection=e)
532	pos=BW,feat.form=-s/-th	ADV(type=int,inflection=s/th)
533	pos=BW,feat.form=-t	ADV(type=int,inflection=t)
534	pos=BW,feat.form=-n	ADV(type=int,inflection=n)
535	pos=BW,feat.form=-r/-re	ADV(type=int,inflection=r/re)
536	pos=BW,feat.form=-a	ADV(type=int,inflection=a)
539	pos=BW	ADV(type=int,inflection=other)
540	pos=BW	ADV(type=indef,inflection=0)
541	pos=BW,feat.form=-e	ADV(type=indef,inflection=e)
542	pos=BW,feat.form=-s/-th	ADV(type=indef,inflection=s/th)
543	pos=BW,feat.form=-t	ADV(type=indef,inflection=t)
544	pos=BW,feat.form=-n	ADV(type=indef,inflection=n)
545	pos=BW,feat.form=-r/-re	ADV(type=indef,inflection=r/re)
546	pos=BW,feat.form=-a	ADV(type=indef,inflection=a)
549	pos=BW	ADV(type=indef,inflection=other)
550	pos=BW	ADV(type=resumptive,inflection=0)
551	pos=BW,feat.form=-e	ADV(type=resumptive,inflection=e)
552	pos=BW,feat.form=-s/-th	ADV(type=resumptive,inflection=s/th)
553	pos=BW,feat.form=-t	ADV(type=resumptive,inflection=t)
554	pos=BW,feat.form=-n	ADV(type=resumptive,inflection=n)
555	pos=BW,feat.form=-r/-re	ADV(type=resumptive,inflection=r/re)
556	pos=BW,feat.form=-a	ADV(type=resumptive,inflection=a)
559	pos=BW	ADV(type=resumptive,inflection=other)
560	pos=BW	ADV(type=negative,inflection=0)
561	pos=BW,feat.form=-e	ADV(type=negative,inflection=e)
562	pos=BW,feat.form=-s/-th	ADV(type=negative,inflection=s/th)
563	pos=BW,feat.form=-t	ADV(type=negative,inflection=t)
564	pos=BW,feat.form=-n	ADV(type=negative,inflection=n)
565	pos=BW,feat.form=-r/-re	ADV(type=negative,inflection=r/re)
566	pos=BW,feat.form=-a	ADV(type=negative,inflection=a)
569	pos=BW	ADV(type=negative,inflection=other)
590	pos=BW,feat.probleemgeval=true	ADV(type=other,inflection=0)
591	pos=BW,feat.probleemgeval=true,feat.form=-e	ADV(type=other,inflection=e)
592	pos=BW,feat.probleemgeval=true,feat.form=-s/-th	ADV(type=other,inflection=s/th)
593	pos=BW,feat.probleemgeval=true,feat.form=-t	ADV(type=other,inflection=t)
594	pos=BW,feat.probleemgeval=true,feat.form=-n	ADV(type=other,inflection=n)
595	pos=BW,feat.probleemgeval=true,feat.form=-r/-re	ADV(type=other,inflection=r/re)
596	pos=BW,feat.probleemgeval=true,feat.form=-a	ADV(type=other,inflection=a)
599	pos=BW,feat.probleemgeval=true	ADV(type=other,inflection=other)
600	pos=BW	ADV(advType=pronominal,type=general,inflection=0)
601	pos=BW,feat.form=-e	ADV(advType=pronominal,type=general,inflection=e)
602	pos=BW,feat.form=-s/-th	ADV(advType=pronominal,type=general,inflection=s/th)
603	pos=BW,feat.form=-t	ADV(advType=pronominal,type=general,inflection=t)
604	pos=BW,feat.form=-n	ADV(advType=pronominal,type=general,inflection=n)
605	pos=BW,feat.form=-r/-re	ADV(advType=pronominal,type=general,inflection=r/re)
606	pos=BW,feat.form=-a	ADV(advType=pronominal,type=general,inflection=a)
609	pos=BW	ADV(advType=pronominal,type=general,inflection=other)
610	pos=BW	ADV(advType=pronominal,type=dem,inflection=0)
611	pos=BW,feat.form=-e	ADV(advType=pronominal,type=dem,inflection=e)
612	pos=BW,feat.form=-s/-th	ADV(advType=pronominal,type=dem,inflection=s/th)
613	pos=BW,feat.form=-t	ADV(advType=pronominal,type=dem,inflection=t)
614	pos=BW,feat.form=-n	ADV(advType=pronominal,type=dem,inflection=n)
615	pos=BW,feat.form=-r/-re	ADV(advType=pronominal,type=dem,inflection=r/re)
616	pos=BW,feat.form=-a	ADV(advType=pronominal,type=dem,inflection=a)
619	pos=BW	ADV(advType=pronominal,type=dem,inflection=other)
620	pos=BW	ADV(advType=pronominal,type=rel,inflection=0)
621	pos=BW,feat.form=-e	ADV(advType=pronominal,type=rel,inflection=e)
622	pos=BW,feat.form=-s/-th	ADV(advType=pronominal,type=rel,inflection=s/th)
623	pos=BW,feat.form=-t	ADV(advType=pronominal,type=rel,inflection=t)
624	pos=BW,feat.form=-n	ADV(advType=pronominal,type=rel,inflection=n)
625	pos=BW,feat.form=-r/-re	ADV(advType=pronominal,type=rel,inflection=r/re)
626	pos=BW,feat.form=-a	ADV(advType=pronominal,type=rel,inflection=a)
629	pos=BW	ADV(advType=pronominal,type=rel,inflection=other)
630	pos=BW	ADV(advType=pronominal,type=int,inflection=0)
631	pos=BW,feat.form=-e	ADV(advType=pronominal,type=int,inflection=e)
632	pos=BW,feat.form=-s/-th	ADV(advType=pronominal,type=int,inflection=s/th)
633	pos=BW,feat.form=-t	ADV(advType=pronominal,type=int,inflection=t)
634	pos=BW,feat.form=-n	ADV(advType=pronominal,type=int,inflection=n)
635	pos=BW,feat.form=-r/-re	ADV(advType=pronominal,type=int,inflection=r/re)
636	pos=BW,feat.form=-a	ADV(advType=pronominal,type=int,inflection=a)
639	pos=BW	ADV(advType=pronominal,type=int,inflection=other)
640	pos=BW	ADV(advType=pronominal,type=indef,inflection=0)
641	pos=BW,feat.form=-e	ADV(advType=pronominal,type=indef,inflection=e)
642	pos=BW,feat.form=-s/-th	ADV(advType=pronominal,type=indef,inflection=s/th)
643	pos=BW,feat.form=-t	ADV(advType=pronominal,type=indef,inflection=t)
644	pos=BW,feat.form=-n	ADV(advType=pronominal,type=indef,inflection=n)
645	pos=BW,feat.form=-r/-re	ADV(advType=pronominal,type=indef,inflection=r/re)
646	pos=BW,feat.form=-a	ADV(advType=pronominal,type=indef,inflection=a)
649	pos=BW	ADV(advType=pronominal,type=indef,inflection=other)
650	pos=BW	ADV(advType=pronominal,type=resumptive,inflection=0)
651	pos=BW,feat.form=-e	ADV(advType=pronominal,type=resumptive,inflection=e)
652	pos=BW,feat.form=-s/-th	ADV(advType=pronominal,type=resumptive,inflection=s/th)
653	pos=BW,feat.form=-t	ADV(advType=pronominal,type=resumptive,inflection=t)
654	pos=BW,feat.form=-n	ADV(advType=pronominal,type=resumptive,inflection=n)
655	pos=BW,feat.form=-r/-re	ADV(advType=pronominal,type=resumptive,inflection=r/re)
656	pos=BW,feat.form=-a	ADV(advType=pronominal,type=resumptive,inflection=a)
659	pos=BW	ADV(advType=pronominal,type=resumptive,inflection=other)
690	pos=BW,feat.probleemgeval=true	ADV(advType=pronominal,type=other,inflection=0)
691	pos=BW,feat.probleemgeval=true,feat.form=-e	ADV(advType=pronominal,type=other,inflection=e)
692	pos=BW,feat.probleemgeval=true,feat.form=-s/-th	ADV(advType=pronominal,type=other,inflection=s/th)
693	pos=BW,feat.probleemgeval=true,feat.form=-t	ADV(advType=pronominal,type=other,inflection=t)
694	pos=BW,feat.probleemgeval=true,feat.form=-n	ADV(advType=pronominal,type=other,inflection=n)
695	pos=BW,feat.probleemgeval=true,feat.form=-r/-re	ADV(advType=pronominal,type=other,inflection=r/re)
696	pos=BW,feat.probleemgeval=true,feat.form=-a	ADV(advType=pronominal,type=other,inflection=a)
699	pos=BW,feat.probleemgeval=true	ADV(advType=pronominal,type=other,inflection=other)
700	pos=VZ	ADP(type=general,inflection=0)
701	pos=VZ,feat.form=-e	ADP(type=general,inflection=e)
702	pos=VZ,feat.form=-s/-th	ADP(type=general,inflection=s/th)
703	pos=VZ,feat.form=-t	ADP(type=general,inflection=t)
704	pos=VZ,feat.form=-n	ADP(type=general,inflection=n)
705	pos=VZ,feat.form=-r/-re	ADP(type=general,inflection=r/re)
706	pos=VZ,feat.form=-a	ADP(type=general,inflection=a)
709	pos=VZ	ADP(type=general,inflection=other)
790	pos=VZ	ADP(type=other,inflection=0)
791	pos=VZ,feat.form=-e	ADP(type=other,inflection=e)
792	pos=VZ,feat.form=-s/-th	ADP(type=other,inflection=s/th)
793	pos=VZ,feat.form=-t	ADP(type=other,inflection=t)
794	pos=VZ,feat.form=-n	ADP(type=other,inflection=n)
795	pos=VZ,feat.form=-r/-re	ADP(type=other,inflection=r/re)
796	pos=VZ,feat.form=-a	ADP(type=other,inflection=a)
799	pos=VZ	ADP(type=other,inflection=other)
800	pos=VG	CON(type=coordinating,inflection=0)
801	pos=VG,feat.form=-e	CON(type=coordinating,inflection=e)
802	pos=VG,feat.form=-s/-th	CON(type=coordinating,inflection=s/th)
803	pos=VG,feat.form=-t	CON(type=coordinating,inflection=t)
804	pos=VG,feat.form=-n	CON(type=coordinating,inflection=n)
805	pos=VG,feat.form=-r/-re	CON(type=coordinating,inflection=r/re)
806	pos=VG,feat.form=-a	CON(type=coordinating,inflection=a)
809	pos=VG	CON(type=coordinating,inflection=other)
810	pos=VG	CON(type=subordinating,inflection=0)
811	pos=VG,feat.form=-e	CON(type=subordinating,inflection=e)
812	pos=VG,feat.form=-s/-th	CON(type=subordinating,inflection=s/th)
813	pos=VG,feat.form=-t	CON(type=subordinating,inflection=t)
814	pos=VG,feat.form=-n	CON(type=subordinating,inflection=n)
815	pos=VG,feat.form=-r/-re	CON(type=subordinating,inflection=r/re)
816	pos=VG,feat.form=-a	CON(type=subordinating,inflection=a)
819	pos=VG	CON(type=subordinating,inflection=other)
820	pos=VG	CON(type=comparison,inflection=0)
821	pos=VG,feat.form=-e	CON(type=comparison,inflection=e)
822	pos=VG,feat.form=-s/-th	CON(type=comparison,inflection=s/th)
823	pos=VG,feat.form=-t	CON(type=comparison,inflection=t)
824	pos=VG,feat.form=-n	CON(type=comparison,inflection=n)
825	pos=VG,feat.form=-r/-re	CON(type=comparison,inflection=r/re)
826	pos=VG,feat.form=-a	CON(type=comparison,inflection=a)
829	pos=VG	CON(type=comparison,inflection=other)
830	pos=VG	CON(type=negative,inflection=0)
831	pos=VG,feat.form=-e	CON(type=negative,inflection=e)
832	pos=VG,feat.form=-s/-th	CON(type=negative,inflection=s/th)
833	pos=VG,feat.form=-t	CON(type=negative,inflection=t)
834	pos=VG,feat.form=-n	CON(type=negative,inflection=n)
835	pos=VG,feat.form=-r/-re	CON(type=negative,inflection=r/re)
836	pos=VG,feat.form=-a	CON(type=negative,inflection=a)
839	pos=VG	CON(type=negative,inflection=other)
840	pos=VG	CON(type=explicative,inflection=0)
841	pos=VG,feat.form=-e	CON(type=explicative,inflection=e)
842	pos=VG,feat.form=-s/-th	CON(type=explicative,inflection=s/th)
843	pos=VG,feat.form=-t	CON(type=explicative,inflection=t)
844	pos=VG,feat.form=-n	CON(type=explicative,inflection=n)
845	pos=VG,feat.form=-r/-re	CON(type=explicative,inflection=r/re)
846	pos=VG,feat.form=-a	CON(type=explicative,inflection=a)
849	pos=VG	CON(type=explicative,inflection=other)
850	pos=VG	CON(type=rel,inflection=0)
851	pos=VG,feat.form=-e	CON(type=rel,inflection=e)
852	pos=VG,feat.form=-s/-th	CON(type=rel,inflection=s/th)
853	pos=VG,feat.form=-t	CON(type=rel,inflection=t)
854	pos=VG,feat.form=-n	CON(type=rel,inflection=n)
855	pos=VG,feat.form=-r/-re	CON(type=rel,inflection=r/re)
856	pos=VG,feat.form=-a	CON(type=rel,inflection=a)
859	pos=VG	CON(type=rel,inflection=other)
860	pos=VG	CON(type=quality,inflection=0)
861	pos=VG,feat.form=-e	CON(type=quality,inflection=e)
862	pos=VG,feat.form=-s/-th	CON(type=quality,inflection=s/th)
863	pos=VG,feat.form=-t	CON(type=quality,inflection=t)
864	pos=VG,feat.form=-n	CON(type=quality,inflection=n)
865	pos=VG,feat.form=-r/-re	CON(type=quality,inflection=r/re)
866	pos=VG,feat.form=-a	CON(type=quality,inflection=a)
869	pos=VG	CON(type=quality,inflection=other)
870	pos=VG	CON(type=subordinating,inflection=0)
871	pos=VG,feat.form=-e	CON(type=subordinating,inflection=e)
872	pos=VG,feat.form=-s/-th	CON(type=subordinating,inflection=s/th)
873	pos=VG,feat.form=-t	CON(type=subordinating,inflection=t)
874	pos=VG,feat.form=-n	CON(type=subordinating,inflection=n)
875	pos=VG,feat.form=-r/-re	CON(type=subordinating,inflection=r/re)
876	pos=VG,feat.form=-a	CON(type=subordinating,inflection=a)
879	pos=VG	CON(type=subordinating,inflection=other)
880	pos=VG	CON(type=,inflection=0)
881	pos=VG,feat.form=-e	CON(type=,inflection=e)
882	pos=VG,feat.form=-s/-th	CON(type=,inflection=s/th)
883	pos=VG,feat.form=-t	CON(type=,inflection=t)
884	pos=VG,feat.form=-n	CON(type=,inflection=n)
885	pos=VG,feat.form=-r/-re	CON(type=,inflection=r/re)
886	pos=VG,feat.form=-a	CON(type=,inflection=a)
889	pos=VG	CON(type=,inflection=other)
890	pos=VG,feat.probleemgeval=true	CON(type=other,inflection=0)
891	pos=VG,feat.probleemgeval=true,feat.form=-e	CON(type=other,inflection=e)
892	pos=VG,feat.probleemgeval=true,feat.form=-s/-th	CON(type=other,inflection=s/th)
893	pos=VG,feat.probleemgeval=true,feat.form=-t	CON(type=other,inflection=t)
894	pos=VG,feat.probleemgeval=true,feat.form=-n	CON(type=other,inflection=n)
895	pos=VG,feat.probleemgeval=true,feat.form=-r/-re	CON(type=other,inflection=r/re)
896	pos=VG,feat.probleemgeval=true,feat.form=-a	CON(type=other,inflection=a)
899	pos=VG,feat.probleemgeval=true	CON(type=other,inflection=other)
900	feat.probleemgeval=true	RES(type=other,inflection=0)
901	feat.probleemgeval=true,feat.form=-e	RES(type=other,inflection=e)
902	feat.probleemgeval=true,feat.form=-s/-th	RES(type=other,inflection=s/th)
903	feat.probleemgeval=true,feat.form=-t	RES(type=other,inflection=t)
904	feat.probleemgeval=true,feat.form=-n	RES(type=other,inflection=n)
905	feat.probleemgeval=true,feat.form=-r/-re	RES(type=other,inflection=r/re)
906	feat.probleemgeval=true,feat.form=-a	RES(type=other,inflection=a)
909	feat.probleemgeval=true	RES(type=other,inflection=other)
911	feat.form=-e	INT(type=interjection,inflection=e)
912	feat.form=-s/-th	INT(type=interjection,inflection=s/th)
913	feat.form=-t	INT(type=interjection,inflection=t)
914	feat.form=-n	INT(type=interjection,inflection=n)
915	feat.form=-r/-re	INT(type=interjection,inflection=r/re)
916	feat.form=-a	INT(type=interjection,inflection=a)
990	feat.probleemgeval=true	RES(type=other,inflection=0)
991	feat.probleemgeval=true,feat.form=-e	RES(type=other,inflection=e)
992	feat.probleemgeval=true,feat.form=-s/-th	RES(type=other,inflection=s/th)
993	feat.probleemgeval=true,feat.form=-t	RES(type=other,inflection=t)
994	feat.probleemgeval=true,feat.form=-n	RES(type=other,inflection=n)
995	feat.probleemgeval=true,feat.form=-r/-re	RES(type=other,inflection=r/re)
996	feat.probleemgeval=true,feat.form=-a	RES(type=other,inflection=a)
999	feat.probleemgeval=true	RES(type=other,inflection=other)
