000	NOU(type=common,number=sg,inflection=0)	(95586)
001	NOU(type=common,number=sg,inflection=e)	(94400)
002	NOU(type=common,number=sg,inflection=s/th)	(16618)
003	NOU(type=common,number=sg,inflection=t)	(3)
004	NOU(type=common,number=sg,inflection=n)	(24699)
005	NOU(type=common,number=sg,inflection=r/re)	(21)
006	NOU(type=common,number=sg,inflection=a)	(266)
009	NOU(type=common,number=sg,inflection=other)	(3710)
010	NOU(type=common,number=pl,inflection=0)	(6830)
011	NOU(type=common,number=pl,inflection=e)	(19163)
012	NOU(type=common,number=pl,inflection=s/th)	(3222)
013	NOU(type=common,number=pl,inflection=t)	(2)
014	NOU(type=common,number=pl,inflection=n)	(30411)
015	NOU(type=common,number=pl,inflection=r/re)	(123)
016	NOU(type=common,number=pl,inflection=a)	(9)
019	NOU(type=common,number=pl,inflection=other)	(14872)
020	NOU(type=proper,inflection=0)	(52654)
021	NOU(type=proper,inflection=e)	(24689)
022	NOU(type=proper,inflection=s/th)	(14817)
023	NOU(type=proper,inflection=t)	(2)
024	NOU(type=proper,inflection=n)	(10794)
025	NOU(type=proper,inflection=r/re)	(4)
026	NOU(type=proper,inflection=a)	(475)
029	NOU(type=proper,inflection=other)	(3262)
090	NOU(type=other,inflection=0)	(9)
091	NOU(type=other,inflection=e)	(27)
092	NOU(type=other,inflection=s/th)	(2)
094	NOU(type=other,inflection=n)	(28)
099	NOU(type=other,inflection=other)	(7)
100	ADJ(number=sg,inflection=0)	(25680)
101	ADJ(number=sg,inflection=e)	(22838)
102	ADJ(number=sg,inflection=s/th)	(975)
103	ADJ(number=sg,inflection=t)	(6)
104	ADJ(number=sg,inflection=n)	(9322)
105	ADJ(number=sg,inflection=r/re)	(3778)
106	ADJ(number=sg,inflection=a)	(16)
109	ADJ(number=sg,inflection=other)	(117)
110	ADJ(number=pl,inflection=0)	(1213)
111	ADJ(number=pl,inflection=e)	(6340)
112	ADJ(number=pl,inflection=s/th)	(7)
114	ADJ(number=pl,inflection=n)	(3002)
115	ADJ(number=pl,inflection=r/re)	(1534)
116	ADJ(number=pl,inflection=a)	(1)
119	ADJ(number=pl,inflection=other)	(181)
190	ADJ(number=other,inflection=0)	(1)
191	ADJ(number=other,inflection=e)	(4)
194	ADJ(number=other,inflection=n)	(2)
200	VRB(type=main,finiteness=finite,tense=present,inflection=0)	(4630)
201	VRB(type=main,finiteness=finite,tense=present,inflection=e)	(3546)
202	VRB(type=main,finiteness=finite,tense=present,inflection=s/th)	(497)
203	VRB(type=main,finiteness=finite,tense=present,inflection=t)	(22479)
204	VRB(type=main,finiteness=finite,tense=present,inflection=n)	(11537)
205	VRB(type=main,finiteness=finite,tense=present,inflection=r/re)	(1)
209	VRB(type=main,finiteness=finite,tense=present,inflection=other)	(30)
210	VRB(type=auxiliary,finiteness=finite,tense=present,inflection=0)	(24348)
211	VRB(type=auxiliary,finiteness=finite,tense=present,inflection=e)	(2562)
212	VRB(type=auxiliary,finiteness=finite,tense=present,inflection=s/th)	(253)
213	VRB(type=auxiliary,finiteness=finite,tense=present,inflection=t)	(6198)
214	VRB(type=auxiliary,finiteness=finite,tense=present,inflection=n)	(11666)
219	VRB(type=auxiliary,finiteness=finite,tense=present,inflection=other)	(6)
220	VRB(type=main,finiteness=finite,tense=past,inflection=0)	(18937)
221	VRB(type=main,finiteness=finite,tense=past,inflection=e)	(15889)
222	VRB(type=main,finiteness=finite,tense=past,inflection=s/th)	(94)
223	VRB(type=main,finiteness=finite,tense=past,inflection=t)	(417)
224	VRB(type=main,finiteness=finite,tense=past,inflection=n)	(10640)
225	VRB(type=main,finiteness=finite,tense=past,inflection=r/re)	(1)
226	VRB(type=main,finiteness=finite,tense=past,inflection=a)	(2)
229	VRB(type=main,finiteness=finite,tense=past,inflection=other)	(38)
230	VRB(type=auxiliary,finiteness=finite,tense=past,inflection=0)	(12428)
231	VRB(type=auxiliary,finiteness=finite,tense=past,inflection=e)	(7832)
232	VRB(type=auxiliary,finiteness=finite,tense=past,inflection=s/th)	(70)
233	VRB(type=auxiliary,finiteness=finite,tense=past,inflection=t)	(172)
234	VRB(type=auxiliary,finiteness=finite,tense=past,inflection=n)	(4409)
235	VRB(type=auxiliary,finiteness=finite,tense=past,inflection=r/re)	(1)
239	VRB(type=auxiliary,finiteness=finite,tense=past,inflection=other)	(10)
240	VRB(type=-,finiteness=finite,mood=imperative,inflection=0)	(1192)
241	VRB(type=-,finiteness=finite,mood=imperative,inflection=e)	(270)
242	VRB(type=-,finiteness=finite,mood=imperative,inflection=s/th)	(7)
243	VRB(type=-,finiteness=finite,mood=imperative,inflection=t)	(2028)
244	VRB(type=-,finiteness=finite,mood=imperative,inflection=n)	(6)
249	VRB(type=-,finiteness=finite,mood=imperative,inflection=other)	(5)
250	VRB(type=main,finiteness=finite,inflection=0)	(32992)
251	VRB(type=main,finiteness=finite,inflection=e)	(12015)
252	VRB(type=main,finiteness=finite,inflection=s/th)	(6)
253	VRB(type=main,finiteness=finite,inflection=t)	(2)
254	VRB(type=main,finiteness=finite,inflection=n)	(12)
256	VRB(type=main,finiteness=finite,inflection=a)	(11)
259	VRB(type=main,finiteness=finite,inflection=other)	(46)
260	VRB(type=auxiliary,finiteness=inf/ger,inflection=0)	(3227)
261	VRB(type=auxiliary,finiteness=inf/ger,inflection=e)	(280)
264	VRB(type=auxiliary,finiteness=inf/ger,inflection=n)	(2)
269	VRB(type=auxiliary,finiteness=inf/ger,inflection=other)	(2)
270	VRB(type=main,finiteness=part,inflection=0)	(35)
271	VRB(type=main,finiteness=part,inflection=e)	(3165)
272	VRB(type=main,finiteness=part,inflection=s/th)	(38)
273	VRB(type=main,finiteness=part,inflection=t)	(11135)
274	VRB(type=main,finiteness=part,inflection=n)	(13477)
276	VRB(type=main,finiteness=part,inflection=a)	(3)
279	VRB(type=main,finiteness=part,inflection=other)	(30)
280	VRB(type=auxiliary,finiteness=part,inflection=0)	(1)
281	VRB(type=auxiliary,finiteness=part,inflection=e)	(10)
282	VRB(type=auxiliary,finiteness=part,inflection=s/th)	(1)
283	VRB(type=auxiliary,finiteness=part,inflection=t)	(113)
284	VRB(type=auxiliary,finiteness=part,inflection=n)	(191)
285	VRB(type=auxiliary,finiteness=part,inflection=r/re)	(1)
290	VRB(type=other,inflection=0)	(11)
291	VRB(type=other,inflection=e)	(7)
293	VRB(type=other,inflection=t)	(5)
294	VRB(type=other,inflection=n)	(6)
299	VRB(type=other,inflection=other)	(15)
300	NUM(type=cardinal,inflection=0)	(8062)
301	NUM(type=cardinal,inflection=e)	(3531)
302	NUM(type=cardinal,inflection=s/th)	(22)
303	NUM(type=cardinal,inflection=t)	(7)
304	NUM(type=cardinal,inflection=n)	(2254)
305	NUM(type=cardinal,inflection=r/re)	(283)
309	NUM(type=cardinal,inflection=other)	(30732)
310	NUM(type=ordinal,inflection=0)	(949)
311	NUM(type=ordinal,inflection=e)	(798)
312	NUM(type=ordinal,inflection=s/th)	(46)
314	NUM(type=ordinal,inflection=n)	(889)
315	NUM(type=ordinal,inflection=r/re)	(78)
319	NUM(type=ordinal,inflection=other)	(339)
320	NUM(type=indefinite,inflection=0)	(8512)
321	NUM(type=indefinite,inflection=e)	(4682)
322	NUM(type=indefinite,inflection=s/th)	(738)
323	NUM(type=indefinite,inflection=t)	(4)
324	NUM(type=indefinite,inflection=n)	(4894)
325	NUM(type=indefinite,inflection=r/re)	(1788)
329	NUM(type=indefinite,inflection=other)	(6)
394	NUM(type=other,inflection=n)	(1)
395	NUM(type=other,inflection=r/re)	(1)
399	NUM(type=other,inflection=other)	(3)
401	PD(type=pers,person=1,number=sg)	(10075)
402	PD(type=pers,person=2,number=sg)	(2072)
403	PD(type=pers,person=3,number=sg)	(49600)
404	PD(type=pers,person=1,number=pl)	(12563)
405	PD(type=pers,person=2,number=pl)	(5525)
406	PD(type=pers,person=3,number=pl)	(14287)
409	PD(type=pers,other)	(15)
410	PD(type=dem,inflection=0)	(13681)
411	PD(type=dem,inflection=e)	(13760)
412	PD(type=dem,inflection=s/th)	(2531)
413	PD(type=dem,inflection=t)	(42)
414	PD(type=dem,inflection=n)	(9932)
415	PD(type=dem,inflection=r/re)	(2716)
419	PD(type=dem,inflection=other)	(146)
420	PD(type=rel,inflection=0)	(6482)
421	PD(type=rel,inflection=e)	(20199)
422	PD(type=rel,inflection=s/th)	(314)
424	PD(type=rel,inflection=n)	(873)
425	PD(type=rel,inflection=r/re)	(136)
429	PD(type=rel,inflection=other)	(7)
430	PD(type=int,inflection=0)	(662)
431	PD(type=int,inflection=e)	(95)
432	PD(type=int,inflection=s/th)	(18)
433	PD(type=int,inflection=t)	(2)
434	PD(type=int,inflection=n)	(39)
435	PD(type=int,inflection=r/re)	(5)
440	PD(type=indef,inflection=0)	(13485)
441	PD(type=indef,inflection=e)	(2352)
442	PD(type=indef,inflection=s/th)	(139)
443	PD(type=indef,inflection=t)	(11)
444	PD(type=indef,inflection=n)	(735)
445	PD(type=indef,inflection=r/re)	(228)
449	PD(type=indef,inflection=other)	(23)
450	PD(type=poss,inflection=0)	(8635)
451	PD(type=poss,inflection=e)	(7773)
452	PD(type=poss,inflection=s/th)	(2992)
453	PD(type=poss,inflection=t)	(74)
454	PD(type=poss,inflection=n)	(11338)
455	PD(type=poss,inflection=r/re)	(3251)
456	PD(type=poss,inflection=a)	(1)
459	PD(type=poss,inflection=other)	(20)
460	PD(type=refl/recp)	(19)
461	PD(type=refl/recp,person=1,number=sg)	(253)
462	PD(type=refl/recp,person=2,number=sg)	(140)
463	PD(type=refl/recp,person=3,number=sg)	(1724)
464	PD(type=refl/recp,person=1,number=pl)	(319)
465	PD(type=refl/recp,person=2,number=pl)	(244)
466	PD(type=refl/recp,person=3,number=pl)	(664)
469	PD(type=refl/recp,other)	(1)
470	PD(type=art,subtype=def,inflection=0)	(14968)
471	PD(type=art,subtype=def,inflection=e)	(32772)
472	PD(type=art,subtype=def,inflection=s/th)	(8681)
474	PD(type=art,subtype=def,inflection=n)	(30744)
475	PD(type=art,subtype=def,inflection=r/re)	(14972)
479	PD(type=art,subtype=def,inflection=other)	(33)
480	PD(type=art,subtype=indef,inflection=0)	(4126)
481	PD(type=art,subtype=indef,inflection=e)	(1423)
482	PD(type=art,subtype=indef,inflection=s/th)	(116)
484	PD(type=art,subtype=indef,inflection=n)	(2124)
485	PD(type=art,subtype=indef,inflection=r/re)	(501)
489	PD(type=art,subtype=indef,inflection=other)	(1603)
490	PD(type=other,inflection=0)	(3)
491	PD(type=other,inflection=e)	(7)
492	PD(type=other,inflection=s/th)	(2)
493	PD(type=other,inflection=t)	(1)
494	PD(type=other,inflection=n)	(2)
499	PD(type=other,inflection=other)	(6)
500	ADV(type=general,inflection=0)	(35642)
501	ADV(type=general,inflection=e)	(11479)
502	ADV(type=general,inflection=s/th)	(874)
503	ADV(type=general,inflection=t)	(441)
504	ADV(type=general,inflection=n)	(2071)
505	ADV(type=general,inflection=r/re)	(721)
509	ADV(type=general,inflection=other)	(46)
510	ADV(type=dem,inflection=0)	(14740)
511	ADV(type=dem,inflection=e)	(605)
512	ADV(type=dem,inflection=s/th)	(2)
514	ADV(type=dem,inflection=n)	(72)
519	ADV(type=dem,inflection=other)	(9)
520	ADV(type=rel,inflection=0)	(2239)
521	ADV(type=rel,inflection=e)	(8)
524	ADV(type=rel,inflection=n)	(10)
529	ADV(type=rel,inflection=other)	(3)
530	ADV(type=int,inflection=0)	(1105)
531	ADV(type=int,inflection=e)	(55)
534	ADV(type=int,inflection=n)	(8)
540	ADV(type=indef,inflection=0)	(738)
541	ADV(type=indef,inflection=e)	(48)
542	ADV(type=indef,inflection=s/th)	(2)
544	ADV(type=indef,inflection=n)	(27)
549	ADV(type=indef,inflection=other)	(1)
550	ADV(type=resumptive,inflection=0)	(6878)
551	ADV(type=resumptive,inflection=e)	(90)
559	ADV(type=resumptive,inflection=other)	(1)
560	ADV(type=negative,inflection=0)	(13721)
561	ADV(type=negative,inflection=e)	(9)
564	ADV(type=negative,inflection=n)	(15)
569	ADV(type=negative,inflection=other)	(3)
590	ADV(type=other,inflection=0)	(3)
600	ADV(advType=pronominal,type=general,inflection=0)	(2460)
601	ADV(advType=pronominal,type=general,inflection=e)	(393)
602	ADV(advType=pronominal,type=general,inflection=s/th)	(2)
603	ADV(advType=pronominal,type=general,inflection=t)	(3)
604	ADV(advType=pronominal,type=general,inflection=n)	(121)
605	ADV(advType=pronominal,type=general,inflection=r/re)	(1)
609	ADV(advType=pronominal,type=general,inflection=other)	(1)
610	ADV(advType=pronominal,type=dem,inflection=0)	(6343)
611	ADV(advType=pronominal,type=dem,inflection=e)	(1215)
612	ADV(advType=pronominal,type=dem,inflection=s/th)	(22)
613	ADV(advType=pronominal,type=dem,inflection=t)	(72)
614	ADV(advType=pronominal,type=dem,inflection=n)	(606)
615	ADV(advType=pronominal,type=dem,inflection=r/re)	(44)
619	ADV(advType=pronominal,type=dem,inflection=other)	(6)
620	ADV(advType=pronominal,type=rel,inflection=0)	(4864)
621	ADV(advType=pronominal,type=rel,inflection=e)	(1147)
622	ADV(advType=pronominal,type=rel,inflection=s/th)	(3)
623	ADV(advType=pronominal,type=rel,inflection=t)	(1)
624	ADV(advType=pronominal,type=rel,inflection=n)	(52)
629	ADV(advType=pronominal,type=rel,inflection=other)	(5)
630	ADV(advType=pronominal,type=int,inflection=0)	(32)
631	ADV(advType=pronominal,type=int,inflection=e)	(82)
634	ADV(advType=pronominal,type=int,inflection=n)	(2)
640	ADV(advType=pronominal,type=indef,inflection=0)	(4)
641	ADV(advType=pronominal,type=indef,inflection=e)	(3)
650	ADV(advType=pronominal,type=resumptive,inflection=0)	(102)
651	ADV(advType=pronominal,type=resumptive,inflection=e)	(180)
654	ADV(advType=pronominal,type=resumptive,inflection=n)	(6)
690	ADV(advType=pronominal,type=other,inflection=0)	(1)
691	ADV(advType=pronominal,type=other,inflection=e)	(1)
700	ADP(type=general,inflection=0)	(163374)
701	ADP(type=general,inflection=e)	(4733)
702	ADP(type=general,inflection=s/th)	(485)
703	ADP(type=general,inflection=t)	(37)
704	ADP(type=general,inflection=n)	(3018)
705	ADP(type=general,inflection=r/re)	(64)
706	ADP(type=general,inflection=a)	(2)
709	ADP(type=general,inflection=other)	(88)
790	ADP(type=other,inflection=0)	(44)
799	ADP(type=other,inflection=other)	(24)
800	CON(type=coordinating,inflection=0)	(92426)
801	CON(type=coordinating,inflection=e)	(1450)
803	CON(type=coordinating,inflection=t)	(2)
804	CON(type=coordinating,inflection=n)	(4)
806	CON(type=coordinating,inflection=a)	(1)
809	CON(type=coordinating,inflection=other)	(31)
810	CON(type=subordinating,inflection=0)	(29065)
811	CON(type=subordinating,inflection=e)	(1065)
812	CON(type=subordinating,inflection=s/th)	(2)
814	CON(type=subordinating,inflection=n)	(3)
819	CON(type=subordinating,inflection=other)	(16)
820	CON(type=comparison,inflection=0)	(5251)
821	CON(type=comparison,inflection=e)	(1873)
824	CON(type=comparison,inflection=n)	(3)
829	CON(type=comparison,inflection=other)	(6)
830	CON(type=negative,inflection=0)	(1027)
831	CON(type=negative,inflection=e)	(6)
840	CON(type=explicative,inflection=0)	(381)
841	CON(type=explicative,inflection=e)	(381)
845	CON(type=explicative,inflection=r/re)	(1)
850	CON(type=rel,inflection=0)	(1211)
851	CON(type=rel,inflection=e)	(72)
859	CON(type=rel,inflection=other)	(1)
860	CON(type=quality,inflection=0)	(204)
861	CON(type=quality,inflection=e)	(401)
870	CON(type=subordinating,inflection=0)	(6)
871	CON(type=subordinating,inflection=e)	(22)
890	CON(type=other,inflection=0)	(2)
891	CON(type=other,inflection=e)	(1)
899	CON(type=other,inflection=other)	(3)
900	RES(type=other,inflection=0)	(8)
901	RES(type=other,inflection=e)	(3)
909	RES(type=other,inflection=other)	(1)
910	INT(type=interjection,inflection=0)	(520)
911	INT(type=interjection,inflection=e)	(22)
914	INT(type=interjection,inflection=n)	(2)
919	INT(type=interjection,inflection=other)	(7)
990	RES(type=other,inflection=0)	(4)
991	RES(type=other,inflection=e)	(6)
992	RES(type=other,inflection=s/th)	(1)
994	RES(type=other,inflection=n)	(4)
999	RES(type=other,inflection=other)	(575)
