10000 mahl / tienduizendmaal /  BW
1000 maal / duizendmaal /  BW
1000 mael / duizendmaal /  BW
1000 male / duizendmaal /  BW
100 maal / honderdmaal /  BW
100 malen / honderdmaal /  BW
10. maal / tienmaal /  BW
10 mael / tienmaal /  BW
2 maal / tweemaal /  BW
2 mael / tweemaal /  BW
2 mal / tweemaal /  BW
3 mael / driemaal /  BW
4. maalen / viermaal /  BW
4 maal / viermaal /  BW
5 mael / vijfmaal /  BW
aan een / aaneen /  BW
aan Stond / aanstonds /  BW
achter aen / achteraan /  BW
achter een / achtereen /  BW
achter om / achterom /  BW
a costi / a costi /  BW
a costij / a costi /  BW
a Costij / a costi /  BW
a Cotty / a costi /  BW
A diet / anno domini /  BW
A dij / anno Domini /  BW
ael daer / aldaar /  BW
ael lyennych / allenig /  BW
aen compt / daaraan /  BW
aen setten / daaraan /  BW
aen stonts / aanstonds /  BW
aen tekomen / daaraan /  BW
aer van / ervan /  BW
& a / et cetera /  BW
af houden / daaraf /  BW
af komen / daaraf /  BW
after om / achterom /  BW
a goeverno / a gouverno /  BW
á goeverno / a gouverno /  BW
a gouverno. / a gouverno /  BW
a Gouverno / a gouverno /  BW
a Gouverno. / a gouverno /  BW
A gouverno / a gouverno /  BW
a governo / a gouverno /  BW
a Governo / a gouverno /  BW
agter aan / erachteraan /  BW
agter op / achterop /  BW
a koste / a costi /  BW
a la / à la /  BW
al / altezamen /  BW
al / alwederom /  BW
al / alzo /  BW
al daer / aldaar /  BW
ald Lang / allang  /  BW
al dus / aldus /  BW
al een / alleen /  BW
al eer / aleer /  BW
al eeven leens / aleveneens /  BW
al eevenwel / alevenwel /  BW
al eevewel / alevenwel /  BW
aleven wel / alevenwel /  BW
alf vieren / halfvier /  BW
al heel / alheel /  BW
Al heel / alheel /  BW
al hier / alhier /  BW
Al hier / alhier /  BW
al hijer / alhier /  BW
al hir / alhier /  BW
al ijk ewel / allijkewel /  BW
ali yn / alleen /  BW
al laeng / allang  /  BW
al lang / allang  /  BW
al Lang / allang  /  BW
al lange / allang  /  BW
al lenich / allenig /  BW
alles behalfen / allesbehalve /  BW
alles Behalve / allesbehalve /  BW
alle teit / altijd /  BW
alle tesamen / altezamen /  BW
alle tijt / altijd /  BW
alle velens / aleveneens /  BW
al levewel / alevenwel /  BW
al lijcke / allicht /  BW
all Lang / allang  /  BW
all schoen / alschoon /  BW
all voorens / alvorens /  BW
all weer / alweer /  BW
al ree / alreeds /  BW
al reeds / alreeds /  BW
al reedts / alreeds /  BW
al Reets / alreeds /  BW
al rets / alreeds /  BW
al saemen / alsamen /  BW
al sam / altezamen /  BW
al same / altezamen /  BW
al samen / alsamen /  BW
al samen / altezamen /  BW
als dan / alsdan /  BW
als doen / alstoen /  BW
als mede / daarmee /  BW
als noch / alsnog /  BW
als nog / alsnog /  BW
als Nog / alsnog /  BW
als nu / alsnu /  BW
al so / alzo /  BW
al soo / alzo /  BW
als tijt / altijd /  BW
als toen / alstoen /  BW
alte gaer / altegader /  BW
al te mael / altemaal /  BW
al temael / altemaal /  BW
alte mael / altemaal /  BW
alte mes / altemet /  BW
al te met / altemet /  BW
alte met / altemet /  BW
alte mets / altemet /  BW
alte saam / altezamen /  BW
alte saame / altezamen /  BW
alte saamen / altezamen /  BW
alte saem / altezamen /  BW
al tesaeme / altezamen /  BW
al te saemen / altezamen /  BW
al tesaemen / altezamen /  BW
alte saemen / altezamen /  BW
al te same / altezamen /  BW
alte same / altezamen /  BW
al te samen / altezamen /  BW
al tesamen / altezamen /  BW
alte samen / altezamen /  BW
Alte samen / altezamen /  BW
al te sammen / altezamen /  BW
al thans / althans /  BW
altho samen / altezamen /  BW
al tijt / altijd /  BW
alt jn / altijd /  BW
al t samen / altezamen /  BW
al t’samen / altezamen /  BW
al tsamen / altezamen /  BW
alt samen / altezamen /  BW
alt tjt / altijd /  BW
al tyt / altijd /  BW
al vast / alvast /  BW
al voorens / alvorens /  BW
al waar / alwaar /  BW
alwaar By / alwaarbij /  BW
al waer / al /  BW
al waer / alwaar /  BW
al war / alwaar /  BW
al war an / alwaaraan /  BW
al weder / alweer /  BW
al wederom / alwederom /  BW
al weeder / alweer /  BW
al weederom / alwederom /  BW
al weer / alweer /  BW
al zo / alzo /  BW
al zoo min / alzomin /  BW
al Zoo Min / alzomin /  BW
ander deels / anderdeels /  BW
anderen daags / anderdaags /  BW
ander maal / andermaal /  BW
an leen / alleen /  BW
Ao. P. / anno passato /  BW
Ao. pasatto / anno passato /  BW
ao passato / anno passato /  BW
Ao passato / anno passato /  BW
ao po / anno passato /  BW
Ao Po / anno passato /  BW
Ao psste / anno passato /  BW
Ao psto / anno passato /  BW
A P / anno passato /  BW
A. P. / anno passato /  BW
a present / à present /  BW
at largo / at largo /  BW
auer sturt / overstuur /  BW
beijder sijts / beiderzijds /  BW
beij wille / bijwijlen /  BW
bennen dor / binnendoor /  BW
beter coop / beterkoop /  BW
beter koop / beterkoop /  BW
bij aldien / bijaldien /  BW
bij aldijen / bijaldien /  BW
bij een / bijeen /  BW
bij geval / bijgeval /  BW
bij gevalle / bijgeval /  BW
bij gevolch / bijgevolg /  BW
bij gevolg / bijgevolg /  BW
bij naa / bijna /  BW
bij na / bijna /  BW
bij nae / bijna /  BW
Bij naer / bijna /  BW
bij tijds / bijtijds /  BW
binne duer / binnendoor /  BW
binne in / binnenin /  BW
binne kort / binnenkort /  BW
binne korte / binnenkort /  BW
binnen duer / binnendoor /  BW
binnen kort / binnenkort /  BW
binnen korten / binnenkort /  BW
binnens slants / binnenslands /  BW
boeven aall / bovenal /  BW
boeven al / bovenal /  BW
boeven Al. / bovenal /  BW
Boeven al / bovenal /  BW
boiuen al / bovenal /  BW
boo al / bovenal /  BW
boouen al / bovenal /  BW
boove dien / bovendien /  BW
booven al / bovenal /  BW
booven Al / bovenal /  BW
Booven al / bovenal /  BW
booven op / daarbovenop /  BW
boue al / bovenal /  BW
bouen al / bovenal /  BW
bouen Al / bovenal /  BW
bouen all / bovenal /  BW
bouen alle / bovenal /  BW
bouen op / erbovenop /  BW
bouun al / bovenal /  BW
bovel al / bovenal /  BW
boven ael / bovenal /  BW
boven aen / bovenaan /  BW
boven al / bovenal /  BW
boven Al / bovenal /  BW
Boven al / bovenal /  BW
Boven Al / bovenal /  BW
boven all / bovenal /  BW
Boven All / bovenal /  BW
boven alle / bovenal /  BW
boven Alle / bovenal /  BW
Boven Alle / bovenal /  BW
boven an / bovenaan /  BW
boven dien / bovendien /  BW
boven dijen / bovendien /  BW
boven lal / bovenal /  BW
boven maten / bovenmate /  BW
boven op / bovenop /  BW
bowen al / bovenal /  BW
bowen alle / bovenal /  BW
buijten boobrt / buitenboord /  BW
buijten dien / buitendien /  BW
buijten lanst / buitenlands /  BW
buiten gaets / buitengaats /  BW
buiten s huis / buitenshuis /  BW
buyten dien / buitendien /  BW
buyten op / buitenop /  BW
buyten s’lands / buitenslands /  BW
buyte op / buiten /  BW
by na / bijna /  BW
daar aan / daaraan /  BW
daar Aan / daaraan /  BW
Daar aan / daaraan /  BW
daar af / daaraf /  BW
daar agter / daarachter /  BW
daar an / daaraan /  BW
daar bij / daarbij /  BW
daar Bij / daarbij /  BW
daar booven / daarboven /  BW
daar buijten / daarbuiten /  BW
daar by / daarbij /  BW
daar / daarmee /  BW
daar / daaruit /  BW
daar / daarvoor /  BW
daar door / daardoor /  BW
daar en boove / daarenboven /  BW
daar en booven / daarenboven /  BW
daar en boven / daarenboven /  BW
daar en tegen / daarentegen /  BW
daar hen / heen /  BW
daar hover / daarover /  BW
daar in / daarin /  BW
Daar in / daarin /  BW
daar inne / daarin /  BW
daar int / daarin /  BW
daar jn / daarin /  BW
daar me / daarmee /  BW
daar med / daarmee /  BW
daar medde / daarmee /  BW
daar mede / daarmede /  BW
daar mee / daarmee /  BW
Daar mee / daarmee /  BW
daar meede / daarmee /  BW
daar Meede / daarmee /  BW
Daar meede / daarmee /  BW
daar met / daarmee /  BW
daar naaa / daarnaar /  BW
daar naa / daarnaar /  BW
daar naar / daarnaar /  BW
Daar naar / daarnaar /  BW
daar na / daarnaar /  BW
daar na / daarna /  BW
daar Na / daarna /  BW
daar naer / daarnaar /  BW
daar na toe / daarnaartoe /  BW
daar nevens / daarnevens /  BW
daar of / daaraf /  BW
daar om / daarom /  BW
daar Om / daarom /  BW
Daar om / daarom /  BW
daar omtrend / daaromtrent /  BW
daar omtrent / daaromtrent /  BW
daarom trent / daaromtrent /  BW
daar onder / daaronder /  BW
daar ontrend / daaromtrent /  BW
daar onttrend / daaromtrent /  BW
daar op / daarop /  BW
Daar op / daarop /  BW
daar over / daarover /  BW
daar teege aan / daartegenaan /  BW
daar teege / daartegen /  BW
Daar Teegen / daartegen /  BW
daar teegens / daartegen /  BW
daar teevens / daartevens /  BW
daart in / daarin /  BW
daar to / daartoe /  BW
daar toe / daartoe /  BW
Daar toe / daartoe /  BW
Daar Toe / daartoe /  BW
daar uijt / daaruit /  BW
Daar uijt / daaruit /  BW
daar uit / daaruit /  BW
daar uut / daaruit /  BW
daar uyt / daaruit /  BW
Daar uyt / daaruit /  BW
daar van daan / daarvandaan /  BW
daar vandaan / daarvandaan /  BW
daar van / daarnaartoe /  BW
daar van / daarvan /  BW
daar Van / daarvan /  BW
Daar van / daarvan /  BW
daar van dan / daarvandaan /  BW
daar vijt / daaruit /  BW
daar voo / daarvoor /  BW
daar voor / daarvoor /  BW
daar Voor / daarvoor /  BW
Daar voor / daarvoor /  BW
Daar Voor / daarvoor /  BW
daar vor / daarvoor /  BW
dae om / daarom /  BW
daer aan / daaraan /  BW
daer aefter / daarachter /  BW
daer aen / daaraan /  BW
daer Aen / daaraan /  BW
Daer aen / daaraan /  BW
daer af / daaraf /  BW
daer aff / daaraf /  BW
daer afraken / daaraf /  BW
daer an / daaraan /  BW
daer beij / daarbij /  BW
daer beneffens / daarbenevens /  BW
daer benevens / daarbenevens /  BW
daer bij / daarbij /  BW
Daer bij / daarbij /  BW
daer binnen / daarbinnen /  BW
daer booven / daarboven /  BW
daer boven / daarboven /  BW
daer buijten / daarbuiten /  BW
daer by / daarbij /  BW
daer / daaraan /  BW
daer / daaraf /  BW
daer / daarbovenop /  BW
daer / daarmee /  BW
daer / daaromtrent /  BW
daer / daartoe /  BW
daer / daaruit /  BW
daer / daarvoor /  BW
daer daer van / daarvan /  BW
daer deur / daardoor /  BW
daer doer / daardoor /  BW
daer dooer / daardoor /  BW
daer door / daardoor /  BW
daer dor / daardoor /  BW
daer en booven / daarenboven /  BW
daer en bouen / daarenboven /  BW
daer en boven / daarenboven /  BW
daer en / daarin /  BW
daer en teegen / daarentegen /  BW
daer en tegen / daarentegen /  BW
daer euit / daaruit /  BW
daer foor / daarvoor /  BW
daer gunder / daarginder /  BW
daer haen / daaraan /  BW
daer halven / derhalve /  BW
daer heen / daarheen /  BW
daer ijn / daarin /  BW
daer in / daarin /  BW
daer In / daarin /  BW
Daer in / daarin /  BW
daer inne / daarin /  BW
daer inthegendeel / daarintegendeel /  BW
daer jn / daarin /  BW
daer Jn / daarin /  BW
daer me / daarmee /  BW
daer me / daartoe /  BW
daer mede / daarmee /  BW
daer mede / daartoe /  BW
daer meden / daarmee /  BW
daer mee / daarmee /  BW
daer mee / daartoe /  BW
daer meede / daarmee /  BW
daer meede / daartoe /  BW
daer met / daarmede /  BW
daer met / daarmee /  BW
daer naar / daarnaar /  BW
daer na / daarnaar /  BW
daer na / daarnaartoe /  BW
daer na / daarna /  BW
Daer na / daarna /  BW
daer nae / daarnaar /  BW
daer nae / daarna /  BW
daer naer / daarnaar /  BW
daer naer / daarna /  BW
daer naer toe / daarnaartoe /  BW
daer naer tu / daarnaartoe /  BW
daer nae toe / daarnaartoe /  BW
daer na toe / daarnaartoe /  BW
daer nat tho / daarnaartoe /  BW
daer na tu / daarnaartoe /  BW
daer of / daaraf /  BW
daer ofer / daarover /  BW
daer off / daaraf /  BW
daer ohut / daaruit /  BW
daer om / daarom /  BW
Daer om / daarom /  BW
daer omtrent / daaromtrent /  BW
daer on / daarom /  BW
daer onder / daaronder /  BW
daer ontrent / daaromtrent /  BW
daer onttrent / daaromtrent /  BW
daer oover / daarover /  BW
daer op aen / daaropaan /  BW
daer o p / daarop /  BW
daer op / daarop /  BW
Daer op / daarop /  BW
Daer Op / daarop /  BW
daer ouer / daarover /  BW
daer oufer / daarover /  BW
daer out / daaruit /  BW
daer over / daarover /  BW
Daer teegen / daartegen /  BW
daer & tegen / daarentegen /  BW
daer tegen / daartegen /  BW
daer tegens / daartegen /  BW
daer to / daartoe /  BW
daer toe / daartoe /  BW
daer Toe / daartoe /  BW
daer tot / daartoe /  BW
daer uaen / daarvan /  BW
daer uan / daarvan /  BW
daer uan daen / daarvandaan /  BW
daer uandaen / daarvandaan /  BW
daer uet / daaruit /  BW
daer uijt / daaruit /  BW
daer uit / daaruit /  BW
daer ujt / daaruit /  BW
daer uoer / daarvoor /  BW
daer uor / daarvoor /  BW
daer uut / daaruit /  BW
daer uyt / daaruit /  BW
daer vaen / daarvan /  BW
daer van / daar /  BW
daer van / daarvan /  BW
Daer van / daarvan /  BW
daer van daen / daarvandaan /  BW
daer vandaen / daarvandaan /  BW
daer vande / daarvandaan /  BW
daer van / vandaar /  BW
daer vijt / daaruit /  BW
daer vit / daaruit /  BW
daer voer / daarvoor /  BW
daer voor / daardoor /  BW
daer voor / daarvoor /  BW
Daer voor / daarvoor /  BW
daer vor / daardoor /  BW
daer vor / daarvoor /  BW
daer vt / daaruit /  BW
daer vt. / daaruit /  BW
daer vyt / daaruit /  BW
daer wt / daaruit /  BW
daer yn / daarin /  BW
dae uijt / daaruit /  BW
dan / daarvandaan /  BW
dar af / daaraf /  BW
dar an / daaraan /  BW
dar bey / daarbij /  BW
dar bij / daarbij /  BW
dar doer / daardoor /  BW
dar in / daarin /  BW
dar me / daarmee /  BW
dar met / daarmee /  BW
dar na / daarna /  BW
dar of / daaraf /  BW
dar om / daarom /  BW
dar oofer / daarover /  BW
dar op / daarop /  BW
dar udt / daaruit /  BW
dar uijt / daaruit /  BW
dar um / daarom /  BW
dar up / daarop /  BW
dar uyt / daaruit /  BW
dar van / daarvan /  BW
dar Van / daarvan /  BW
dar van / daarvandaan /  BW
dar vandaen / daarvandaan /  BW
dar vandan / daarvandaan /  BW
dar vdt / daaruit /  BW
dar voor / daarvoor /  BW
dar vor / daarvoor /  BW
dat uit / daaruit /  BW
da van / daarvan ? /  BW
da voor / daarvoor /  BW
de bij / daarbij /  BW
de Datis / de dato /  BW
de dato / de dato /  BW
deer nae / daarnaar /  BW
denke lijk / denkelijk /  BW
den ut / daaruit /  BW
der af / daaraf /  BW
der af / eraf /  BW
der aff / daaraf /  BW
der an / eraan /  BW
der bij / erbij /  BW
der by / daarbij /  BW
der / erbovenop /  BW
Der halfe / derhalve /  BW
der halve / derhalve /  BW
der halven / derhalve /  BW
der in / daarin /  BW
der in / erin /  BW
der Jn / daarin /  BW
der mee / daarmee /  BW
der mee / ermee /  BW
der met / ermee /  BW
der na / daarna /  BW
der nae / daarnaar /  BW
der na tu / ernaartoe /  BW
der om / daarom /  BW
der onder / eronder /  BW
der oover / erover /  BW
der op / erop  /  BW
der toe / ertoe /  BW
der uijt / eruit /  BW
der ut / eruit /  BW
der vaan / ervan /  BW
der van / ervan /  BW
dese gelijckx / desgelijks /  BW
dese veere / dusver /  BW
des geleik / desgelijks /  BW
des gelick / desgelijks /  BW
des ge lijck / desgelijks /  BW
des gelijck / desgelijks /  BW
des gelijckx / desgelijks /  BW
des gelijks / desgelijks /  BW
des ghelickx / desgelijks /  BW
des ghelijckx / desgelijks /  BW
des niet teegenstaande / desniettegenstaande /  BW
des niet te min / desniettemin /  BW
des niet temin / desniettemin /  BW
des noods / desnoods /  BW
des Noods / desnoods /  BW
des weeghs / deswege /  BW
des wegen / deswege /  BW
des wegens / deswege /  BW
de / tegoed /  BW
deur dien / doordien /  BW
de vooren / tevoren /  BW
de wijel / dewijl /  BW
de wijle / dewijl /  BW
dich beij / dichtbij /  BW
dick wils / dikwijls /  BW
dien aangaande / dienaangaande /  BW
diens volgens / dienvolgens /  BW
dier halve / derhalve /  BW
dier halven / derhalve /  BW
Dier halven / derhalve /  BW
dier halwe / derhalve /  BW
dies weegens / deswege /  BW
dighte beij / dichtbij /  BW
digt bij / dichtbij /  BW
dijchte bij / dichtbij /  BW
dik maal / dikmaal /  BW
dik wyls / dikwijls /  BW
dit maal / ditmaal /  BW
dit mael / ditmaal /  BW
dito ito / dito ito /  BW
doe de tijd / toendertijd /  BW
doeer voor / daarvoor /  BW
doen maels / toenmaals /  BW
doen tertydt / toentertijd /  BW
doer dien / doordien /  BW
door dien / doordien /  BW
Door dien / doordien /  BW
Door Dien / doordien /  BW
door dijen / doordien /  BW
dr an / eraan /  BW
drie male / driemaal /  BW
drie malen / driemaal /  BW
drij mael / driemaal /  BW
dr meede / ermee /  BW
drogs voets / droog(s)voets /  BW
dr ouer / erover /  BW
dr van / daarvan /  BW
dr wt / daaruit /  BW
duer dien / doordien /  BW
duijsend maal / duizendmaal /  BW
Duijsend maal / duizendmaal /  BW
Duijsen Maal / duizendmaal /  BW
duijsent maal / duizendmaal /  BW
duijsent Maal / duizendmaal /  BW
Duijsent maal / duizendmaal /  BW
Duijsent Maal / duizendmaal /  BW
duijsent mael / duizendmaal /  BW
Duijsent mael / duizendmaal /  BW
duijsent mal / duizendmaal /  BW
duijsent vouwdig / duizendvoudig /  BW
duijssendt maal / duizendmaal /  BW
duijzend maal / duizendmaal /  BW
duinsen mael / duizendmaal /  BW
duisent maal / duizendmaal /  BW
duisent mael / duizendmaal /  BW
dus daanig / dusdanig /  BW
dus doende / dusdoende /  BW
duseent maal / duizendmaal /  BW
dusent mal / duizendmaal /  BW
dussent maal / duizendmaal /  BW
dus ver / dusver /  BW
dus Vere / dusver /  BW
dus verre / dusver /  BW
dus verren / dusver /  BW
Duysende maal / duizendmaal /  BW
duysend maal / duizendmaal /  BW
duysen en duyst maal / duizendenduizendmaal /  BW
duysen maal / duizendmaal /  BW
Duysen maal / duizendmaal /  BW
duysen maal / tienduizendmaal /  BW
Duysen mal / duizendmaal /  BW
duysent maal / duizendmaal /  BW
Duysent maal / duizendmaal /  BW
duysent maalen / duizendmaal /  BW
duysent mael / duizendmaal /  BW
duysent mal / duizendmaal /  BW
duyzend Maal / duizendmaal /  BW
Duyzend maal / duizendmaal /  BW
Duyzend Maal / duizendmaal /  BW
e coostij / a costi /  BW
eenigh sins / enigszins /  BW
eeningh sints / enigszins /  BW
een mael / eenmaal /  BW
een mal / eenmaal /  BW
een reis / ereis /  BW
Eens deels / eensdeels /  BW
Eens klaps / eensklaps /  BW
een wech / enweg /  BW
eer gister / eergisteren /  BW
eerst daags / eerstdaags /  BW
eer van / ervan /  BW
eeuen wel / evenwel /  BW
eight bij / dichtbij /  BW
en de / ne /  BW
ene mal / enenmale /  BW
en rijes / ereis /  BW
en soo voors / enzovoorts /  BW
en suite / en suite /  BW
en teegendel / integendeel /  BW
en wech / enweg /  BW
en zoo voorts. / enzovoorts /  BW
en zo voort / enzovoort /  BW
en z. v. / enzovoort /  BW
er aan / eraan /  BW
er aen / eraan /  BW
er af / eraf /  BW
er an / eraan /  BW
Er bey / erbij /  BW
er bij / erbij /  BW
Er bij / erbij /  BW
er by / erbij /  BW
er / erachteraan /  BW
er / ertegenaan /  BW
er gijsteren / eergisteren /  BW
er in / erin /  BW
Er in / erin /  BW
Er meede / ermede /  BW
er meede / ermee /  BW
er mee / ermede /  BW
er mee / ermee /  BW
er meę / ermee /  BW
er naar / ernaar /  BW
er nae / ernaar /  BW
er na / ernaar /  BW
er na toe / ernaartoe /  BW
er of / eraf /  BW
er om / erom /  BW
er onder / eronder /  BW
er op / erop  /  BW
Er op / erop  /  BW
er over / erover /  BW
Er Reis / ereis /  BW
er tegen / ertegenaan /  BW
er tegen / ertegen /  BW
er toe / ertoe /  BW
er uijt / eruit /  BW
er uyt / eruit /  BW
er van daan / ervandaan /  BW
er van / ervan /  BW
er voor / ernaartoe /  BW
er voor / ervoor /  BW
E setera / et cetera /  BW
et cetra / et cetera /  BW
euen wel / evenwel /  BW
even wel / evenwel /  BW
extra ordinair / extraordinair /  BW
ge doer lick / geduurlijk /  BW
geen eens / geeneens /  BW
geleijker weijs / gelijkerwijze /  BW
ge nadelijck / genadelijk /  BW
ge naede lijck / genadelijk /  BW
ge noch / genoeg /  BW
ge noesam / genoegzaam /  BW
gesam end / gezamend /  BW
ge samentlick / gezamenlijk /  BW
ghe lijck / gelijk /  BW
gister avont / gisteravond /  BW
gisteren avont / gisteravond /  BW
Gisteren middach / gistermiddag /  BW
gisteren morgen / gistermorgen /  BW
goeden coop / goedkoop /  BW
goed kooper / goedkoop /  BW
goed maaken / tegoed /  BW
groote lijcks / grotelijks /  BW
hachter om / achterom /  BW
haer int Weegen / harentwege /  BW
half 4 / halfvier /  BW
half agt / halfacht /  BW
half Ellef / halfelf /  BW
half twaalf / halftwaalf /  BW
half twaleven / halftwaalf /  BW
half tween / halftwee /  BW
half vier / halfvier /  BW
half vijf / halfvijf /  BW
half vyven / halfvijf /  BW
half zes / halfzes /  BW
hals over koop / halsoverkop /  BW
harent wege / harentwege /  BW
harte lick / hartelijk /  BW
heden morgen / hedenmorgen /  BW
Heedens daghs / hedendaags /  BW
heer mede / hiermee /  BW
heer na mals / hiernamaals /  BW
heijr uijt / hieruit /  BW
heir mede / hiermede /  BW
heir van dan / hiervandaan /  BW
her boven / hierboven /  BW
her fan dan / ervandaan /  BW
her fan dan / hiervandaan /  BW
her mede / hiermee /  BW
her me / hiermee /  BW
hier aan / hieraan /  BW
hier aen / hieraan /  BW
hier af / hieraf /  BW
hier after / hierachter /  BW
hier beneeden / hierbeneden /  BW
hier beneffens / hierbenevens /  BW
hier bij / hierbij /  BW
hier Bij / hierbij /  BW
Hier bij / hierbij /  BW
hier bij / hier /  BW
hier boffen / hierboven /  BW
Hier booven / hierboven /  BW
hier boven / hierboven /  BW
hier door / hierdoor /  BW
Hier door / hierdoor /  BW
hier eeven / hiereven /  BW
hier heen / hierheen /  BW
hier in / hier /  BW
hier in / hierin /  BW
Hier in / hierin /  BW
hier inne / hierin /  BW
Hier inne / hierin /  BW
hier int / hierin /  BW
hier me de / hiermede /  BW
hier mede / hiermede /  BW
Hier mede / hiermede /  BW
Hier Mede / hiermede /  BW
hier meden / hiermede /  BW
hier mee de / hiermede /  BW
hier meede / hiermede /  BW
hier Meede / hiermede /  BW
Hier meede / hiermede /  BW
Hier Meede / hiermede /  BW
hier meeden / hiermede /  BW
Hier meeden / hiermede /  BW
hier meed / hiermede /  BW
hier mee / hiermee /  BW
hier Mee / hiermee /  BW
Hier mee / hiermee /  BW
hier me / hiermee /  BW
hier Me / hiermee /  BW
hier naar / hierna /  BW
hier naa toe / hiernaartoe /  BW
hier nae / hier /  BW
hier nae / hierna /  BW
hier naemaels / hiernamaals /  BW
hier naer / hiernaar /  BW
hier naer / hierna /  BW
hier naermaels / hiernamaals /  BW
hier naer toe / hiernaartoe /  BW
Hier naest / hiernaast /  BW
hier na / hiernaar /  BW
hier na / hierna /  BW
hier namaals / hiernamaals /  BW
hier na maels / hiernamaals /  BW
hier na toe / hiernaartoe /  BW
hier neevens / hiernevens /  BW
Hier neevens / hiernevens /  BW
hier neffen / hierneven /  BW
hier neffens / hiernevens /  BW
hier neuen / hiernevens /  BW
hier neuens / hiernevens /  BW
hier nevens / hiernevens /  BW
hier Nevens / hiernevens /  BW
Hier nevens / hiernevens /  BW
hier om / hierom /  BW
Hier om / hierom /  BW
hier omtrent / hieromtrent /  BW
hier onder / hieronder /  BW
hier ond / hieronder /  BW
hier ondr / hieronder /  BW
hier op / hierop /  BW
hier over / hierover /  BW
hier tegen / hiertegen /  BW
hier toe / hiertoe /  BW
hier uijt / hieruit /  BW
hier uyt / hieruit /  BW
hier van daan / hiervandaan /  BW
hier vandaan / hiervandaan /  BW
hier van Daan / hiervandaan /  BW
hier van daen / hiervandaan /  BW
hier vandaen / hiervandaan /  BW
hier van dan / hiervandaan /  BW
hier vandan / hiervandaan /  BW
hier Van dan / hiervandaan /  BW
hier van / hiervan /  BW
hier Van / hiervan /  BW
hier voor / hiervoor /  BW
hier voren / hiervoren /  BW
hiet na toe / hiernaartoe /  BW
hijer bij / hierbij /  BW
hijer boven / hierboven /  BW
hijer in / hierin /  BW
hijer mede / hiermede /  BW
hijer mede / hiermee /  BW
hijer meden / hiermede /  BW
hijer meede / hiermede /  BW
hijer meeden / hiermede /  BW
hijer me / hiermee /  BW
hijer naer / hierna /  BW
hijer neven / hiernevens /  BW
hijer nevens / hiernevens /  BW
hijer nev / hiernevens /  BW
hijer van daen / hiervandaan /  BW
hijer vandaen / hiervandaan /  BW
hijer vijt / hieruit /  BW
hijr mede / hiermee /  BW
hir mede / hiermede /  BW
hir meede / hiermede /  BW
hir van daan / hiervandaan /  BW
hoe genoemdt / hoegenaamd /  BW
hoe lange / hoelang /  BW
hoe lang / hoelang /  BW
hoe neer / hoeneer /  BW
hoe seer / hoezeer /  BW
hol de bolder / holderdebolder /  BW
honderd duijzend maal / honderdduizendmaal /  BW
honderd duijzent maal / honderdduizendmaal /  BW
honderd duyzent maal / honderdduizendmaal /  BW
honderd maal / hondermaal /  BW
honder Duysen man / honderdduizendmaal /  BW
hondertduijsent maal / honderdduizendmaal /  BW
Hondert Duijzent maal / honderdduizendmaal /  BW
hondert duisent mael / honderdduizendmaal /  BW
hondert duysent maal / honderdduizendmaal /  BW
hoouer lant / overland /  BW
hyer meden / hiermede /  BW
hyer me / hiermee /  BW
hyr van / hiervan /  BW
ier mede / hiermede /  BW
ijl soo / alzo /  BW
in avant / en avant /  BW
in de daad / inderdaad /  BW
in der daad / inderdaad /  BW
inder daad / inderdaad /  BW
in der daat / inderdaad /  BW
inder daat / inderdaad /  BW
inder daet / inderdaad /  BW
in der haast / inderhaast /  BW
inder haest / inderhaast /  BW
in der tijdt / indertijd /  BW
in de tijd / indertijd /  BW
in duplo / in duplo /  BW
in een / ineen /  BW
in Eens / ineens  /  BW
in hebben / inhebben /  BW
in margine / in margine /  BW
in mediaat / immediaat /  BW
in mergo / in margine /  BW
in middels / inmiddels /  BW
In middels / inmiddels /  BW
In Middels / inmiddels /  BW
In Natura / in natura /  BW
in salue / in salvo /  BW
In saluo / in salvo /  BW
in salvo / in salvo /  BW
in Salvo / in salvo /  BW
In salvo / in salvo /  BW
ins gelijcks / insgelijks /  BW
in sonderheijdt / inzonderheid /  BW
in sonderheijt / inzonderheid /  BW
In sonderheit / inzonderheid /  BW
in sonderheyt / inzonderheid /  BW
In sonder hijt / inzonderheid /  BW
in stantelijk / instantelijk /  BW
In summa / in summa /  BW
in teegen deel / integendeel /  BW
in teegendeel / integendeel /  BW
in Teegendeel / integendeel /  BW
In teegendeel / integendeel /  BW
in tegendeel / integendeel /  BW
in tijts / intijds /  BW
in Tijts / intijds /  BW
in tuschen / intussen /  BW
in tusschen / intussen /  BW
in tussen / intussen /  BW
in tyds / intijds /  BW
in / waarin /  BW
jegens woordich / jegenwoordig /  BW
Jn middels / inmiddels /  BW
Jn saluo / in salvo /  BW
jn salvo / in salvo /  BW
jns gelijk / insgelijks /  BW
jn sonderheijdt / inzonderheid /  BW
jn summa / in summa /  BW
jn tegen deel / integendeel /  BW
Jn voeghen / invoege /  BW
langsamer hand / langzamerhand /  BW
Langsamer hand / langzamerhand /  BW
leeven lang / levenslang /  BW
leevens lang / levenslang /  BW
levens lang / levenslang /  BW
lijcks / insgelijks /  BW
maken / erop  /  BW
meede / daarmee /  BW
meede gaen / daartoe /  BW
mee gechregen / daarmee /  BW
meenig maale / menigmaal /  BW
meenig maal / menigmaal /  BW
meer maale / meermaals /  BW
meeste deel / meestendeels /  BW
meesten deel / meestendeels /  BW
meest en deels / meestendeels /  BW
menich mal / menigmaal /  BW
menijch mael / menigmaal /  BW
mennig mael / menigmaal /  BW
menschelijker wijse / menselijkerwijs /  BW
met der daet / metterdaad /  BW
met der haest / metterhaast /  BW
met der hast / metterhaast /  BW
met der tijd / mettertijd /  BW
met der tijt / mettertijd /  BW
met eene / meteen /  BW
met eenen / meteen /  BW
met een / meteen /  BW
met Een / meteen /  BW
met eens / meteen /  BW
meter has / metterhaast /  BW
met Er Tydt / mettertijd /  BW
metten haest / metterhaast /  BW
metter aest / metterhaast /  BW
metter haast / metterhaast /  BW
metter haest / haast /  BW
metter haest / metterhaast /  BW
metter teijt / mettertijd /  BW
metter tijt / mettertijd /  BW
met ter tyd / mettertijd /  BW
metter tyt / mettertijd /  BW
middel door / middendoor /  BW
middeler tijt / middelertijd /  BW
middeler wijl / middelerwijl /  BW
mij en wilde / mijnentwil /  BW
mijnent haluen / mijnenthalve /  BW
mijnen’t halven / mijnenthalve /  BW
mijnent halven / mijnenthalve /  BW
mijnent twegen / mijnentwege /  BW
mijn en tweege / mijnentwege /  BW
mijnent weege / mijnentwege /  BW
mijnent weegen / mijnentwege /  BW
mijnent weeghe / mijnentwege /  BW
mijnen twege / mijnentwege /  BW
mijn en twegen / mijnentwege /  BW
mijn ent wegen / mijnentwege /  BW
mijnent wegen / mijnentwege /  BW
mijn en Tweghe / mijnentwege /  BW
mijnent weghen / mijnentwege /  BW
mijn en weghe / mijnentwege /  BW
mijnnent tweeghe / mijnentwege /  BW
mijn nen t’wegen / mijnentwege /  BW
mijnnent wel / mijnentwil /  BW
mij waarts / mijwaarts /  BW
minent haluen / mijnenthalve /  BW
minent weegen / mijnentwege /  BW
minnent weegen / mijnentwege /  BW
min twege / mijnentwege /  BW
mits desen / mitsdezen /  BW
mjnnen wegen / mijnentwege /  BW
moende lijck / mondelijk /  BW
moge lyk / mogelijk /  BW
morgen avont / morgenavond /  BW
morgen oggen / morgenochtend /  BW
morgen ogtent / morgenochtend /  BW
morgen vroech / morgenvroeg /  BW
mynent halven / mijnenthalve /  BW
mynent weege / mijnentwege /  BW
naader handt / naderhand /  BW
naar toe / naartoe /  BW
na bij / nabij /  BW
na by / nabij /  BW
nader haent / naderhand /  BW
naeder ant / naderhand /  BW
naerder hant / naderhand /  BW
naer deyen / nadien /  BW
naer toe / naartoe /  BW
nae toe / daarnaartoe /  BW
nae toe / naartoe /  BW
na maals / namaals /  BW
na Toe / naartoe /  BW
natuere lijck / natuurlijk /  BW
naturâ ipsâ / natura ipsa /  BW
niet met allen / niemendal /  BW
niet te mijn / niettemin /  BW
niet te min / niettemin /  BW
niet temin / niettemin /  BW
nijmmer meer / nimmermeer /  BW
nimmer meer / nimmermeer /  BW
noch ael / nogal /  BW
noch al / nogal /  BW
Noch Al / nogal /  BW
noch tans / nochtans /  BW
nog al / nogal /  BW
nog Al / nogal /  BW
Nog al / nogal /  BW
nogh maals / nogmaals /  BW
nog maal / nogmaals /  BW
nog maals / nogmaals /  BW
nog Maals / nogmaals /  BW
Nog maals / nogmaals /  BW
Nog Maals / nogmaals /  BW
nog mals / nogmaals /  BW
nok mals / nogmaals /  BW
n u / nu /  BW
oe Lang / hoelang /  BW
om aldien / omaldien /  BW
om her / omher /  BW
om hoogh / omhoog /  BW
om hoog / omhoog /  BW
om standig / omstandig /  BW
om streeks / omstreeks /  BW
om trent / daaromtrent /  BW
onder duzen maal / honderdduizendmaal /  BW
onderen tusschen / ondertussen /  BW
onder meer / ondermeer /  BW
onderste boven / ondersteboven /  BW
ondersten booven / ondersteboven /  BW
onder tuschen / ondertussen /  BW
onder tusschen / ondertussen /  BW
onder tussen / ondertussen /  BW
onder weech / onderweg /  BW
onder weeg / onderweg /  BW
Onder Weeg / onderweg /  BW
onder wegens / onderweg /  BW
onder wege / onderweg /  BW
onder weges / onderweg /  BW
onsen’t wegen / onzentwege /  BW
onsent wegen / onzentwege /  BW
onsent wege / onzentwege /  BW
onsen wegen / onzentwege /  BW
oopen baer lick / openbaarlijk /  BW
oover al / overal /  BW
oover weg / overweg /  BW
oower lange / overlang /  BW
op eens / opeens /  BW
op handen / ophanden /  BW
op hande / ophanden /  BW
op nieuw / opnieuw /  BW
op nieuws / opnieuw /  BW
ouer all / overal /  BW
ouer al / overal /  BW
ouer lant / overland /  BW
ouer stijer / overstuur /  BW
over al / overal /  BW
over als / overal /  BW
over boord / overboord /  BW
over boort / overboord /  BW
over een / overeen /  BW
over en weegens / overwegend /  BW
over henen / overheen /  BW
over land / overland /  BW
over Lange / overlang /  BW
over lang / overlang /  BW
over Lang / overlang /  BW
over lant / overland /  BW
over stier / overstuur /  BW
over Zijde / overzij /  BW
ower maattig / overmatig /  BW
per gouerno / per gouverno /  BW
Pro Déo / pro deo /  BW
quadt deechs / kwaaddeegs /  BW
quaet daghs / kwaaddeegs /  BW
rechte voert / rechtevoort /  BW
rechte voirt / rechtevoort /  BW
rechte voort / rechtevoort /  BW
recht uit / rechtuit /  BW
reechte voort / rechtevoort /  BW
regte voort / rechtevoort /  BW
Regt Uyt / rechtuit /  BW
rehte wort / rechtevoort /  BW
reijs veerdich / reisvaardig /  BW
rond om / rondom /  BW
saterdach morgen / zaterdagmorgen /  BW
saterdach smorgens / zaterdagmorgen /  BW
sater dachs / zaterdags /  BW
Saterdagh smorgens / zaterdagmorgen /  BW
sijns die / sindsdien /  BW
so daannig / zodanig /  BW
so eeven / zo-even /  BW
so Eeven / zo-even /  BW
soe lang / zolang /  BW
so even / zo-even /  BW
soe wel / zowel /  BW
Soe wel / zowel /  BW
so lange / zolang /  BW
so lang / zolang /  BW
So lang / zolang /  BW
soo als / alzo /  BW
sooda dra / zodra /  BW
soo danich / zodanig /  BW
soo danijgh / zodanig /  BW
soo doende / zodoende /  BW
soo draa / zodra /  BW
soo drae / zodra /  BW
Soo drae / zodra /  BW
soo dra / zodra /  BW
soo Dra / zodra /  BW
soo dree / zodra /  BW
soo dre / zodra /  BW
soo even / zo-even /  BW
soo haest / zohaast /  BW
soo hast / zohaast /  BW
Soo lange / zolang /  BW
soo langh / zolang /  BW
Soo langh / zolang /  BW
soo lang / zo /  BW
soo lang / zolang /  BW
soo seere / zozeer /  BW
soo seer / zozeer /  BW
Soo Seer / zozeer /  BW
soo ueer / zover /  BW
soo veel / zoveel /  BW
soo vell / zowel /  BW
soo verre / zover /  BW
soov wel / zowel /  BW
soo watt / zowat /  BW
soo wat / zowat /  BW
soo well / zowel /  BW
Soo well / zowel /  BW
soo wel / zowel /  BW
Soo wel / zowel /  BW
Soo Zeer / zozeer /  BW
so seer / zozeer /  BW
sous couvert / sous couvert /  BW
so veel / zoveel /  BW
so veer / zover /  BW
so wel / zowel /  BW
stoot voet / stootvoets /  BW
strate wardt / Straatwaarts /  BW
sub Littera / sub littera /  BW
suijt west / zuidwest /  BW
Tans woordig / thanswoordig /  BW
te deege / terdege /  BW
te degen / terdege /  BW
te de ge / terdege /  BW
te deghen / terdege /  BW
tee deegh / terdege /  BW
teegens woordig / tegenwoordig /  BW
Teegens woordig / tegenwoordig /  BW
teegen woordich / tegenwoordig /  BW
teegen Woordige / tegenwoordig /  BW
teegen woordig / tegenwoordig /  BW
te gaader / tegader /  BW
te geleijk / tegelijk /  BW
te gelijk / tegelijk /  BW
te gelyk / tegelijk /  BW
te gemoed / tegemoet /  BW
te gemoet / tegemoet /  BW
tegen aen / ertegenaan /  BW
tegens woordie / tegenwoordig /  BW
tegen swoordig / tegenwoordig /  BW
tegens woordig / tegenwoordig /  BW
tegen woerdich / tegenwoordig /  BW
tegen wooerdich / tegenwoordig /  BW
tegen woordich / tegenwoordig /  BW
tegen Woordich / tegenwoordig /  BW
tegen woordigh / tegenwoordig /  BW
tegen woordig / tegenwoordig /  BW
tegen woordijch / tegenwoordig /  BW
tegen woordych / tegenwoordig /  BW
tegen wordich / tegenwoordig /  BW
tegen wordigh / tegenwoordig /  BW
teggens woordig / tegenwoordig /  BW
teghen woerdeijg / tegenwoordig /  BW
teghen woordijgh / tegenwoordig /  BW
te goede / tegoed /  BW
te gooedt / tegoed /  BW
te huijs / thuis /  BW
Te huijs / thuis /  BW
te huis / thuis /  BW
te huys / thuis /  BW
te met / temet /  BW
te minste / tenminste /  BW
ten deghen / terdege /  BW
te niet / teniet /  BW
ten minsten / tenminste /  BW
ten minste / tenminste /  BW
ten voorschijn / tevoorschijn /  BW
te rchet / terecht /  BW
te recht / terecht /  BW
te regt / terecht /  BW
te Reijs / ereis /  BW
te ret / terecht /  BW
ter stond / terstond /  BW
te Rug / terug /  BW
ter wijl / terwijl /  BW
ter wile / terwijl /  BW
ter zyde / terzijde /  BW
te saamen / tezamen /  BW
te Saamen / tezamen /  BW
te saame / tezamen /  BW
te saem / altezamen /  BW
te saeme / altezamen /  BW
te saemen / tezamen /  BW
te saeme / tezamen /  BW
te samen / altezamen /  BW
te samen / tezamen /  BW
te same / tezamen /  BW
te sane / tezamen /  BW
te vergeefs / tevergeefs /  BW
Te voeren / tevoren /  BW
te vooren / tevoren /  BW
te voore / tevoren /  BW
te voorn / tevoren /  BW
te voorschijn / tevoorschijn /  BW
te voor / tevoor /  BW
te voren / tevoren /  BW
te woerdig / tegenwoordig /  BW
te zaamen / tezamen /  BW
te Zaamen / tezamen /  BW
te zaame / tezamen /  BW
te zamen / tezamen /  BW
te Zamen / tezamen /  BW
t huijs / thuis /  BW
t huijswaert / thuiswaarts /  BW
t huys / thuis /  BW
Tien Duijsenmaal / tienduizendmaal /  BW
tien maal / tienmaal /  BW
tien mael / tienmaal /  BW
Tien / tienduizendmaal /  BW
tijd lijk / tijdelijk /  BW
[…] tijt / altijd /  BW
toe / daarnaartoe /  BW
toe hooren / toehoren /  BW
toen ter Tijd / toentertijd /  BW
toen ter Tyd / toentertijd /  BW
toe / waartoe /  BW
tot taal / totaal /  BW
tot talieter / totaliter /  BW
t Saamen / altezamen /  BW
t saame / tezamen /  BW
t saem / tezamen /  BW
t sedert / sedert /  BW
T sedert / sedert /  BW
tugen wordegh / tegenwoordig /  BW
t vergeefs / tevergeefs /  BW
twee maalen / tweemaal /  BW
Twee maal / tweemaal /  BW
twee mael / tweemaal /  BW
twee mal / tweemaal /  BW
twe mael / tweemaal /  BW
t zamen / tezamen /  BW
t zeedert / sedert /  BW
uan daagh / vandaag /  BW
uijt schoffelen / daaruit /  BW
u waerts / uwaarts /  BW
uwent halwen / uwenthalve /  BW
uwent wille / uwentwil /  BW
vaen her / vanhier /  BW
van auent / vanavond /  BW
van avond / vanavond /  BW
van avont / vanavond /  BW
van bijnnen / vanbinnen /  BW
van daag / vandaag /  BW
van Daag / vandaag /  BW
van daan / vandaan /  BW
van daar / vandaar /  BW
van Daar / vandaar /  BW
van dach / vandaag /  BW
van daech / vandaag /  BW
van daege / vandaag /  BW
van daeghe / vandaag /  BW
van daen / vandaan /  BW
van daen / waarvandaan /  BW
van daer / vandaar /  BW
van dage / vandaag /  BW
van dagh / vandaag /  BW
van dag / vandaag /  BW
van Dag / vandaag /  BW
van dan / vandaan /  BW
van dar / vandaar /  BW
van hier / vanhier /  BW
van Hier / vanhier /  BW
Van hier / vanhier /  BW
van hijer / vanhier /  BW
van hijr / vanhier /  BW
Van middach / vanmiddag /  BW
van / vandaar /  BW
van / vanhier /  BW
van waar / vanwaar /  BW
van Zelf / vanzelf /  BW
van Zelven / vanzelf /  BW
var dan / voortaan /  BW
var vor / waarvoor /  BW
var wel / wel /  BW
veel al / veelal /  BW
veel ligt / veellicht /  BW
Veel min / veelmin /  BW
veel tijedess / veeltijds /  BW
veel tijts / veeltijds /  BW
veer der / verder /  BW
vel al / veelal /  BW
vel haest / welhaast /  BW
ver der / verder /  BW
verre af / veraf /  BW
verscheiden der wegen / verscheidenerwege /  BW
vijt kome / daaruit /  BW
visa versa / vice versa /  BW
voel maels / veelmaals /  BW
voer disen / voordezen /  BW
voer erst / vooreerst /  BW
vol koome / volkomen /  BW
vol sleeghe / volslagen /  BW
von hyer / vanhier /  BW
voor aen / vooraan /  BW
voor af / vooraf /  BW
Voor Af / vooraf /  BW
voor als noch / vooralsnog /  BW
voor als nu / vooralsnu /  BW
voor al / vooral /  BW
voor bij / voorbij /  BW
voor by / voorbij /  BW
voor eerst / vooreerst /  BW
voor Eerst / vooreerst /  BW
Voor eerst / vooreerst /  BW
Voor Eerst / vooreerst /  BW
voor eertst / vooreerst /  BW
voor eerts / vooreerst /  BW
voor en al eer / voorenaleer /  BW
voor en aleer / voorenaleer /  BW
voor erst / vooreerst /  BW
voor gekomen / daarvoor /  BW
voor goed / voorgoed /  BW
voor handen / voorhanden /  BW
voor han de / voorhanden /  BW
voor hande / voorhanden /  BW
voor heen / voorheen /  BW
voor het / voorts /  BW
voor maels / voormaals /  BW
voor mijddach / voormiddag /  BW
voor naamelyk / voornamelijk /  BW
voor namelick / voornamelijk /  BW
voor namelijck / voornamelijk /  BW
voor namelyk / voornamelijk /  BW
voorname lyk / voornamelijk /  BW
voor namentlijk / voornamelijk /  BW
voor namentlyk / voornamelijk /  BW
voornament lyk / voornamelijk /  BW
voor op / voorop /  BW
voors eerst / vooreerst /  BW
voor spoedig / voorspoedig /  BW
voort aen / voortaan /  BW
voort taan / voortaan /  BW
voort taen / voortaan /  BW
voor uijtzien / daarvoor /  BW
voor uit / vooruit /  BW
Voor Zeeker / voorzeker /  BW
vor al / vooral /  BW
vor eerst / vooreerst /  BW
vor taan / voortaan /  BW
vor uyt / vooruit /  BW
vreede lick / vredelijk /  BW
vrij all / vrijal /  BW
vrij al / vrijal /  BW
vrijnde lick / vriendelijk /  BW
vrinde lick / vriendelijk /  BW
vyeftych mael / vijftigmaal /  BW
waar aan / waaraan /  BW
Waar aan / waaraan /  BW
waar an / waaraan /  BW
waar bij / waarbij /  BW
waar by / waarbij /  BW
waar door / waardoor /  BW
Waar door / waardoor /  BW
waar heen / waarheen /  BW
waar inne / waarin /  BW
Waar inne / waarin /  BW
waar inn / waarin /  BW
waar in / waarin /  BW
waar In / waarin /  BW
Waar in / waarin /  BW
Waar In / waarin /  BW
waar jn / waarin /  BW
waar meden / waarmee /  BW
waar mede / waarmee /  BW
Waar Mede / waarmee /  BW
waar meede / waarmee /  BW
Waar meede / waarmee /  BW
Waar Meede / waarmee /  BW
waar meę / waarmee /  BW
Waar Naar / waarnaar /  BW
waar naa / waarnaar /  BW
waar naer toe / waarnaartoe /  BW
waar naer / waarnaar /  BW
waar nae toe / waarnaartoe /  BW
waar nae / waarna /  BW
waar na / waar /  BW
waar na / waarnaar /  BW
waar na / waarna /  BW
waar Omtrend / waaromtrent /  BW
waar omtrent / waaromtrent /  BW
waar om / waarom /  BW
waar onder / waaronder /  BW
Waar onder / waaronder /  BW
waar oouer / waarover /  BW
waar oover / waarover /  BW
waar op / waarop /  BW
waar Op / waarop /  BW
Waar op / waarop /  BW
waar over / waarover /  BW
Waar over / waarover /  BW
waar tegen / waartegen /  BW
waar toe / waartoe /  BW
Waar toe / waartoe /  BW
waar uijt / waaruit /  BW
waar uit / waaruit /  BW
waar uyt / waaruit /  BW
waar vandaan / waarvandaan /  BW
waar van / waarvan /  BW
waar Van / waarvan /  BW
Waar Van / waarvan /  BW
waar voor / waarvoor /  BW
Waar voor / waarvoor /  BW
Waar Voor / waarvoor /  BW
waer aan / waaraan /  BW
waer aen / waaraan /  BW
waer Aen / waaraan /  BW
waer an / waaraan /  BW
waer bij / waarbij /  BW
waer by / waarbij /  BW
waer doer / waardoor /  BW
waer door / waardoor /  BW
waer heen / waarheen /  BW
waer ijn / waarin /  BW
waer in / waarin /  BW
waer In / waarin /  BW
waer jn / waarin /  BW
waer mede / waarmee /  BW
Waer mede / waarmee /  BW
waer meeden / waarmee /  BW
waer meede / waarmee /  BW
waer naer toe / waarnaartoe /  BW
waer naertoe / waarnaartoe /  BW
waer naer / waarnaar /  BW
waer nae toe / waarnaartoe /  BW
waer nae / waarnaar /  BW
waer na toe / waarnaartoe /  BW
waer na / waarnaar /  BW
waer om / waarom /  BW
waer onder / waaronder /  BW
waer op / waarop /  BW
waer ouer / waarover /  BW
waer over / waarover /  BW
waer tegens / waartegen /  BW
Waer tegens / waartegen /  BW
waer toe / waartoe /  BW
waer uijt / waaruit /  BW
waer uit / waaruit /  BW
waer uor / waarvoor /  BW
waer uwyt / waaruit /  BW
waer uyt / waaruit /  BW
waer van / waarvan /  BW
waer vijt / waaruit /  BW
Waer vijt / waaruit /  BW
waer voer / waarvoor /  BW
waer voor / waarvoor /  BW
ward na tu / waarnaartoe /  BW
war na toe / waarnaartoe /  BW
war na / waarnaar /  BW
War op / waarop /  BW
war over / waarover /  BW
war rom / waarom /  BW
war van / waarvan /  BW
War Van / waarvan /  BW
war voor / waarvoor /  BW
war vor / waarvoor /  BW
weder om / alwederom /  BW
weder omme / wederom /  BW
weder om / wederom /  BW
weder on / wederom /  BW
weder sijts / wederzijds /  BW
weder sydts / wederzijds /  BW
weder zijts / wederzijds /  BW
weeder omme / wederom /  BW
weeder om / wederom /  BW
weeder sien / weder /  BW
weer om / weerom /  BW
Weer om / weerom /  BW
wel dra / wel /  BW
wel eens / weleens /  BW
wel Eens / weleens /  BW
wel es / weleens /  BW
wel haast / welhaast /  BW
wel haest / welhaast /  BW
wel hast / welhaast /  BW
wel hest / welhaast /  BW
wel ijns / weleens /  BW
Wel ras / welras /  BW
wer meede / waarmee /  BW
wer om / waarom /  BW
wonder lykste / wonderlijk /  BW
woor an / waaraan /  BW
zament lyk / zamenlijk /  BW
Zaturdag morgen / zaterdagmorgen /  BW
zeedert dien / sedertdien /  BW
zo doende / zodoende /  BW
Zo doenende / zodoende /  BW
zo dra / zodra /  BW
zo goed / zogoed /  BW
Zo goed / zogoed /  BW
zo lang / zolang /  BW
Zo lang / zolang /  BW
Zoo daanig / zo /  BW
zoo daanig / zodanig /  BW
zoo doende / zodoende /  BW
Zoo doende / zodoende /  BW
zoo eve / zo-even /  BW
zoo goedt / zogoed /  BW
zoo lange / zolang /  BW
zoo lang / zolang /  BW
Zoo Lang / zolang /  BW
zoo maar / zomaar /  BW
zoo min / zomin /  BW
zoo veel / zoveel /  BW
zoo Veel / zoveel /  BW
Zoo veel / zoveel /  BW
Zoo Veel / zoveel /  BW
zoo verre / zover /  BW
zoo ver / zover /  BW
Zoo wat / zowat /  BW
zoo wel / zowel /  BW
Zoo wel / zowel /  BW
zoo zeer / zozeer /  BW
zo veel / zoveel /  BW
zo ver / zover /  BW
zo viel / zoveel /  BW
zo well / zowel /  BW
zo wel / zowel /  BW
Zo wel / zowel /  BW
Zo Wel / zowel /  BW
zo zeer / zozeer /  BW
Zuyd oost Waards / zuidoostwaarts /  BW
