Aadre seeren / adresseren /  WW
Aaf halen / afhalen /  WW
aan belangd / aanbelangen /  WW
aan belangs / aanbelangen /  WW
aan belangt / aanbelangen /  WW
aan Belangt / aanbelangen /  WW
aan betreft / aanbetreffen /  WW
aan beveele / aanbevelen /  WW
aan beveelen / aanbevelen /  WW
aan beveelende / aanbevelen /  WW
aan bevele / aanbevelen /  WW
aan bevelen / aanbevelen /  WW
aan bevolen / aanbevelen /  WW
aan bevoole / aanbevelen /  WW
aan bevoolen / aanbevelen /  WW
aan bood / aanbieden /  WW
aan doen / aandoen /  WW
aan doet / aandoen /  WW
aan gaad / aangaan /  WW
aan gaaet / aangaan /  WW
aan gaan / aangaan /  WW
aan gaat / aangaan /  WW
Aan gaat / aangaan /  WW
Aan Gaat / aangaan /  WW
aan gaet / aangaan /  WW
aan gat / aangaan /  WW
Aan Gat / aangaan /  WW
aan gekomen / aankomen /  WW
aan geland / aanlanden /  WW
aan genomen / aannemen /  WW
aange noomen / aannemen /  WW
aan geraaden / aanraden /  WW
aan gerade / aanraden /  WW
aan gericht / aanrichten /  WW
aan gesteld / aanstellen /  WW
aan getast / aantasten /  WW
aan getroffen / aantreffen /  WW
aan gezien / aangezien /  WW
aan graat / aangaan /  WW
aan hangen / aanhangen /  WW
aan hoore / aanhoren /  WW
Aan houd / aanhouden /  WW
aan houde / aanhouden /  WW
aan houden / aanhouden /  WW
Aan houden / aanhouden /  WW
aan houwde / aanhouden /  WW
aan houwen / aanhouden /  WW
aan kante / aankanten /  WW
Aan kommen / aankomen /  WW
aan koom / aankomen /  WW
aan koomen / aankomen /  WW
aan loop / aanlopen /  WW
aan matigen / aanmatigen /  WW
aan merken / aanmerken /  WW
aan moedigen / aanmoedigen /  WW
aan neeme / aannemen /  WW
aan neemen / aannemen /  WW
aan Neemen / aannemen /  WW
aan nemen / aannemen /  WW
aan raden / aanraden /  WW
aan Rake / aanraken /  WW
aan Roopt / aanroepen /  WW
aan schouwen / aanschouwen /  WW
aan schryf / aanschrijven /  WW
aan sien / aanzien /  WW
aan staat / aanstaan /  WW
aan treeffen / aantreffen /  WW
Aan trefen / aantreffen /  WW
aan treffe / aantreffen /  WW
Aan treffe / aantreffen /  WW
aan treffein / aantreffen /  WW
aan treffen / aantreffen /  WW
Aan treffen / aantreffen /  WW
Aan Treffen / aantreffen /  WW
aan Treffen gesont / aantreffen /  WW
aan vangen / aanvangen /  WW
aan wende / aanwenden /  WW
aan zien / aanzien /  WW
achter blive / achterblijven /  WW
achter gelatten / achterlaten /  WW
achter houden / achterhouden /  WW
achterom komen / achteromkomen /  WW
achteruijt setten / achteruitzetten /  WW
achter volgen / achtervolgen /  WW
aduijs d / adviseren /  WW
aduijs t / adviseren /  WW
ad venteeren / adverteren /  WW
aeen hoeren / aanhoren /  WW
aef treck / aftrekken /  WW
aen bevolen / aanbevelen /  WW
aen bieden / aanbieden /  WW
aen biedt / aanbieden /  WW
aen brengen / aanbrengen /  WW
aen comt / aankomen /  WW
aen dienen / aandienen /  WW
aen doen / aandoen /  WW
aen doit / aandoen /  WW
aen gaat / aangaan /  WW
aen gaedt / aangaan /  WW
aen gaen / aangaan /  WW
aen gaende / aangaan /  WW
aen gaet / aangaan /  WW
Aen gaet / aangaan /  WW
aen gebeden / aanbidden /  WW
aen gebracht / aanbrengen /  WW
aen gedaen / aandoen /  WW
aen gehaelt / aanhalen /  WW
aen gekomen / aankomen /  WW
aen geleid / aanleiden /  WW
aen genomen / aannemen /  WW
aen gerloope / aanlopen /  WW
aen geseijt / aanzeggen /  WW
aen gesproken / aanspreken /  WW
aen getast / aantasten /  WW
aen geweest / zijn /  WW
aen ghet / aangaan /  WW
aen hangen / aanhangen /  WW
aen heeft / aanhebben /  WW
aen hooren / aanhoren /  WW
Aen hooren / aanhoren /  WW
aen hovwen / aanhouden /  WW
aen komen / aankomen /  WW
aen komt / aankomen /  WW
aen leggen / aanleggen /  WW
aen loopen / aanlopen /  WW
aen lopen / aanlopen /  WW
aen neemen / aannemen /  WW
aen nemen / aannemen /  WW
aen planten / aanplanten /  WW
aen porden / aanporren /  WW
aen quam / aankomen /  WW
aen quame / aankomen /  WW
aen saegen / aanzien /  WW
aen schouuen / aanschouwen /  WW
aen schouwen / aanschouwen /  WW
aen scouwen / aanschouwen /  WW
Aen setten / aanzetten /  WW
aen sie / aanzien /  WW
aen sijen / aanzien /  WW
aen spreecken / aanspreken /  WW
aen staedt / aanstaan /  WW
aen staen / aanstaan /  WW
aen staet / aanstaan /  WW
aen stellen / aanstellen /  WW
aen stelt / stellen /  WW
aen tasten / aantasten /  WW
aen teeckenen / aantekenen /  WW
aen treffe / aantreffen /  WW
aen vaerden / aanvaarden /  WW
aen wenden / aanwenden /  WW
aen wenschen / aanwensen /  WW
aen wijsen / aanwijzen /  WW
af betaale / afbetalen /  WW
af breckende / afbreken /  WW
af breeckend / afbreken /  WW
af breeke / afbreken /  WW
af breeken / afbreken /  WW
af breekende / afbreken /  WW
af Breekende / afbreken /  WW
af brek / afbreken /  WW
af breken / afbreken /  WW
af com / afkomen /  WW
af doen / afdoen /  WW
af eyssen / afeisen /  WW
aff Gaen / afgaan /  WW
aff geeven / afgeven /  WW
aff geft / afgeven /  WW
aff gekort / afkorten /  WW
aff gerake / afgeraken /  WW
aff gesonden / afzenden /  WW
aff komen / afkomen /  WW
Aff Laaden / afladen /  WW
aff racke / afraken /  WW
aff sien / afzien /  WW
aff stelen / afstellen /  WW
aff trekken / aftrekken /  WW
af gaan / afgaan /  WW
af gaat / afgaan /  WW
af gaet / afgaan /  WW
af gebrant / afbranden /  WW
af gedaan / afdoen /  WW
af gedaen / afdoen /  WW
af gedan / afdoen /  WW
af gedanckt / afdanken /  WW
Af ge eijst / afeisen /  WW
Af geeven / afgeven /  WW
af gehouden / afhouden /  WW
af gekomen / afkomen /  WW
af gekoomen / afkomen /  WW
af geloopen / aflopen /  WW
af genomen / afnemen /  WW
af geraaden / afraden /  WW
af gereden / afrijden /  WW
af geschreeven / afschrijven /  WW
af gesien / afzien /  WW
af ge sneden / afsnijden /  WW
Af gesneden / afsnijden /  WW
af Gesonde / afzenden /  WW
af gesonden / afzenden /  WW
af getrocken / aftrekken /  WW
af geveijlt / afvijlen /  WW
af geven / afgeven /  WW
af geweesen / afwijzen /  WW
af gheloopen / aflopen /  WW
af ging / afgaan /  WW
af gooijd / afgooien /  WW
af haalen / afhalen /  WW
af hangen / afhangen /  WW
af keeren / afkeren /  WW
af keuren / afkeuren /  WW
af komen / afkomen /  WW
af kommen / afkomen /  WW
af koomen / afkomen /  WW
af kregen / afkrijgen /  WW
af kunne / afkunnen /  WW
af Laden / afladen /  WW
af leggen / afleggen /  WW
af loopen / aflopen /  WW
af lopen / aflopen /  WW
af neemen / afnemen /  WW
af nemen / afnemen /  WW
af schepe / afschepen /  WW
af schilfere / afschilferen /  WW
af Schrijven / afschrijven /  WW
af senden / afzenden /  WW
af smeeken / afsmeken /  WW
af snijden / afsnijden /  WW
af staappen / afstappen /  WW
af tappen / aftappen /  WW
after blijeft / achterblijven /  WW
aft ghekordt / afkorten /  WW
af Veijlen / afveilen /  WW
af voordere / afvorderen /  WW
af vorderen / afvorderen /  WW
af wachten / afwachten /  WW
af wagten / afwachten /  WW
af wegen / afwegen /  WW
af wenden / afwenden /  WW
af zenden / afzenden /  WW
af Zenden / afzenden /  WW
Af zenden / afzenden /  WW
af zien / afzien /  WW
af Zien / afzien /  WW
agter blyven / achterblijven /  WW
agter gaan / achtergaan /  WW
agter gelatene / achterlaten /  WW
agter uijt / achteruitteren /  WW
agter Uyt / achteruitzien /  WW
agteruyt gaan / achteruitgaan /  WW
agteruyt gegaan / achteruitgaan /  WW
al / wederomhebben /  WW
an belang / aanbelangen /  WW
anbe langet / aanbelangen /  WW
an belangt / aanbelangen /  WW
an betreft / aanbetreffen /  WW
an bevolen / aanbevelen /  WW
an Gaad / aangaan /  WW
an gaat / aangaan /  WW
an gad / aangaan /  WW
an Gad / aangaan /  WW
an gaet / aangaan /  WW
an genoomen / aannemen /  WW
an getast / aantasten /  WW
an horen / aanhoren /  WW
an koomen / aankomen /  WW
an ruepen / aanroepen /  WW
An Schouwen / aanschouwen /  WW
an trefen / aantreffen /  WW
an treffe / aantreffen /  WW
an treffen / aantreffen /  WW
ant woorden / antwoorden /  WW
auer kaemen / overkomen /  WW
be bedencken / bedenken /  WW
becendt maecke / bekendmaken /  WW
becent gemaeckt / bekendmaken /  WW
becent maecken / bekendmaken /  WW
be commen / bekomen /  WW
be dancken / bedanken /  WW
be droeue / bedroeven /  WW
beet gehat / beethebben /  WW
bee waert / bewaren /  WW
be gendt / beginnen /  WW
be gonsten / beginnen /  WW
be graeve / begraven /  WW
be hagt / behagen /  WW
be handigen / behandigen /  WW
be han dige / voortbehandigen /  WW
be handige / voortbehandigen /  WW
be handijgen / behandigen /  WW
be handijngen / behandigen /  WW
be houue / behouden /  WW
beijten slijten / buitensluiten /  WW
bekend maaken / bekendmaken /  WW
Bekend maaken / bekendmaken /  WW
bekendt gemackt / bekendmaken /  WW
bekendt maken / bekendmaken /  WW
bekent gemaackt / bekendmaken /  WW
bekent gemaakt / bekendmaken /  WW
bekent gemackt / bekendmaken /  WW
bekent gemaeckt / bekendmaken /  WW
bekent maaken / bekendmaken /  WW
bekent Maaken / bekendmaken /  WW
bekent macken / bekendmaken /  WW
bekent maecken / bekendmaken /  WW
bekent maeken / bekendmaken /  WW
bekent maken / bekendmaken /  WW
be koemen / bekomen /  WW
be leeft / beleven /  WW
be leuen / beleven /  WW
be lif / believen /  WW
be lijeft / believen /  WW
be looft / beloven /  WW
be mint / beminnen /  WW
benarich ten / benarichten /  WW
bennen gecomen / binnenkomen /  WW
bennen geloopen / binnenlopen /  WW
ben nen / zijn /  WW
be schrijeuen / beschrijven /  WW
be schrijve / beschrijven /  WW
besock en / bezoeken /  WW
be stellen / bestellen /  WW
bestel len / bestellen /  WW
be taelen / betalen /  WW
bet aellen / betalen /  WW
be taelt / betalen /  WW
be talen / betalen /  WW
be treft / betreffen /  WW
be tuijgen / betuigen /  WW
be uelen / bevelen /  WW
beue len / bevelen /  WW
Beurt op / opbeuren /  WW
be vaert / bewaren /  WW
be vint / bevinden /  WW
be vogte / bevechten /  WW
be volen / bevelen /  WW
be voolen / bevelen /  WW
Be waare / bewaren /  WW
be waart / bewaren /  WW
be waeren / bewaren /  WW
be waert / bewaren /  WW
be waren / bewaren /  WW
be wege / bewegen /  WW
be wegen / bewegen /  WW
bewy se / bewijzen /  WW
bidde toe / toebidden /  WW
bij / bijbrengen /  WW
bij blijven / bijblijven /  WW
bij blyven / bijblijven /  WW
bij brengen / bijbrengen /  WW
bij brenghen / bijbrengen /  WW
bij comen / bijkomen /  WW
bij commen / bijkomen /  WW
bij compt / bijkomen /  WW
bij comt / bijkomen /  WW
bij een blijven / bijeenblijven /  WW
bij een brengen / bijeenbrengen /  WW
bij een brigen / bijeenbrengen /  WW
bij een crijgen / bijeenkrijgen /  WW
bij een gebonde / bijeenbinden /  WW
bij een gebracht / bijeenbrengen /  WW
bij een komen / bijeenkomen /  WW
bij een krijge / bijeenkrijgen /  WW
bij een trecken / bijeentrekken /  WW
bij een vergadert / bijeenvergaderen /  WW
bij een voegen / bijeenvoegen /  WW
bij gebrogt / bijbrengen /  WW
bij geleijt / bijleggen /  WW
bij gewoondt / bijwonen /  WW
bij gewoont / bijwonen /  WW
bij komen / bijkomen /  WW
bij koomen / bijkomen /  WW
bij krijgen / bijkrijgen /  WW
bij legen / bijleggen /  WW
bij setten / bijzetten /  WW
bij sluijten / bijsluiten /  WW
bij staan / bijstaan /  WW
Bij staan / bijstaan /  WW
bij staen / bijstaan /  WW
bij staet / bijstaan /  WW
bij wone / bijwonen /  WW
bij woonen / bijwonen /  WW
binen gekomen / binnenkomen /  WW
Binen gekoomen / binnenkomen /  WW
binne gesleept / binnenslepen /  WW
binne getreede / binnentreden /  WW
binne komen / binnenkomen /  WW
binne kwam / binnenkomen /  WW
binnen comen / binnenkomen /  WW
binnen coomen / binnenkomen /  WW
binnen gekomen / binnenkomen /  WW
binnen Gekomen / binnenkomen /  WW
binnen gekommen / binnenkomen /  WW
binnen gekoomem / binnenkomen /  WW
binnen Gekoomen / binnenkomen /  WW
Binnen gekoomen / binnenkomen /  WW
binnen geroepen / binnenroepen /  WW
binnen ghe koomen / binnenkomen /  WW
binnen komen / binnenkomen /  WW
binnen komt / binnenkomen /  WW
binnen quamen / binnenkomen /  WW
bloot staan / blootstaan /  WW
blyft naa / nablijven /  WW
blyft over / overblijven /  WW
boven drijven / bovendrijven /  WW
bracht meede / meebrengen /  WW
bragt aan / aanbrengen /  WW
bragte door / doorbrengen /  WW
brak / breken /  WW
breckeden af / afbreken /  WW
breck of / afbreken /  WW
breckt of / afbreken /  WW
breecke af / afbreken /  WW
Breeg af / afbreken /  WW
breek af / afbreken /  WW
Breek af / afbreken /  WW
Breek Af / afbreken /  WW
breek aff / afbreken /  WW
Breek aff / afbreken /  WW
breek aft / afbreken /  WW
breeke af / afbreken /  WW
Breeke af / afbreken /  WW
Breekende af / afbreken /  WW
Breeke of / afbreken /  WW
breek hf / afbreken /  WW
breek of / afbreken /  WW
breekt af / afbreken /  WW
breekt door / doorbreken /  WW
breekt of / afbreken /  WW
brek af / afbreken /  WW
breke af / afbreken /  WW
breken of / afbreken /  WW
brenckt me / meebrengen /  WW
brengd voort / voortbrengen /  WW
brenge ver / wederbrengen /  WW
brengh mee / meebrengen /  WW
brenght mede / meebrengen /  WW
brenght meede / meebrengen /  WW
brengt mede / meebrengen /  WW
brengt mee / meebrengen /  WW
brent me / meebrengen /  WW
bringe aen / aanbrengen /  WW
buijten sluijten / buitensluiten /  WW
buldel der / bulderen /  WW
by brengen / bijbrengen /  WW
by een / bijeenkrijgen /  WW
By een koemen / bijeenkomen /  WW
by gekomen / bijkomen /  WW
by gestaan / bijstaan /  WW
by gestaen / bijstaan /  WW
by gewoond / bijwonen /  WW
by sette / bijzetten /  WW
by stan / bijstaan /  WW
Casseert in / incasseren /  WW
claer leggen / klaarliggen /  WW
claer raken / klaarraken /  WW
clear raeken / klaarraken /  WW
comdt tuis / thuiskomen /  WW
comen aen / aankomen /  WW
comen thuijs / thuiskomen /  WW
come tues / thuiskomen /  WW
com mede / meekomen /  WW
compt toe / toekomen /  WW
comt aen / aankomen /  WW
comt bij / bijkomen /  WW
comt over / overkomen /  WW
comt tehuys / thuiskomen /  WW
comt toe / toekomen /  WW
comt tuijs / thuiskomen /  WW
conder weeren / conderueren ? /  WW
Continu Eeren / continueren /  WW
conti nueren / continueren /  WW
coomen te huis / thuiskomen /  WW
coome thuys / thuiskomen /  WW
daal neder / nederdalen /  WW
dak komt / komen /  WW
danck ken / danken /  WW
dank segge / dankzeggen /  WW
deed aan / aandoen /  WW
deel neemen / deelnemen /  WW
deel nemen / deelnemen /  WW
deel nemt / deelnemen /  WW
deelt mede / meedelen /  WW
de huijs komme / thuiskomen /  WW
de kort doen / tekortdoen /  WW
delvde op / opdelven /  WW
den ken / denken /  WW
der gaet / doorgaan /  WW
der / uithalen /  WW
deur gecomen / doorkomen /  WW
dicht maecken / dichtmaken /  WW
diende aan / aandienen /  WW
dijcht gehouden / dichthouden /  WW
dmeede ghenoomen / meenemen /  WW
doed aan / aandoen /  WW
doedt geschoten / doodschieten /  WW
doedt wel / weldoen /  WW
doen aan / aandoen /  WW
doen aen / aandoen /  WW
doer koemen / doorkomen /  WW
doet aan / aandoen /  WW
doet af / doen /  WW
doet hopen / opendoen /  WW
doet te kort / tekortdoen /  WW
doet uijt / uitdoen /  WW
doet wel / weldoen /  WW
dood gebeten / doodbijten /  WW
dood slaan / doodslaan /  WW
doodt gesmeten / doodsmijten /  WW
door brenge / doorbrengen /  WW
door brengen / doorbrengen /  WW
door gaan / doorgaan /  WW
door gebracht / doorbrengen /  WW
door gebragt / doorbrengen /  WW
door gebroocken / doorbreken /  WW
door gegaen / doorgaan /  WW
door gestaan / doorstaan /  WW
door kijcken / doorkijken /  WW
door koemen / doorkomen /  WW
door komen / doorkomen /  WW
door schakert / doorschakeren /  WW
doot Gebleeven / doodblijven /  WW
doot geschooten / doodschieten /  WW
doot geschoten / doodschieten /  WW
doot geslagen / doodslaan /  WW
doot gevalle / doodvallen /  WW
doot gevallen / doodvallen /  WW
doot gheschoeten / doodschieten /  WW
doot schooten / doodschieten /  WW
doot schoten / doodschieten /  WW
dor sijen / doorzien /  WW
dragt voor / voordragen /  WW
dref op / opdrijven /  WW
droogd aff / afdrogen /  WW
droog krijgen / droogkrijgen /  WW
duer gaen / doorgaan /  WW
duijer kommen / doorkomen /  WW
Eens koomen / eenskomen /  WW
en gelopen / inlopen /  WW
en ship t / inschepen /  WW
er steeld / herstellen /  WW
er uit zag / eruitzien /  WW
er uitzien / eruitzien /  WW
Euth stan / uitstaan /  WW
ex pedieeren / expediëren /  WW
fer staen / verstaan /  WW
fluijt schip / fluitschip /  WW
foor looren / verliezen /  WW
gaa meede / meegaan /  WW
gaan heenen / heengaan /  WW
gaan mee / meegaan /  WW
gaan over / overgaan /  WW
gaan uydt / uitgaan /  WW
gaan uyt / uitgaan? /  WW
Gaan uyt / uitgaan /  WW
gaan Voort / voortgaan /  WW
gaat aan / aangaan /  WW
gaat an / aangaan /  WW
gaat heen / heengaan /  WW
gaat Meede / meegaan /  WW
gaat mee / meegaan /  WW
Gaat na / gaan /  WW
gaat oope / opengaan /  WW
gaat voord / voortgaan /  WW
gaat voort / voortgaan /  WW
gaat voor uijt / vooruitgaan /  WW
gaat wel / welgaan /  WW
gaa voord / voortgaan /  WW
gaa wel / welgaan /  WW
gaedt / toegaan /  WW
gaedt wel / welgaan /  WW
gaende over / overgaan /  WW
gaen mee / meegaan /  WW
gaen om / omgaan /  WW
gaen over / overgaan /  WW
gaen voort / voortgaan /  WW
gaen voor / voorgaan /  WW
gaen wecht / weggaan /  WW
gaen wel / welgaan /  WW
gae scooten / schieten /  WW
gaet aen / aangaan /  WW
gaet an / aangaan /  WW
gaet of / afgaan /  WW
gaet om / omgaan /  WW
gaet open / opengaan /  WW
gaet ouer / overgaan /  WW
gaet school / schoolgaan /  WW
gaet toe / toegaan /  WW
gaet uit / uitgaan /  WW
gaet voort / voortgaan /  WW
gaet wel / welgaan /  WW
gaff terug / teruggeven /  WW
gaf in / ingeven /  WW
gaf meede / meegeven /  WW
gaf over / overgeven /  WW
ga oover / overgaan /  WW
gat heenen / heengaan /  WW
gat schol / schoolgaan /  WW
ga voorby / voorbijgaan /  WW
Ga Voort / voortgaan /  WW
ge aduijs t / adviseren /  WW
geaduijs t / adviseren /  WW
ge antwoord / antwoorden /  WW
ge arravierd / arriveren /  WW
ge arvert / arriveren /  WW
ge bevrt / gebeuren /  WW
ge bleeven / blijven /  WW
ge brach / brengen /  WW
ge braght / brengen /  WW
ge brocht / brengen /  WW
ge broght / brengen /  WW
gebruijk maken / gebruikmaken /  WW
gebruijkt maken / gebruikmaken /  WW
gebruik maaken / gebruikmaken /  WW
ge bruyke / gebruiken /  WW
gebryk maake / gebruikmaken /  WW
ge bvert / gebeuren /  WW
gecom en / komen /  WW
ge cregen / krijgen /  WW
ge daan / doen /  WW
ge daen / doen /  WW
gedag seggen / gedagzeggen /  WW
ge dan / doen /  WW
Ge dan / doen /  WW
ge doot / doden /  WW
geeft op / opgeven /  WW
geeft over / overgeven /  WW
geeft Over / overgeven /  WW
Geeft over / overgeven /  WW
geen voort / voortgaan /  WW
ge equipeert / equiperen /  WW
geeuer gennen / vergunnen /  WW
geeve op / opgeven /  WW
geft toe / toegeven /  WW
ge gaan / gaan /  WW
ge gaen / gaan /  WW
Ge Geete / eten /  WW
ge geven / geven /  WW
ge goiet / uitgooien /  WW
ge groet / groeten /  WW
ge haat / hebben /  WW
ge hadt / hebben /  WW
ge haedt / hebben /  WW
ge halt / halen /  WW
ge hat / hebben /  WW
ge hatt / hebben /  WW
ge hert / horen /  WW
ge holpen / helpen /  WW
Ge holpen / helpen /  WW
ge hoort / horen /  WW
ge houden / ophouden /  WW
ge komen / komen /  WW
ge koomen / komen /  WW
ge koost / kosten /  WW
ge krege / krijgen /  WW
ge kregengen / krijgen /  WW
ge kregen / krijgen /  WW
ge kreghen / krijgen /  WW
ge leege / liggen /  WW
ge leegen / liggen /  WW
Ge leese / lezen /  WW
ge lef / gelieven /  WW
ge lege / liggen /  WW
ge lieft / gelieven /  WW
Ge loft / geloven /  WW
ge loove / geloven /  WW
ge lopen / lopen /  WW
Geluk wensche / gelukwensen /  WW
ge maackt / maken /  WW
ge maeckt / maken /  WW
ge melt / melden /  WW
ge merck / merken /  WW
genacht gezegd / genachtzeggen /  WW
genacht segge / genachtzeggen /  WW
genacht seggen / genachtzeggen /  WW
genacht segg / genachtzeggen /  WW
ge nietende / genieten /  WW
genoech doen / genoegdoen /  WW
ge nomen / nemen /  WW
ge opent / openen /  WW
ge pakt / pakken /  WW
ge passert / passeren /  WW
ge past / passen /  WW
Gepreesen teer / presenteren /  WW
ge prevereert / prefereren /  WW
ge proeft / proeven /  WW
ge recomendert / recommanderen /  WW
gerecom mandeert / recommanderen /  WW
gereed legge / gereedleggen /  WW
gereed leggen / gereedleggen /  WW
gereed maaken / gereedmaken /  WW
gereed staan / gereedstaan /  WW
gereet legge / gereedliggen /  WW
gereet leyt / gereedliggen /  WW
gereet liggen / gereedliggen /  WW
gereet maken / gereedmaken /  WW
Gereet maken / gereedmaken /  WW
ge regeert / regeren /  WW
gerust stellen / geruststellen /  WW
gerust stellen / rusten /  WW
ge schide / geschieden /  WW
ge schreefen / schrijven /  WW
ge schreeven / schrijven /  WW
ge schreuen / schrijven /  WW
ge schreven / schrijven /  WW
geschre ven / schrijven /  WW
ge schreve / schrijven /  WW
Ge schriven / schrijven /  WW
ge schryeven / schrijven /  WW
ge seet / zetten /  WW
ge sien / zien /  WW
ge sijt / zeggen /  WW
ge slecht / slechten /  WW
ge smolte / smelten /  WW
ge sonden / zenden /  WW
geson den / zenden /  WW
ge spilt / spillen /  WW
gesp rooken / spreken /  WW
ge sreven / schrijven /  WW
ge steurt / sturen /  WW
ge stockeen / steken /  WW
ge stolen / stelen /  WW
ge storven / sterven /  WW
ge stuert / sturen /  WW
ge stuijerdt / sturen /  WW
ge stuijrdt / sturen /  WW
ge swooren / zweren /  WW
ge trooffen / treffen /  WW
ge trout / trouwen /  WW
getrouw t / trouwen /  WW
gevangen setten / gevangenzetten /  WW
ge vest / zijn /  WW
ge vetten / geweten /  WW
ge Waarschout / waarschuwen /  WW
gewaar worden / gewaarworden /  WW
Gewaar worden / gewaarworden /  WW
gewaer wijerde / gewaarworden /  WW
gewaer wort / gewaarworden /  WW
ge warscot / waarschuwen /  WW
ge weecke / wijken /  WW
ge weest / zijn /  WW
ge weete / wijten /  WW
ge west / zijn /  WW
ge weten / weten /  WW
ge wont / wonen /  WW
ge worven / werven /  WW
ghe ghewest / zijn /  WW
ghe groet / groeten /  WW
ghe koome / komen /  WW
ghe maeckt / maken /  WW
ghe merckt / merken /  WW
ghenoet sackt / noodzaken /  WW
ghe qelt / kwellen /  WW
ghe raeckt / raken /  WW
ghe schreuen / schrijven /  WW
ghe screeuen / schrijven /  WW
ghe stijert / sturen /  WW
ghe vraght / vragen /  WW
ghe west / zijn /  WW
gh sijen / zien /  WW
gijen bijnnen / binnengaan /  WW
ginck uijt / uitgaan /  WW
gingen over / overgaan /  WW
gingh binnen / binnengaan /  WW
gingh heen / heengaan /  WW
ging mede / meegaan /  WW
ging weg / weggaan /  WW
git om / omgaan /  WW
g l / geleiden /  WW
goedden nacht / goedenachtzeggen /  WW
goede na[…]cat / goedenachtzeggen /  WW
goede nach / goedenachtzeggen /  WW
goede nachten seggen / goedenachtzeggen /  WW
goede nacht / goedenachtzeggen /  WW
Goede nacht / goedenachtzeggen /  WW
goede nacht segge / goedenachtzeggen /  WW
goede nacht seggen / goedenachtzeggen /  WW
goede nacht seghgen / goedenachtzeggen /  WW
goedenacht seijt / goedenachtzeggen /  WW
goede naect / goedenachtzeggen /  WW
goede naght / goedenachtzeggen /  WW
goede naght seght / goedenachtzeggen /  WW
goeden nach / goedenachtzeggen /  WW
goeden nacht / goedenachtzeggen /  WW
goeden nacht seggen / goedenachtzeggen /  WW
goeden nacht seghen / goedenachtzeggen /  WW
goeden naeght / goedenachtzeggen /  WW
goed gemaakt / goedmaken /  WW
goed gevonden / goedvinden /  WW
goed maaken / goedmaken /  WW
goed maken / goedmaken /  WW
goedt gevonde / goedvinden /  WW
goedt maacken / goedmaken /  WW
goed vind / goedvinden /  WW
Goed Vind / goedvinden /  WW
goe nach seggen / goedenachtzeggen /  WW
goet doen / goeddoen /  WW
goet duncken / goeddunken /  WW
goet dunck / goeddunken /  WW
goet gesproken / goedspreken /  WW
goet maak / goedmaken /  WW
goet vind / goedvinden /  WW
goet vindt / goedvinden /  WW
goet vint / goedvinden /  WW
goet vonden / goedvinden /  WW
gong voort / voortgaan /  WW
groot brengen / grootbrengen /  WW
groot maeckene / grootmaken /  WW
haangt uyt / uithangen /  WW
hachterom Comen / achteromkomen /  WW
had de / hebben /  WW
had den / hebben /  WW
hadde op / ophebben /  WW
haelt op / ophalen /  WW
hangt af / afhangen /  WW
han treffen / aantreffen /  WW
haut aen / aanhouden /  WW
hebbe af / afhebben /  WW
heb be / hebben /  WW
hebbe in / hebben /  WW
hebbe in / inhebben /  WW
hebben de / hebben /  WW
heb ben / hebben /  WW
hebben in / inhebben /  WW
hebben Jn / inhebben /  WW
hebben lief / liefhebben /  WW
hebben vor / voorhebben /  WW
heb de / hebben /  WW
heb in / inhebben /  WW
heb lief / liefhebben /  WW
heb lijef / liefhebben /  WW
heb lijff / liefhebben /  WW
hebt liev / liefhebben /  WW
heebe ben / hebben /  WW
heeft in / inhebben /  WW
heeft Jn / inhebben /  WW
heeft over / overhebben /  WW
heeft plaats / plaatshebben  /  WW
heen dwaalde / heendwalen /  WW
heene gaen / heengaan /  WW
heene gevloogen / heenvliegen /  WW
heen gaen / heengaan /  WW
heen gegaen / gaan /  WW
heen gesonde / heenzenden /  WW
heen ging / heengaan /  WW
hel pen / helpen /  WW
helpt te reche / terechthelpen /  WW
helpt te recht / terechthelpen /  WW
hen gan / heengaan /  WW
hen vaare / heenvaren /  WW
her stellen / herstellen /  WW
het lyef / liefhebben /  WW
het mee / medehebben /  WW
heuijs houden / huishouden /  WW
hielt over / overhouden /  WW
hier Innert / herinneren /  WW
hier / meebrengen /  WW
hoopen de / hopen /  WW
hoop en / hopen /  WW
hoor toe / toehoren /  WW
hoout op / ophouden /  WW
hort toe / toehoren /  WW
hou aan / aanhouden /  WW
houde aen / aanhouden /  WW
houden op / ophouden /  WW
houdt aan / aanhouden /  WW
houdt op / houden /  WW
houdt op / ophouden /  WW
houdt vaest / vasthouden /  WW
hou op / ophouden /  WW
hout op / ophouden /  WW
houwe / afhouden /  WW
huet staen / uitstaan /  WW
huijs houden / huishouden /  WW
huijt gaen / uitgaan /  WW
huijt gegan / uitgaan /  WW
hut ghevoerdt / uitvoeren /  WW
huys houwen / huishouden /  WW
ijn gegaert / ingaren /  WW
ijn genoemen / innemen /  WW
ijn heben / inhebben /  WW
ijn neemen / innemen /  WW
in Aebben / inhebben /  WW
in beelden / inbeelden /  WW
in boesemen / inboezemen /  WW
in bragt / inbrengen /  WW
in coopen / inkopen /  WW
in Crijgen / inkrijgen /  WW
in gaen / ingaan /  WW
in gecomen / inkomen /  WW
in gedrukt / indrukken /  WW
in geenomen / innemen /  WW
in gegeven / ingeven /  WW
in gekomen / inkomen /  WW
in gekommen / inkomen /  WW
in gekoome / inkomen /  WW
in gekoomen / inkomen /  WW
in Geladen / inladen /  WW
in gelaten / inlaten /  WW
in gelegen / inliggen /  WW
in geloopen / inlopen /  WW
in gelopen / inlopen /  WW
in ge nome / innemen /  WW
in genomen / innemen /  WW
in genoomen / innemen /  WW
in gepackt / inpakken /  WW
in gerigt / inrichten /  WW
in geschote / inschieten /  WW
in geslaagen / inslaan /  WW
in geslaag / inslaan /  WW
in geslagen / inslaan /  WW
in gesleep / inslepen /  WW
in ghenomen / innemen /  WW
in haalen / inhalen /  WW
In hadde / inhebben /  WW
in haede / inhebben /  WW
in halen / inhalen /  WW
in hebbende / inhebben /  WW
In hebbende / inhebben /  WW
In hebben / inhebben /  WW
in heben / inhebben /  WW
in hebt / inhebben /  WW
in heeft / inhebben /  WW
in huuren / inhuren /  WW
in Kaaseert / incasseren /  WW
in komen / inkomen /  WW
in koopen / inkopen /  WW
In krijge / inkrijgen /  WW
in krijghe / inkrijgen /  WW
in kwaam / inkomen /  WW
in laaden / inladen /  WW
in laden / inladen /  WW
in laet / inladen /  WW
in manen / inmanen /  WW
in neemen / innemen /  WW
In neemen / innemen /  WW
in nemen / innemen /  WW
in Pakken / inpakken /  WW
in schepen / inschepen /  WW
In schepen / inschepen /  WW
in scherpen / inscherpen /  WW
in senden / inzenden /  WW
in sinueeren / insinueren /  WW
in slaan / inslaan /  WW
in steeken / insteken /  WW
instem mende / instemmen /  WW
int fangen / ontvangen /  WW
int ge nomen / innemen /  WW
in voorderen / invorderen /  WW
in vorderen / invorderen /  WW
in waaijen / inwaaien /  WW
in wikkele / inwikkelen /  WW
in woonen / inwonen /  WW
in zetten / inzetten /  WW
jn geladen / inladen /  WW
Jn geladen / inladen /  WW
Jn Gelopen / inlopen /  WW
jn neemt / innemen /  WW
jnvoor meeren / informeren /  WW
jn vorderen / invorderen /  WW
kam tus / thuiskomen /  WW
kast stijt / kastijden /  WW
keerde in / inkeren /  WW
klaar komen / klaarkomen /  WW
Klaar komen / klaarkomen /  WW
klaar koome / klaarkomen /  WW
klaar koomen / klaarkomen /  WW
klaar kreijgen / klaarkrijgen /  WW
klaar krijge / klaarkrijgen /  WW
klaar lijt / klaarliggen /  WW
klaar Lijt / klaarliggen /  WW
klaar maaken / klaarmaken /  WW
klaar raaken / klaarraken /  WW
klaar Raaken / klaarraken /  WW
Klaar Raaken / klaarraken /  WW
klaer / klaarliggen /  WW
klaer leggen / klaarliggen /  WW
klaer liggen / klaarliggen /  WW
klaer maeken / klaarmaken /  WW
klaer raecken / klaarraken /  WW
klaer Raeken / klaarraken /  WW
klaer raken / klaarraken /  WW
komen aen / aankomen /  WW
komen te huijs / thuiskomen /  WW
komen / thuiskomen /  WW
komen t’hus / thuiskomen /  WW
komen weder om / wederomkomen /  WW
kome t’hus / thuiskomen /  WW
kome thuys / thuiskomen /  WW
komt aan / aankomen /  WW
komt / aankomen /  WW
komt aen / aankomen /  WW
komt an / aankomen /  WW
komt benne / binnenkomen /  WW
komt meede / meekomen /  WW
komt of / afkomen /  WW
komt over / overkomen /  WW
komt te huijs / thuiskomen /  WW
komt te huis / thuiskomen /  WW
komt te kort / tekortkomen /  WW
komt te regt / terechtkomen /  WW
komt thuys / thuiskomen /  WW
komt toe / toekomen /  WW
komt tuhijs / thuiskomen /  WW
komt tuijs / thuiskomen /  WW
komt tuis / thuiskomen /  WW
kom tus / thuiskomen /  WW
komt voor / voorkomen /  WW
kondt tun / kunnen /  WW
Konnen De / kunnen /  WW
koome na / nakomen /  WW
Koome Uyt / uitkomen /  WW
koompt voort / voortkomen /  WW
koomt te regt / terechtkomen /  WW
koomt tuijs / thuiskomen /  WW
koomt voor / voorkomen /  WW
koomt weeder / wederkomen /  WW
korten op / opkorten /  WW
kort op / opkorten /  WW
kre gen / krijgen /  WW
krijt wt / uitkrijten /  WW
krygen / bijeenkrijgen /  WW
kund en / kunnen /  WW
kun nende / kunnen /  WW
kwam oop / opkomen /  WW
kwam te huis / thuiskomen /  WW
kwam voor / voorkomen /  WW
kwyt gescholden / kwijtschelden /  WW
kwyt raake / kwijtraken  /  WW
laad aff / afladen /  WW
laadt toe / toelaten /  WW
laaten over / overlaten /  WW
laate uijdt / uitlaten /  WW
laat nae / nalaten /  WW
laat na / laten /  WW
laat na / nalaten /  WW
Laat na / nalaten /  WW
laat over / overlaten /  WW
Laat over / overlaten /  WW
laat toe / toelaten /  WW
laat Toe / toelaten /  WW
Laat uyt / uitlaten /  WW
laedt nae / nalaten /  WW
laete nae / nalaten /  WW
laet nae / nalaten /  WW
laet naer / nalaten /  WW
Laet naer / nalaten /  WW
laet na / nalaten /  WW
laet te / laten /  WW
laet toe / toelaten /  WW
lam geslaagen / lamslaan /  WW
laster en / lasteren /  WW
lastig gevallen / lastigvallen /  WW
lastigh vallen / lastigvallen /  WW
Lastigh vallen / lastigvallen /  WW
lastig uaelle / lastigvallen /  WW
lastig val / lastigvallen /  WW
lastig valle / lastigvallen /  WW
lastig vallen / lastigvallen /  WW
Lastig vallen / lastigvallen /  WW
laten toe / toelaten /  WW
laten voorbij / voorbijlaten /  WW
latt toe / toelaten /  WW
lech gestorven / leegsterven /  WW
Leeg gelast / leeglossen /  WW
Leeg gelost / leeglossen /  WW
Leeg gestorven / leegsterven /  WW
Leegh lossen / leeglossen /  WW
leeg sitten / leegzitten /  WW
leerd vooruyt / vooruitleren /  WW
leest oover / overlezen /  WW
legge gereet / gereedliggen /  WW
legge klaar / klaarleggen /  WW
leggen aen / aanleggen /  WW
leggen blood / blootliggen /  WW
leg gen / liggen /  WW
leggen op / opleggen /  WW
leggen over / overleggen /  WW
leghgen de / liggen /  WW
Leg Klaar / klaarliggen /  WW
leijt aen / aanleggen /  WW
leverden aen / aanleveren /  WW
leydt toe / toeleggen /  WW
lge bvert / gebeuren /  WW
lick aen / aanlikken /  WW
lieff hebbe / liefhebben /  WW
lieff heeft / liefhebben /  WW
lief gehad / liefhebben /  WW
lief gehadt / liefhebben /  WW
lief hebben / liefhebben /  WW
lief hebt / liefhebben /  WW
lieft had / liefhebben /  WW
lieft hebben / liefhebben /  WW
liepen uijt / uitlopen /  WW
liep voor uyt / vooruitlopen /  WW
liep wegh / weglopen /  WW
liet na / nalaten /  WW
liev gehad / liefhebben /  WW
Liev gehad / liefhebben /  WW
liev hebbe / liefhebben /  WW
liev hebben / liefhebben /  WW
lijeff hebbe / liefhebben /  WW
lijef hebbe / liefhebben /  WW
lijef hebben / liefhebben /  WW
lijef heb / liefhebben /  WW
lijef heebben / liefhebben /  WW
lijef heeft / liefhebben /  WW
lijef heft / liefhebben /  WW
loepen na / nalopen /  WW
loept vit / uitlopen /  WW
Loop rond / rondlopen /  WW
loopt los / loslopen /  WW
loopt om / omlopen /  WW
Loopt teegen / tegenlopen /  WW
loopt t samen / samenlopen /  WW
loopt uit / uitlopen /  WW
Loos Weercken / loswerken /  WW
lopt af / aflopen /  WW
lopt leegh / leeglopen /  WW
lopt neer / neerlopen /  WW
lopt tuijs / thuislopen /  WW
los krijgen / loskrijgen /  WW
los laaten / loslaten /  WW
lost macken / losmaken /  WW
lyef heb / liefhebben /  WW
lyef het / liefhebben /  WW
maak bekendt / bekendmaken /  WW
maak bekent / bekendmaken /  WW
maake bekend / bekendmaken /  WW
maake bekent / bekendmaken /  WW
maake wek / wegmaken /  WW
maakt bekent / bekendmaken /  WW
maakten vast / vastmaken /  WW
maakte uyt / uitmaken /  WW
maakt uyt / uitmaken /  WW
macken Preis / prijsmaken /  WW
mackt gereet / gereedmaken /  WW
mackt klaar / klaarmaken /  WW
maecken claer / klaarmaken /  WW
ma ken / maken /  WW
man kijeren / mankeren /  WW
me brenghen / meebrengen /  WW
medde genomen / meenemen /  WW
mede brenge / meebrengen /  WW
Mede Brenge / meebrengen /  WW
mede brengen / meebrengen /  WW
mede brenghe / meebrengen /  WW
mede brenghen / meebrengen /  WW
mede bren / meebrengen /  WW
mede brijen / meebrengen /  WW
mede brijngen / meebrengen /  WW
mede comen / meekomen /  WW
mede deelen / mededelen /  WW
mede deijlen / mededelen /  WW
mede doet / meedoen /  WW
mede gaan / meegaan /  WW
mede gaf / meegeven /  WW
mede gebragt / meebrengen /  WW
mede gebrocht / meebrengen /  WW
mede gegaen / meegaan /  WW
mede gegeven / meegeven /  WW
mede gekomen / meekomen /  WW
mede genome / meenemen /  WW
mede genomen / meenemen /  WW
mede genoomen / meenemen /  WW
mede gesonden / meezenden /  WW
mede gestijrt / meesturen /  WW
mede geue / meegeven /  WW
mede geven / meegeven /  WW
mede hebben / meehebben /  WW
mede heeft / medehebben /  WW
mede helpt / meehelpen /  WW
mede komen / meekomen /  WW
mede krijgen / medekrijgen /  WW
mede krijgt / meekrijgen /  WW
mede / meebrengen /  WW
mede nam / meenemen /  WW
mede Neme / meenemen /  WW
mede nemende / meenemen /  WW
mede nemen / meenemen /  WW
mede nijnt / meenemen /  WW
meden krygen / meekrijgen /  WW
meden Neemen / meenemen /  WW
mede reijien / meerijden /  WW
me doen / meedoen /  WW
mee bracht / meebrengen /  WW
mee brengen / meebrengen /  WW
mee brochten / meebrengen /  WW
meede bengen / meebrengen /  WW
meede brenge / meebrengen /  WW
Meede brenge / meebrengen /  WW
meede brengende / meebrengen /  WW
meede brengen / meebrengen /  WW
meede deele / mededelen /  WW
meede deelen / mededelen /  WW
meede delen / mededelen /  WW
meede dregende / meedragen /  WW
meede gebragt / meebrengen /  WW
meede gedeeld / mededelen /  WW
meede geeven / meegeven /  WW
Meede geeven / meegeven /  WW
meede gegeeven / meegeven /  WW
meede gegeven / meegeven /  WW
meede gekreegen / meekrijgen /  WW
meede genomen / meenemen /  WW
meede getrocken / meetrekken /  WW
meede gevaren / meevaren /  WW
meede geven / meegeven /  WW
meede Geven / meegeven /  WW
meede gevoert / meevoeren /  WW
meede komen / meekomen /  WW
meede krijgen / meekrijgen /  WW
meede neemen / meenemen /  WW
meede neempt / meenemen /  WW
meede senden / meezenden /  WW
mee doen / meedoen /  WW
mee gaan / meegaan /  WW
mee Gaan / meegaan /  WW
Mee gan / meegaan /  WW
mee geeve / meegeven /  WW
mee gefen / meegeven /  WW
mee Gekregen / meekrijgen /  WW
mee genoomen / meenemen /  WW
mee had / medehebben /  WW
mee heb / medehebben /  WW
mee heeft / medehebben /  WW
mee moet / meemoeten /  WW
mee nam / meenemen /  WW
mee neeme / meenemen /  WW
mee nemen / meenemen /  WW
mee spreeken / meespreken /  WW
mee stiert / meesturen /  WW
mee verset / meeverzetten /  WW
meij Brengen / meebrengen /  WW
merk aan / aanmerken /  WW
merke aan / aanmerken /  WW
merke aen / aanmerken /  WW
merken aan / aanmerken /  WW
mer senden / meezenden /  WW
met geefen / meegeven /  WW
met genomen / meenemen /  WW
met gestuurt / meesturen /  WW
met kregen / meekrijgen /  WW
met kregh / meekrijgen /  WW
met nemen / meenemen /  WW
mijs gedeelt / misdelen /  WW
mijs geloopen / mislopen /  WW
mijt genoemen / meenemen /  WW
mis gaet / misgaan /  WW
moes te / moeten /  WW
moet mee / meemoeten /  WW
moet te / moeten /  WW
moog t / mogen /  WW
naa Gezeete / nazitten /  WW
naa gezien / nazien /  WW
naa laaten / nalaten /  WW
naa Laaten / nalaten /  WW
naa laat / nalaten /  WW
naam af / afnemen /  WW
naar gevolght / navolgen /  WW
na bedaght / nabedenken /  WW
na behou / nabehouden /  WW
nache set / nachtzeggen /  WW
nae bleef / nablijven /  WW
nae gaen / nagaan /  WW
nae gelaten / nalaten /  WW
nae gezonden / nazenden /  WW
nae kommen / nakomen /  WW
nae Koomend / nakomen /  WW
nae koomen / nakomen /  WW
nae laaten / nalaten /  WW
nae laeten / nalaten /  WW
nae laten / nalaten /  WW
naer comen / nakomen /  WW
naer gaelaten / nalaten /  WW
naer laete / nalaten /  WW
naer laeten / nalaten /  WW
naer laten / nalaten /  WW
naer telaten / nalaten /  WW
na gaan / nagaan /  WW
na gaat / nagaan /  WW
na geplant / naplanten /  WW
na laate / nalaten /  WW
na laaten / nalaten /  WW
Na laaten / nalaten /  WW
na laat / nalaten /  WW
na laeten / nalaten /  WW
na late / nalaten /  WW
na laten / nalaten /  WW
namen in / innemen /  WW
na / nalopen /  WW
narigt en / narichten  /  WW
na senden / nazenden /  WW
na vraage / navragen /  WW
neder daelende / nederdalen /  WW
neder gevelt / neervellen /  WW
neder slaen / neerslaan /  WW
neder werpen / neerwerpen /  WW
neem aan / aannemen /  WW
neeme aen / aannemen /  WW
neeme deel / deelnemen /  WW
neemende of / afnemen /  WW
neeme op / opnemen /  WW
neeme waar / waarnemen /  WW
neempt aen / aannemen /  WW
neempt mede / meenemen /  WW
neempt toe / toenemen /  WW
neemt aen / aannemen /  WW
neemt af / afnemen /  WW
neemt aff / afnemen /  WW
neemt an / aannemen /  WW
neemt int / innemen /  WW
neemt mee / meenemen /  WW
neemt terug / terugnemen /  WW
neemt waar / waarnemen /  WW
neemt wech / wegnemen /  WW
neemt weg / wegnemen /  WW
neem waar / waarnemen /  WW
neer geleijt / neerleggen /  WW
neer geslaagen / neerslaan /  WW
neer Kompt / neerkomen /  WW
neer slaen / neerslaan /  WW
neer zetten / neerzetten /  WW
neer Zinken / neerzinken /  WW
nemen aen / aannemen /  WW
nemen af / afnemen /  WW
nemen met / meenemen /  WW
nemen toe / toenemen /  WW
nemen wech / wegnemen /  WW
neme op / opnemen /  WW
nempt aff / afnemen /  WW
nempt toe / toenemen /  WW
nempt waer / waarnemen /  WW
nemt Aen / aannemen /  WW
nemt waer / waarnemen /  WW
oepen geebroeken / openbreken /  WW
oepen geedaen / opendoen /  WW
of betaelt / afbetalen /  WW
of breekende / afbreken /  WW
of breken / afbreken /  WW
of brengen / afbrengen /  WW
ofer reeden / overrijden /  WW
ofer weenteren / overwinteren /  WW
off geloepen / aflopen /  WW
off laaden / afladen /  WW
off wachten / afwachten /  WW
of gaen / afgaan /  WW
of geeue / afgeven /  WW
of geschooten / afschieten /  WW
of geset / afzetten /  WW
of geslagen / afslaan /  WW
of gesne / afsnijden /  WW
of gesproken / afspreken /  WW
of ghegaen / afgaan /  WW
of ghestorven / afsterven /  WW
of hebrant / afbranden /  WW
of komt / afkomen /  WW
of koomen / afkomen /  WW
of Leijde / afleggen /  WW
of loope / aflopen /  WW
of loopen / aflopen /  WW
of lope / aflopen /  WW
of lopen / aflopen /  WW
of neemen / afnemen /  WW
of schette / afschieten /  WW
of sent / afzien /  WW
of slaen / afslaan /  WW
of vordre / afvorderen /  WW
of weesen / afzijn /  WW
om armen / omarmen /  WW
om brenghe / ombrengen /  WW
om commen / omkomen /  WW
ome / thuiskomen /  WW
om fangen / ontvangen /  WW
om fingh / ontvangen /  WW
om gaan / omgaan /  WW
om gaat / omgaan /  WW
om gadt / omgaan /  WW
om gaen / omgaan /  WW
om gaet / omgaan /  WW
om gekoom / omkomen /  WW
om gescuruen / omzwerven /  WW
om geslaagen / omslaan /  WW
om gevallen / omvallen /  WW
om ghort / omhoren /  WW
om helsen / omhelzen /  WW
om Helsen / omhelzen /  WW
om helse / omhelzen /  WW
om hels / omhelzen /  WW
om helst / omhelzen /  WW
om helzen / omhelzen /  WW
om hooren / omhoren /  WW
om keken / omkijken /  WW
om komen / omkomen /  WW
Om koomen / wederomkomen /  WW
om loepen / omlopen /  WW
omme gaet / omgaan /  WW
om packen / ompakken /  WW
om setten / omzetten /  WW
om sijn / omzien /  WW
om staet / omstaan /  WW
om steckt / ontsteken /  WW
om sukkeld / omsukkelen /  WW
om sweven / omzweven /  WW
omt singelt / omsingelen /  WW
omt slaghe / ontslagen /  WW
om var gevallen / omvervallen /  WW
om ver gewaayd / omverwaaien /  WW
om vrochte / omwrochten /  WW
om wende / omwenden /  WW
om wisselen / omwisselen /  WW
om Zien / omzien /  WW
onder gaaet / ondergaan /  WW
onder gaan / ondergaan /  WW
onder gaen / ondergaan /  WW
onder houden / onderhouden /  WW
onder Neemen / ondernemen /  WW
onder Regten / onderrichten /  WW
onder steunt / ondersteunen /  WW
onder vind / ondervinden /  WW
onder vonden / ondervinden /  WW
onder vragen / ondervragen /  WW
onder wesen / onderwijzen /  WW
ondt fangen / ontvangen /  WW
on fangen / ontvangen /  WW
on fange / ontvangen /  WW
on gat / omgaan /  WW
ont bieden / ontbieden /  WW
ont bloot / ontbloten /  WW
ont boden / ontbieden /  WW
ont eboden / ontbieden /  WW
ont fangen / ontvangen /  WW
ont fange / ontvangen /  WW
ont fanghen / ontvangen /  WW
ont ffangen / ontvangen /  WW
ontf n / ontvangen /  WW
ont last / ontlasten /  WW
ont moeten / ontmoeten /  WW
ont moet / ontmoeten /  WW
ont namen / ontnemen /  WW
ont singelt / omsingelen /  WW
ont slaan / ontslaan /  WW
ont stelde / ontstellen /  WW
ont vangen / ontvangen /  WW
ont vange / ontvangen /  WW
ont vanghen / ontvangen /  WW
ontwaar worden / ontwaarworden /  WW
oon faengen / ontvangen /  WW
oopen dee / opendoen /  WW
oopen gesneede / opensnijden /  WW
oouer hebbe / overhebben /  WW
oover gaen / overgaan /  WW
oover geschoote / overschieten /  WW
oover handigen / overhandigen /  WW
oover lede / overlijden /  WW
oover leeden / overlijden /  WW
oover macken / overmaken /  WW
oovers ziet / overschieten /  WW
op bijnde / opbinden /  WW
op blase / opblazen /  WW
op brengen / opbrengen /  WW
op brengt / opbrengen /  WW
op brocht / opbrengen /  WW
op comt / opkomen /  WW
op dagen / opdagen /  WW
op dragende / opdragen /  WW
op eeten / opeten /  WW
op eijssen / opeisen /  WW
open doen / opendoen /  WW
open gebroeken / openbreken /  WW
open gedaan / opendoen /  WW
open gedaen / opendoen /  WW
open gegaan / opengaan /  WW
open houue / openhouden /  WW
op gaan / opgaan /  WW
op gebracht / opbrengen /  WW
op Gebragt / opbrengen /  WW
op gebrocht / opbrengen /  WW
op gebroecken / opbreken /  WW
op gebroght / opbrengen /  WW
op gecommen / opkomen /  WW
op gedaan / opdoen /  WW
op geeijst / opeisen /  WW
op geeven / opgeven /  WW
op gehangen / ophangen /  WW
op geheven / opheffen /  WW
op ge kome / opkomen /  WW
op gelegt / opleggen /  WW
op geleijt / opleggen /  WW
op geloopen / oplopen /  WW
op gemaakt / opmaken /  WW
op gemerk / opmerken /  WW
op genomen / opnemen /  WW
op geoffert / opofferen /  WW
op gepropt / opproppen /  WW
op geqveckt / opkweken /  WW
op geset / opzetten /  WW
op ge sloote / opsluiten /  WW
op gestaen / opstaan /  WW
op getrocken / optrekken /  WW
op geuen / opgeven /  WW
op geven / opgeven /  WW
op gevulde / opvullen /  WW
op gevuldt / opvullen /  WW
op ghehaelt / ophalen /  WW
op ghehanghen / ophangen /  WW
op ghetrocken / optrekken /  WW
op gheven / opgeven /  WW
op Ging / opgaan /  WW
op hadde / hebben /  WW
Op haele / ophalen /  WW
op halen / ophalen /  WW
op hallen / ophalen /  WW
op hauden / ophouden /  WW
op hebben / ophebben /  WW
op heffen / opheffen /  WW
op houden / ophouden /  WW
op houd / ophouden /  WW
op hout / ophouden /  WW
op houwen / ophouden /  WW
op houwe / ophouden /  WW
op kloppe / opkloppen /  WW
op komen / opkomen /  WW
op kome / opkomen /  WW
op koomen / opkomen /  WW
op koome / opkomen /  WW
op leeve / opleven /  WW
op let / opletten /  WW
op letten / opletten /  WW
op loopen / oplopen /  WW
op maaken / opmaken /  WW
op maakt / opmaken /  WW
op maken / opmaken /  WW
op make / opmaken /  WW
op merken / opmerken /  WW
op neemen / opnemen /  WW
op neeme / opnemen /  WW
op nemen / opnemen /  WW
op Nieuws / opnieuw /  WW
op offeren / opofferen /  WW
op ontboden / opontbieden /  WW
op / ophouden /  WW
op passen / oppassen /  WW
op passe / oppassen /  WW
op past / oppassen /  WW
op queeken / opkweken /  WW
op schryven / opschrijven /  WW
op setten / opzetten /  WW
op slocken / opslokken /  WW
op sloog / opslaan /  WW
op soecken / opzoeken /  WW
op soike / opzoeken /  WW
op spueren / opspeuren /  WW
op staen / opstaan /  WW
op steeken / opsteken /  WW
op stellen / opstellen /  WW
op teijckenen / optekenen /  WW
op trecken / optrekken /  WW
op trekken / optrekken /  WW
op Trekken / optrekken /  WW
op Trokken / optrekken /  WW
op uoeren / opvoeren /  WW
op vaeren / opvaren /  WW
op varende / opvaren /  WW
op vissen / opvissen /  WW
op viste / opvissen /  WW
op voede / opvoeden /  WW
op volgen / opvolgen /  WW
op Volgen / opvolgen /  WW
Op Volgen / opvolgen /  WW
op vollen / opvullen /  WW
op vulle / opvullen /  WW
op waschen / opwassen /  WW
op wassen / opwassen /  WW
op wasse / opwassen /  WW
op wecken / opwekken /  WW
op zegghe / opzeggen /  WW
op zend / opzenden /  WW
ouer bleef / overblijven /  WW
ouer blijft / overblijven /  WW
ouer gebleuen / overblijven /  WW
ouer gecomen / overkomen /  WW
ouer geeue / overgeven /  WW
ouer gegeuen / overgeven /  WW
ouer gegeue / overgeven /  WW
ouer gehouden / overhouden /  WW
ouer geschooten / overschieten /  WW
ouer geuen / overgeven /  WW
ouer hebben / overhebben /  WW
ouer heb / overhebben /  WW
ouer komen / overkomen /  WW
ouer leden / overlijden /  WW
ouer leeft / overleven /  WW
ouer left / overleven /  WW
ouer schieten / overschieten /  WW
ouer senden / overzenden /  WW
ouer stueren / oversturen /  WW
ouer vallen / overvallen /  WW
oveer leden / overlijden /  WW
over betaelt / overbetalen /  WW
over blyven / overblijven /  WW
over brengen / overbrengen /  WW
over comen / overkomen /  WW
over Comen / overkomen /  WW
over doen / overdoen /  WW
over een komen / overeenkomen /  WW
over een komme / overeenkomen /  WW
over een koomen / overeenkomen /  WW
overeen stemmen / overeenstemmen /  WW
over gaan / overgaan /  WW
over gebleven / overblijven /  WW
over gebracht / overbrengen /  WW
over gecomen / overkomen /  WW
over geeven / overgeven /  WW
over ge gaan / overgaan /  WW
over ge gaen / overgaan /  WW
over gegaen / overgaan /  WW
over gehouden / overhouden /  WW
over gekomen / overkomen /  WW
over gekonen / overkomen /  WW
over Gelden / overgelden /  WW
over geleeft / overleven /  WW
over geleijt / overleggen /  WW
over gesonden / overzenden /  WW
over gestuurt / oversturen /  WW
over getransporttert / overtransporteren /  WW
over gevaaren / overvaren /  WW
over gevaren / overvaren /  WW
over geven / overgeven /  WW
over gewerkt / overwerken /  WW
over geworpen / overwerpen /  WW
over gezeijlt / overzeilen /  WW
over ghebleven / overblijven /  WW
over ghekreeghen / overkrijgen /  WW
over ginck / overgaan /  WW
over ging / overgaan /  WW
Over haalen / overhalen /  WW
over haat / overhebben /  WW
over handig / overhandigen /  WW
over heb / overhebben /  WW
over hebt / overhebben /  WW
over heeft / overhebben /  WW
over heelp / overhelpen /  WW
over hellen / overhellen /  WW
over houden / overhouden /  WW
over komen / overkomen /  WW
over kome / overkomen /  WW
over komt / overkomen /  WW
over koomen / overkomen /  WW
Over Koomen / overkomen /  WW
over koomt / overkomen /  WW
over leden / overlijden /  WW
over lede / overlijden /  WW
over leeden / overlijden /  WW
over leeven / overleven /  WW
over leeveren / overleveren /  WW
over leevert / overleveren /  WW
over legge / overleggen /  WW
over leven / overleven /  WW
over leveren / overleveren /  WW
over leyd / overleiden /  WW
over maeckt / overmaken /  WW
over maken / overmaken /  WW
over neemen / overnemen /  WW
over nemen / overnemen /  WW
over reekenen / overrekenen /  WW
over schieden / overschieten /  WW
over schieten / overschieten /  WW
over schiete / overschieten /  WW
over schijeten / overschieten /  WW
over schrijven / overschrijven /  WW
over senden / overzenden /  WW
over sende / overzenden /  WW
over setten / overzetten /  WW
over sien / overzien /  WW
over sparen / oversparen /  WW
over Stappen / overstappen /  WW
over steuren / oversturen /  WW
over stieren / oversturen /  WW
over stier / oversturen /  WW
over stieuren / oversturen /  WW
over stuijren / oversturen /  WW
over sturen / oversturen /  WW
over sturt / oversturen /  WW
over stuuren / oversturen /  WW
over uame / overvamen /  WW
over vallen / overvallen /  WW
over Zeijld / overzeilen /  WW
over Zenden / overzenden /  WW
over zende / overzenden /  WW
ower leeft / overleven /  WW
ower Legen / overleggen /  WW
ower senden / overzenden /  WW
ower sende / overzenden /  WW
pas ceren / passeren /  WW
pas hop / oppassen /  WW
pas op / oppassen /  WW
paste op / oppassen /  WW
past op / oppassen /  WW
Past op / oppassen /  WW
plaats gehad / plaatshebben  /  WW
Plaats gehad / plaatshebben  /  WW
Plaats Gehad / plaatshebben  /  WW
Plaats gevonden / plaatsvinden /  WW
Plaats hadde / plaatshebben  /  WW
plaats hadt / plaatshebben  /  WW
plaats hebbe / plaatshebben  /  WW
plaats vinden / plaatsvinden /  WW
preis macken / prijsmaken /  WW
prijse aan / aanprijzen /  WW
prijsent teert / presenteren /  WW
quaad spreeken / kwaadspreken /  WW
quaijt geraeckt / kwijtraken  /  WW
quam aen / aankomen /  WW
quam by / bijkomen /  WW
quame tuijs / thuiskomen /  WW
quam op / opkomen /  WW
quam over / overkomen /  WW
quam weer / weerkomen /  WW
Quam weer / weerkomen /  WW
quijet raeken / kwijtraken  /  WW
Quijt geraecken / kwijtraken  /  WW
quijt geraken / kwijtraken  /  WW
quijt raken / kwijtraken  /  WW
quit geraeckt / kwijtraken  /  WW
quit racken / kwijtraken  /  WW
quit raken / kwijtraken  /  WW
raakt kwijt / kwijtraken  /  WW
raakt vol / volraken /  WW
rackt op / opraken /  WW
recht veerdijgen / rechtvaardigen /  WW
reijse keere / risiqueren /  WW
rockenen op / oprokkenen /  WW
roepen toe / toeroepen /  WW
roept aen / aanroepen /  WW
roept aend / aanroepen /  WW
roept uit / uitroepen /  WW
rond drijven / ronddrijven /  WW
rond gaan / rondgaan /  WW
rond spoelen / rondspoelen /  WW
ruckt te samen / samenrukken /  WW
ruept an / aanroepen /  WW
rytug koome / terugkomen /  WW
sag uijt / uitzien /  WW
samen gevoeght / samenvoegen /  WW
samen voegen / samenvoegen /  WW
schee len / schelen /  WW
scheijde aff / afscheiden /  WW
schiet te kort / tekortschieten /  WW
schone make / schoonmaken /  WW
schon maken / schoonmaken /  WW
school gaan / schoolgaan /  WW
schoon gemaekt / schoonmaken /  WW
schoon maecken / schoonmaken /  WW
schoon maeckten / schoonmaken /  WW
schreij ven / schrijven /  WW
schreve wederom / wederomschrijven /  WW
Schreyve af / afschrijven /  WW
schrieft weder om / wederomschrijven /  WW
schrift weder om / wederomschrijven /  WW
schrift wederom / wederomschrijven /  WW
schrijeft weeder / wederschrijven /  WW
schrijeft wer / wederschrijven /  WW
schrijf af / afschrijven /  WW
Schrijft wederomme / wederomschrijven /  WW
schrijft wederom / wederomschrijven /  WW
schrijft weer / we(d)erschrijven /  WW
schrijven wederom / wederomschrijven /  WW
schrijve toe / toeschrijven /  WW
schryeft wederom / wederomschrijven /  WW
Schryft weerom / weeromschrijven /  WW
schynt toe / toeschijnen /  WW
sckiet over / overschieten /  WW
scolden uijt / uitschelden /  WW
screijft tu / toeschrijven /  WW
scryeft verom / weeromschrijven /  WW
secht aen / aanzeggen /  WW
secht goede nachten / goedenachtzeggen /  WW
secht goeden nacht / goedenachtzeggen /  WW
secht goeden Nacht / goedenachtzeggen /  WW
secht goenacht / goedenachtzeggen /  WW
seecht genaecht / genachtzeggen /  WW
seegt goedenach / goedenachtzeggen /  WW
see uen / schrijven /  WW
segen / goedenachtzeggen /  WW
segge / goedenachtzeggen /  WW
seg genach / genachtzeggen /  WW
seggen / goedenachtzeggen /  WW
seggen goeden / goedenachtzeggen /  WW
seghdt / goedenachtzeggen /  WW
seghe ghenacht / genachtzeggen /  WW
segh genach / genachtzeggen /  WW
segh genacht / genachtzeggen /  WW
segh goede nacht / goedenachtzeggen /  WW
seght genacht / genachtzeggen /  WW
seght genaght / genachtzeggen /  WW
seght ghenagh / genachtzeggen /  WW
seght goede nachten / goedenachtzeggen /  WW
seght / goedenachtzeggen /  WW
seght goede naght / goedenachtzeggen /  WW
seght tee / toezeggen /  WW
segt / goedenachtzeggen /  WW
segt goeden nacht / goedenachtzeggen /  WW
seijdt genacht / genachtzeggen /  WW
sen den / zenden /  WW
sende toe / toezenden /  WW
Sende weder / wederzenden /  WW
sent toe / toezenden /  WW
sent / toezenden /  WW
sette bij / bijzetten /  WW
set ter ujt / eruitzien /  WW
siedt toe / toezien /  WW
Sien / achteruitzien /  WW
sien an / aanzien /  WW
sien daar uyt / eruitzien /  WW
sien / wederomzien /  WW
siet aen / aanzien /  WW
sie tegemoet / tegemoetzien /  WW
siet foor / voorzien /  WW
siet om / omzien /  WW
siet toe / toezien /  WW
siet uyt / uitzien /  WW
siet vor / voorzien /  WW
sije toe / zien /  WW
sijet toe / toezien /  WW
sijet uijt / uitzien /  WW
sijet vijt / uitzien /  WW
sijn om / omzien /  WW
sitten vast / vastzitten /  WW
slaan op / opslaan /  WW
slaat over / overslaan /  WW
slaa weg / wegslaan /  WW
slaet af / afslaan /  WW
smelt Weg / wegsmelten /  WW
smijte wyt / uitsmijten /  WW
smijt toe / toesmijten /  WW
soe den / zullen /  WW
soek geraakt / zoekraken /  WW
soer gen / zorgen /  WW
speel vaare / spelevaren /  WW
spoelde weg / wegspoelen /  WW
spoelende rond / rondspoelen /  WW
sprak aan / aanspreken /  WW
spreck aen / aanspreken /  WW
spreck en / spreken /  WW
spreek aan / aanspreken /  WW
Spreekt tegen / tegenspreken /  WW
sreijft wer om / weeromschrijven /  WW
staad still / stilstaan /  WW
staat aan / aanstaan /  WW
Staat aan / aanstaan /  WW
staat Leedig / leegstaan /  WW
staat stil / stilstaan /  WW
staecken op / opsteken /  WW
staen an / aanstaan /  WW
staen stijl / stilstaan /  WW
staen toe / toestaan /  WW
staet aan / aanstaan /  WW
staet aen / aanstaan /  WW
staet om / omstaan /  WW
staet op / opstaan /  WW
staet stijel / stilstaan /  WW
staet stijl / stilstaan /  WW
staet tegen / tegenstaan /  WW
staet uijt / uitstaan /  WW
stan stijel / stilstaan /  WW
stappe af / afstappen /  WW
stat aen / aanstaan /  WW
stat op / opstaan /  WW
stat vast / vaststaan /  WW
steld bloot / blootstellen /  WW
stelden te weer / teweerstellen /  WW
Steld gerüst / geruststellen /  WW
stelle geseten / stilzitten /  WW
stellen te vreeden / tevredenstellen /  WW
stelt op / opstellen /  WW
stel uit / uitstellen /  WW
ster over / oversturen /  WW
steruen wech / wegsterven /  WW
sterven uyt / uitsterven /  WW
stiel sietten / stilzitten /  WW
stieren / thuissturen /  WW
stijere mete / meesturen /  WW
stijert ouer / oversturen /  WW
stijert tuijs / thuissturen /  WW
stil gehoude / stilhouden /  WW
stil gestaen / stilstaan /  WW
stil houden / stilhouden /  WW
stil houde / stilhouden /  WW
stil staen / stilstaan /  WW
stil staet / stilstaan /  WW
stil stan / stilstaan /  WW
strekt uit / uitstrekken /  WW
stuerden weerom / weeromsturen /  WW
stueren aur / oversturen /  WW
stuere over / oversturen /  WW
Stuer mee / meesturen /  WW
stuert weeder / wedersturen /  WW
stuijerdt oouer / oversturen /  WW
stur an / aansturen /  WW
stur over / oversturen /  WW
Stuurde uyt / uitsturen /  WW
swjcht stjl / stilzwijgen /  WW
swyg stil / stilzwijgen /  WW
te coert coomen / tekortkomen /  WW
te cort comen / tekortkomen /  WW
tecort comen / tekortkomen /  WW
te cort doen / tekortdoen /  WW
te Cort doen / tekortdoen /  WW
Teegen geloopen / tegenlopen /  WW
teeg en loop / tegenlopen /  WW
teegen loopt / tegenlopen /  WW
teerdt / achteruitteren /  WW
tegemoet komen / tegemoetkomen /  WW
tegemoet koomen / tegemoetkomen /  WW
tegemoet sien / tegemoetzien /  WW
tegemoet zien / tegemoetzien /  WW
tegen gaan / tegengaan /  WW
tegen geloopen / tegenlopen /  WW
tegen krijgen / tegenkrijgen /  WW
tegen stan / tegenstaan /  WW
tegen werken / tegenwerken /  WW
te Heus Kom / thuiskomen /  WW
te hiys vaaren / thuisvaren /  WW
te huijs blijft / thuisblijven /  WW
te huijs brengen / thuisbrengen /  WW
te huijs comen / thuiskomen /  WW
te huijs comt / thuiskomen /  WW
te huijs gebragt / thuisbrengen /  WW
te huijs gekoomen / thuiskomen /  WW
tehuijs gelaaten / thuislaten /  WW
te huijs gevaaren / thuisvaren /  WW
te huijs komen / thuiskomen /  WW
te huijs komt / thuiskomen /  WW
tehuijs komt / thuiskomen /  WW
te huijs Komt / thuiskomen /  WW
te huijs koomende / thuiskomen /  WW
te huijs koomen / thuiskomen /  WW
te huijs quant / thuiskomen /  WW
te huijs / thuissturen /  WW
te huis coomend / thuiskomen /  WW
te huis gekomen / thuiskomen /  WW
te Huis komen / thuiskomen /  WW
te huis koomen / thuiskomen /  WW
te huis koome / thuiskomen /  WW
te huis koomt / thuiskomen /  WW
te huis kwam / thuiskomen /  WW
tehus komen / thuiskomen /  WW
te hus kommen / thuiskomen /  WW
te huys gebragt / thuisbrengen /  WW
te huys gecomen / thuiskomen /  WW
tehuys gecoomen / thuiskomen /  WW
Tehuys kome / thuiskomen /  WW
Tehuys Komt / thuiskomen /  WW
te huys / thuiskomen /  WW
te kordt doen / tekortdoen /  WW
tekordt komdt / tekortkomen /  WW
te kort doen / tekortdoen /  WW
te kort gedaan / tekortdoen /  WW
te kort komen / tekortkomen /  WW
te kort komt / tekortkomen /  WW
te kort koomen / tekortkomen /  WW
te Kort quam / tekortkomen /  WW
ten huijs comen / thuiskomen /  WW
te niet doen / tenietdoen /  WW
te Niet loopen / tenietlopen /  WW
te reche helpe / terechthelpen /  WW
te rech helpe / terechthelpen /  WW
te rechte comen / terechtkomen /  WW
terechte Comen / terechtkomen /  WW
te rechte helpe / terechthelpen /  WW
te rechte komen / terechtkomen /  WW
te rechten brengen / terechtbrengen /  WW
te Rechten quamen / terechtkomen /  WW
te rechte raecke / terechtraken /  WW
te recht gekomen / terechtkomen /  WW
te recht ghekomen / terechtkomen /  WW
te recht helpen / terechthelpen /  WW
te recht komen / terechtkomen /  WW
te recht quaemt / terechtkomen /  WW
te recht quam / terechtkomen /  WW
te Recht quam / terechtkomen /  WW
te reght gekoomen / terechtkomen /  WW
te reght helpen / terechthelpen /  WW
te reght kome / terechtkomen /  WW
te regte komen / terechtkomen /  WW
te regt gekoomen / terechtkomen /  WW
te regt Gekoomen / terechtkomen /  WW
te regt gekoome / terechtkomen /  WW
te regt komen / terechtkomen /  WW
Te regt komt / terechtkomen /  WW
te regt koomen / terechtkomen /  WW
te regt koome / terechtkomen /  WW
te regt koomt / terechtkomen /  WW
ter neer geslaagen / terneerslaan /  WW
ter Toone stellen / tentoonstellen /  WW
te rug gaat / teruggaan /  WW
te ruggedrijven / terugdrijven /  WW
terug gehouden / terughouden /  WW
te rug gekoomen / terugkomen /  WW
te rüg gesonden / terugzenden /  WW
te rug haalen / terughalen /  WW
te rugh drijue / terugdrijven /  WW
te rugh gehouden / terughouden /  WW
terug keeren / terugkeren /  WW
te Rug keer / terugkeren /  WW
te rug komen / terugkomen /  WW
te rug koomen / terugkomen /  WW
te rug leggen / terugliggen /  WW
te rug zenden / terugzenden /  WW
ter weegh brengen / teweegbrengen /  WW
teuijs komen / thuiskomen /  WW
teuijs koomen / thuiskomen /  WW
te <uncertain>heuis</uncertain> quam / thuiskomen /  WW
teureden stellen / tevredenstellen /  WW
te / voortkomen /  WW
te vreden stellen / tevredenstellen /  WW
te vreeden Stellen / tevredenstellen /  WW
te vreede stellen / tevredenstellen /  WW
te wechge gebrocht / teweegbrengen /  WW
te weege bringen / teweegbrengen /  WW
te weeg gebragt / teweegbrengen /  WW
te weghe brengen / teweegbrengen /  WW
te weghe brenghen / teweegbrengen /  WW
te wereden stelen / tevredenstellen /  WW
te zaamen gezet / tezamenzetten /  WW
te zaamen woonen / tezamenwonen /  WW
thijus ghekomen / thuiskomen /  WW
thijus kome / thuiskomen /  WW
thues haelen / thuishalen /  WW
thuess gekamen / thuiskomen /  WW
thuijs breijngen / thuisbrengen /  WW
thuijs brengen / thuisbrengen /  WW
thuijs brenghen / thuisbrengen /  WW
thuijs Brenghen / thuisbrengen /  WW
thuijs comende / thuiskomen /  WW
t huijs comen / thuiskomen /  WW
thuijs comen / thuiskomen /  WW
thuijs come / thuiskomen /  WW
t’huijs coomen / thuiskomen /  WW
thuijs coomen / thuiskomen /  WW
thuijs Coomen / thuiskomen /  WW
thuijs gecomen / thuiskomen /  WW
thuijs gecoomen / thuiskomen /  WW
t huijs gekomen / thuiskomen /  WW
thuijs gekomen / thuiskomen /  WW
thuijs gestuurt / thuissturen /  WW
thuijs halen / thuishalen /  WW
t’huijs hoorden / thuishoren /  WW
thuijs hoorende / thuishoren /  WW
t'huijs komen / thuiskomen /  WW
t’huijs komen / thuiskomen /  WW
thuijs komen / thuiskomen /  WW
thuijs kompt / thuiskomen /  WW
thuijs komt / thuiskomen /  WW
thuijs quam / thuiskomen /  WW
thuis brengen / thuisbrengen /  WW
thuis come / thuiskomen /  WW
thuis gecomen / thuiskomen /  WW
thuis gekomen / thuiskomen /  WW
thuis haelle / thuishalen /  WW
thuis houden / thuishouden /  WW
thus comen / thuiskomen /  WW
thus komen / thuiskomen /  WW
thus koomen / thuiskomen /  WW
thuus quam / thuiskomen /  WW
thuuys koomen / thuiskomen /  WW
thuys Coomen / thuiskomen /  WW
thuys gebleven / thuisblijven /  WW
thuys gekoome / thuiskomen /  WW
t huys gekreeg / thuiskrijgen /  WW
thuys gelatten / thuislaten /  WW
Thuys halen / thuishalen /  WW
thuys komende / thuiskomen /  WW
thuys kom / thuiskomen /  WW
thuys koomende / thuiskomen /  WW
thuys quaem / thuiskomen /  WW
tius ghecom / thuiskomen /  WW
toe be hoort / toebehoren /  WW
toe bid / toebidden /  WW
toe brengen / toebrengen /  WW
toe brenge / toebrengen /  WW
toe comen / toekomen /  WW
toe comt / toekomen /  WW
toe coomen / toekomen /  WW
toe draagen / toedragen /  WW
toe draecht / toedragen /  WW
toe draeght / toedragen /  WW
toe gaet / toegaan /  WW
Toe gebragt / toebrengen /  WW
toe gecoome / toekomen /  WW
toe gedragen / toedragen /  WW
toe gedrage / toedragen /  WW
toe gereeckent / toerekenen /  WW
toe geschikt / toeschikken /  WW
toe geslagen / toeslaan /  WW
toe ge sloeten / toesluiten /  WW
toe gesonden / toezenden /  WW
Toe gesonden / toezenden /  WW
toe gesonde / toezenden /  WW
toe gevalle / toevallen /  WW
toe gevoegd / toevoegen /  WW
toe gevroren / toevriezen /  WW
toe gewenscht / toewensen /  WW
toe gewens / toewensen /  WW
toe gewenst / toewensen /  WW
toe komen / toekomen /  WW
toe kommen / toekomen /  WW
toe komt / toekomen /  WW
toe laat / toelaten /  WW
toe laet / toelaten /  WW
toe late / toelaten /  WW
toe lyt / toelaten /  WW
toe maken / toemaken /  WW
toe nam / toenemen /  WW
toe neemen / toenemen /  WW
toe nemen / toenemen /  WW
toe niet gedaen / tenietdoen /  WW
toe packen / toepakken /  WW
toe quam / toekomen /  WW
toe qvam / toekomen /  WW
toe schicken / toeschikken /  WW
toe schrijven / toeschrijven /  WW
toe screijven / toeschrijven /  WW
toe seijnden / toezenden /  WW
toe senden / toezenden /  WW
toe sende / toezenden /  WW
Toe sende / toezenden /  WW
toe send / toezenden /  WW
toe sien / toezien /  WW
toe sijn de / toezenden /  WW
toe sluijtten / toesluiten /  WW
toe spreecken / toespreken /  WW
Toe springen / toespringen /  WW
toe Stemmen / toestemmen /  WW
toe stiere / toesturen /  WW
toe stont / toestaan /  WW
toe stueren / toesturen /  WW
toeuw gesloeten / toesluiten /  WW
toe vertouwe / toevertrouwen /  WW
toe vertrouwen / toevertrouwen /  WW
toe vil / toevallen /  WW
toe voegen / toevoegen /  WW
toe wenschende / toewensen /  WW
toe wenschen / toewensen /  WW
toe wensche / toewensen /  WW
Toe Wensche / toewensen /  WW
toe wenscht / toewensen /  WW
toe wensende / toewensen /  WW
toe wensend / toewensen /  WW
toe wensen / toewensen /  WW
toe wenste / toewensen /  WW
toe zenden / toezenden /  WW
toe Zenden / toezenden /  WW
toe zende / toezenden /  WW
tois kome / thuiskomen /  WW
toi wens / toewensen /  WW
to pasen / toepassen /  WW
tot schrijwen / toeschrijven /  WW
treckt aen / aantrekken /  WW
trek op / optrekken /  WW
Trekt aff / aftrekken /  WW
tu compt / toekomen /  WW
tueijs comen / thuiskomen /  WW
tues comen / thuiskomen /  WW
tues stijeren / thuissturen /  WW
tuhijs gecomen / thuiskomen /  WW
tuhijs kome / thuiskomen /  WW
tuij coeme / thuiskomen /  WW
tuijs aellen / thuishalen /  WW
tuijs comen / thuiskomen /  WW
tuijs come / thuiskomen /  WW
tuijs compt / thuiskomen /  WW
tuijs comt / thuiskomen /  WW
tuijs Comt / thuiskomen /  WW
tuijs con / thuiskomen /  WW
tuijs coomen / thuiskomen /  WW
tuijs gebracht / thuisbrengen /  WW
tuijs gecomen / thuiskomen /  WW
tuijs gecoommen / thuiskomen /  WW
tuijs gekomen / thuiskomen /  WW
tuijs gekoomen / thuiskomen /  WW
tuijs ge koome / thuiskomen /  WW
tuijs gekoome / thuiskomen /  WW
tuijs gekreege / thuiskrijgen /  WW
tuijs gelaten / thuislaten /  WW
tuijs ghekomen / thuiskomen /  WW
tuijs ghekommen / thuiskomen /  WW
tuijs ghe koomen / thuiskomen /  WW
tuijs ghestyert / thuissturen /  WW
tuijs halen / thuishalen /  WW
tuijs hoorde / thuishoren /  WW
tuijs koemen / thuiskomen /  WW
tuijs komende / thuiskomen /  WW
tuijs komen / thuiskomen /  WW
tuijs kome / thuiskomen /  WW
tuijs kom / thuiskomen /  WW
tuijs komt / thuiskomen /  WW
tuijs koomen / thuiskomen /  WW
tuijs koome / thuiskomen /  WW
tuijs koomt / thuiskomen /  WW
tuijs krech / thuiskrijgen /  WW
tuijs quam / thuiskomen /  WW
tuijs sende / thuiszenden /  WW
tuijs stijeren / thuissturen /  WW
tuijs vaaren / thuisvaren /  WW
Tuijs vaaren / thuisvaren /  WW
tuis commen / thuiskomen /  WW
tuis comt / thuiskomen /  WW
tuis coomen / thuiskomen /  WW
tuis crijgen / krijgen /  WW
tuis gecomen / thuiskomen /  WW
tuis gehaldt / thuishalen /  WW
tuis gekome / thuiskomen /  WW
tuis haeldt / thuishalen /  WW
tuis komdt / thuiskomen /  WW
tuis komen / thuiskomen /  WW
tuis kommen / thuiskomen /  WW
tuis komt / thuiskomen /  WW
tuis kriggen / thuiskrijgen /  WW
tus comen / thuiskomen /  WW
tus commen / thuiskomen /  WW
tus comt / thuiskomen /  WW
tus gebleven / thuisblijven /  WW
tus gechregen / thuiskrijgen /  WW
tus gecomen / thuiskomen /  WW
tus ghelaten / thuislaten /  WW
tus komen / thuiskomen /  WW
tus kome / thuiskomen /  WW
tus komp / thuiskomen /  WW
tus komt / thuiskomen /  WW
tus koome / thuiskomen /  WW
tus rake / thuisraken /  WW
tuys commen / thuiskomen /  WW
tuys gecomen / thuiskomen /  WW
tuys gekome / thuiskomen /  WW
tuys gekom / thuiskomen /  WW
tuys gekoomen / thuiskomen /  WW
tuys houden / thuishouden /  WW
tuys komen / thuiskomen /  WW
tuys kommen / thuiskomen /  WW
tuys komt / thuiskomen /  WW
tuys koomen / thuiskomen /  WW
Tuys koomen / thuiskomen /  WW
tuys koome / thuiskomen /  WW
tuys koom / thuiskomen /  WW
tuys koomt / thuiskomen /  WW
tuys kwaamen / thuiskomen /  WW
tuys stueren / thuissturen /  WW
tuyst koomen / thuiskomen /  WW
tuys vaare / thuisvaren /  WW
tvijs komen / thuiskomen /  WW
tvs commen / thuiskomen /  WW
ueijt gevarer / uitvaren /  WW
uer geet / vergeten /  WW
uer get / vergeten /  WW
uer gheuen / vergeven /  WW
uer hopende / verhopen /  WW
uer hope / verhopen /  WW
uer leenen / verlenen /  WW
uer liesen / verliezen /  WW
uer lost / verlossen /  WW
uer mach / vermogen /  WW
uer sien / voorzien /  WW
uer staen / verstaan /  WW
uer wachten / verwachten /  WW
uet ghevaren / uitvaren /  WW
uid Geschieden / uitscheiden /  WW
uid Gestord / uitstorten /  WW
uiet geuaren / uitvaren /  WW
uiijt gheroeijt / uitroeien /  WW
uijdt geuallen / uitvallen /  WW
uijt bannen / uitbannen /  WW
uijt blijft / uitblijven /  WW
uijt blijven / uitblijven /  WW
uijt breijden / uitbreiden /  WW
uijt brijden / uitbreiden /  WW
uijt Brijden / uitbreiden /  WW
uijt bringen / uitbrengen /  WW
uijt comen / uitkomen /  WW
uijt deelen / uitdelen /  WW
uijt deijle / uitdelen /  WW
uijt dienen / uitdienen /  WW
Uijt Gaan / uitgaan /  WW
uijt gaen / uitgaan /  WW
uijt gaet / uitgaan /  WW
uijt gebarsten / uitbarsten /  WW
uijt geblaase / uitblazen /  WW
uijt geeft / uitgeven /  WW
uijt geft / uitgeven /  WW
uijt gegeven / uitgeven /  WW
uijt gekocht / uitkopen /  WW
uijt geloost / uitlozen /  WW
uijt gemaeckt / uitmaken /  WW
uijt gerecht / uitrichten /  WW
uijt geslagen / uitslaan /  WW
uijt gesondert / uitzonderen /  WW
uijt gestaan / uitstaan /  WW
uijt gestaen / uitstaan /  WW
uijt gestan / uitstaan /  WW
uijt gestorven / uitsterven /  WW
Uijt gestroijd / uitstrooien /  WW
uijt getrocke / uittrekken /  WW
uijt geuallen / uitvallen /  WW
uijt geuaren / uitvaren /  WW
uijt gevaaren / uitvaren /  WW
uijt gevaeren / uitvaren /  WW
uijt Gevallen / uitvallen /  WW
uijt gevaren / uitvaren /  WW
uijt ghegaen / uitgaan /  WW
uijt ghetoghen / tijgen /  WW
uijt ghe vaeren / uitvaren /  WW
uijt hangedt / uithangen /  WW
uijt hangt / uithangen /  WW
uijt houden / uithouden /  WW
uijt kappen / uitkappen /  WW
uijt koommen / uitkomen /  WW
uijt langen / uitlangen /  WW
uijt leest / uitlezen /  WW
uijt loopen / uitlopen /  WW
uijt Loopen / uitlopen /  WW
uijt maakte / uitmaken /  WW
uijt rechten / uitrichten /  WW
uijt reen / uitreden /  WW
uijt reijse / uitreizen /  WW
uijt roepe / uitroepen /  WW
uijt Rooken / uitroken /  WW
uijt sag / uitzien /  WW
uijt senden / uitzenden /  WW
uijt sien / uitzien /  WW
uijt siet / uitzien /  WW
uijt spreken / uitspreken /  WW
uijt staan / uitstaan /  WW
uijt staen / uitstaan /  WW
uijt staet / uitstaan /  WW
uijt steeckt / uitsteken /  WW
uijt stellen / uitstellen /  WW
uijt storten / uitstorten /  WW
uijt strecken / uitstrekken /  WW
uijt strekt / uitstrekken /  WW
uijt tellen / uittellen /  WW
uijtt geloopen / uitlopen /  WW
uijt trockt / uittrekken /  WW
uijt vallen / uitvallen /  WW
uijt valle / uitvallen /  WW
uijt valt / uitvallen /  WW
uijt varen / uitvaren /  WW
uijt wachten / uitwachten /  WW
uijt wercken / uitwerken /  WW
uit bleef / uitblijven /  WW
uit breijden / uitbreiden /  WW
uit drucken / uitdrukken /  WW
uit drukken / uitdrukken /  WW
uit gaen / uitgaan /  WW
Uit gaen / uitgaan /  WW
uit gehaelt / uithalen /  WW
uit gelopen / uitlopen /  WW
uit geruckt / uitrukken /  WW
uit gescheen / uitscheiden /  WW
uit gestaan / uitstaan /  WW
uit gestaen / uitstaan /  WW
uit geuare / uitvaren /  WW
uit gevallen / uitvallen /  WW
uit gevaren / uitvaren /  WW
uit gevoert / uitvoeren /  WW
uit ghevaren / uitvaren /  WW
uit lossen / uitlossen /  WW
uit rijcken / uitreiken /  WW
uit siet / uitzien /  WW
uit sijen / uitzien /  WW
uit sonder / uitzonderen /  WW
Uit terende / uitteren /  WW
uit / uitgooien /  WW
uit vaert / uitvaren /  WW
uit vallen / uitvallen /  WW
uit weesen / uitzijn /  WW
uit werken / uitwerken /  WW
uit zonderen / uitzonderen /  WW
unt vangen / ontvangen /  WW
urij komen / vrijkomen /  WW
uten geplundert / uitplunderen /  WW
uten gesopen / uitzuipen /  WW
ut geuaren / uitvaren /  WW
uydt borgen / uitborgen /  WW
uydt brengen / uitbrengen /  WW
uydt leueren / uitleveren /  WW
uydt sag / uitzien /  WW
uyt barsten / uitbarsten /  WW
uyt falen / uitvallen /  WW
uyt gaan / uitgaan /  WW
uyt gan / uitgaan /  WW
uyt gedeeld / uitdelen /  WW
uyt gegaan / uitgaan /  WW
uyt gekreegen / uitkrijgen /  WW
uyt gelagt / uitlachen /  WW
Uyt gelevert / uitleveren /  WW
uyt gericht / uitrichten /  WW
uyt gerust / uitrusten /  WW
uyt geSongen / uitzingen /  WW
uyt gestaan / uitstaan /  WW
uyt geuaren / uitvaren /  WW
uyt gevallen / uitvallen /  WW
uyt gevaren / uitvaren /  WW
uyt ghevaren / uitvaren /  WW
uyt hangt / uithangen /  WW
uyt koomen / uitkomen /  WW
uyt leeveren / uitleveren /  WW
uyt maake / uitmaken /  WW
uyt noemen / uitnoemen /  WW
uyt Rechten / uitrichten /  WW
uyt rusten / uitrusten /  WW
uyt schijden / uitscheiden /  WW
uyt sien / uitzien /  WW
uyt slijten / uitslijten /  WW
Uyt Valt / uitvallen /  WW
uyt walen / uitvallen /  WW
vaard wel / welvaren /  WW
Vaard wel / welvaren /  WW
vaare wel / welvaren /  WW
vaart well / welvaren /  WW
vaart wel / welvaren /  WW
Vaart wel / welvaren /  WW
Vaart Wel / welvaren /  WW
Vaart Wel. / welvaren /  WW
Vaar wel / welvaren /  WW
vaeren wel / welvaren /  WW
vaer leenen / verlenen /  WW
vaert mee / meevaren /  WW
vaert wel / welvaren /  WW
vaer wel / welvaren /  WW
vald af / afvallen /  WW
vald uyt / uitvallen /  WW
valt af / afvallen /  WW
valt lastig / lastigvallen /  WW
Valt uyt / uitvallen /  WW
valt voor / voorvallen /  WW
van Een Gescheurd / vaneenscheuren /  WW
vanght aen / aanvangen /  WW
vard wel / welvaren /  WW
varen de / varen /  WW
varen De / varen /  WW
vart weel / welvaren /  WW
vart wel / welvaren /  WW
var wel / welvaren /  WW
vast geknoopt / vastknopen /  WW
vast gemaakt / vastmaken /  WW
Vast Gespeijkert / vastspijkeren /  WW
vast gestelt / vaststellen /  WW
vast hegt / vasthechten /  WW
vast houde / vasthouden /  WW
vast maaken / vastmaken /  WW
vast maak / vastmaken /  WW
vast stont / vaststaan /  WW
veegt aff / afvegen /  WW
veer choecht / verkopen /  WW
veer geet / vergeten /  WW
veer hoeppen / verhopen /  WW
veer hopende / verhopen /  WW
veer hope / verhopen /  WW
veer hoppen / verhopen /  WW
veer koecht / verkopen /  WW
veer kooecht / verkopen /  WW
veer trock / vertrekken /  WW
veer weecken / verwekken /  WW
vel gaen / welgaan /  WW
ver aes te reerre / verassureren /  WW
ver anderen / veranderen /  WW
ver beiden / verbeiden /  WW
ver Bende / verbinden /  WW
verbij gaen / voorbijgaan /  WW
ver blenden / verblinden /  WW
ver blijf / verblijven /  WW
ver blijue / verblijven /  WW
ver Blijve / verblijven /  WW
Ver blijve / verblijven /  WW
Ver Blijve / verblijven /  WW
Ver Blyve / verblijven /  WW
ver cocht / verkopen /  WW
ver Coft / verkopen /  WW
ver coopen / verkopen /  WW
verder gaat / verdergaan /  WW
verdrije te / verdrieten /  WW
ver eenigen / verenigen /  WW
ver Excuseeren / verexcuseren /  WW
ver Gaan / vergaan /  WW
ver gaen / vergaan /  WW
ver geet / vergeten /  WW
ver geven / vergeven /  WW
ver gheter / vergeten /  WW
ver goedt / vergoeden /  WW
ver halen / verhalen /  WW
verhiepo tieceert / verhypothekeren /  WW
ver hinderen / verhinderen /  WW
ver hoede / verhoeden /  WW
ver hoepende / verhopen /  WW
ver hoepe / verhopen /  WW
ver hoep / verhopen /  WW
ver hoopenden / verhopen /  WW
ver hoo pende / verhopen /  WW
ver hoopende / verhopen /  WW
verhoopen de / verhopen /  WW
ver hoope / verhopen /  WW
Ver hoope / verhopen /  WW
Ver hoop / hopen /  WW
ver hoopt / verhopen /  WW
ver hoop / verhopen /  WW
ver ho penden / verhopen /  WW
verhopen den / verhopen /  WW
verhopen de / verhopen /  WW
ver hopen / verhopen /  WW
ver hope / verhopen /  WW
ver hop / verhopen /  WW
ver hove / verhopen /  WW
ver huijst / verhuizen /  WW
Ver huren / verhuren /  WW
ver kocht / verkopen /  WW
ver koct kocht / verkopen /  WW
ver koft / verkopen /  WW
ver kogt / verkopen /  WW
ver koogt / verkopen /  WW
ver koopen / verkopen /  WW
ver koos / verkiezen /  WW
ver kort / verkorten /  WW
ver laate / verlaten /  WW
ver laatte / verlaten /  WW
ver lanckt / verlangen /  WW
ver landt / verlangen /  WW
ver lange / verlangen /  WW
ver langht / verlangen /  WW
ver langt / verlangen /  WW
ver lang / verlangen /  WW
ver leenen / verlenen /  WW
ver leene / verlenen /  WW
ver lenen / verlenen /  WW
ver len / verlenen /  WW
ver leyje / verleiden /  WW
ver lienen / verlenen /  WW
ver liesen / verliezen /  WW
ver looren / verliezen /  WW
ver loren / verliezen /  WW
ver lost / verlossen /  WW
ver mac / vermogen /  WW
ver maent / vermanen /  WW
ver magh / vermogen /  WW
ver merdert / vermeerderen /  WW
ver mocht / vermogen /  WW
ver myne / vermenen /  WW
ver namen / vernemen /  WW
ver neemen / vernemen /  WW
ver neemt / vernemen /  WW
ver neme / vernemen /  WW
ver noomen / vernemen /  WW
vernoom men / vernemen /  WW
ver ongelukt / verongelukken /  WW
ver oorsaakt / veroorzaken /  WW
ver overt / veroveren /  WW
ver pligte / verplichten /  WW
ver sameelt / verzamelen /  WW
ver scheijnen / verschijnen /  WW
verscheuren van Een / vaneenverscheuren /  WW
ver setten / verzetten /  WW
ver set / verzetten /  WW
ver sien / voorzien /  WW
ver sijee / verzien /  WW
ver sijen / voorzien /  WW
ver soeck / verzoeken /  WW
ver soek / verzoeken /  WW
ver soght / verzoeken /  WW
ver sogt / verzoeken /  WW
ver soik / verzoeken /  WW
ver sorgen / verzorgen /  WW
ver souk / verzoeken /  WW
ver staan / verstaan /  WW
ver staen / verstaan /  WW
ver stercke / versterken /  WW
ver stooten / verstoten /  WW
ver suijme / verzuimen /  WW
ver suijmt / verzuimen /  WW
ver techken / vertrekken /  WW
ver trecken / vertrekken /  WW
ver trekken / vertrekken /  WW
ver trooste / vertroosten /  WW
vertrou toe / toevertrouwen /  WW
ver trout / vertrouwen /  WW
ver trou / vertrouwen /  WW
veruers schen / verversen /  WW
ver vachten / verwachten /  WW
ver vallen / vervallen /  WW
ver volgh / vervolgen /  WW
verwaardig t / verwaardigen /  WW
ver wachten / verwachten /  WW
ver wachte / verwachten /  WW
ver wach / verwachten /  WW
ver wagtende / verwachten /  WW
ver wonderen / verwonderen /  WW
ver wonen / verwonen /  WW
ver zien / voorzien /  WW
ver zoeck / verzoeken /  WW
ver zoekt / verzoeken /  WW
ver Zoekt / verzoeken /  WW
vielen om ver / omvervallen /  WW
viel om verde / omvervallen /  WW
viel voor / voorvallen /  WW
vijt blijue / uitblijven /  WW
vijt geleijde / uitleggen /  WW
vijt ge scildert / uitschilderen /  WW
vijt gestaen / uitstaan /  WW
vijt gevaren / uitvaren /  WW
vijt ge vare / uitvaren /  WW
vijt gevare / uitvaren /  WW
vijt gewest / uitzijn /  WW
vijt gooijt / uitgooien /  WW
vijt siet / uitzien /  WW
vijt sijet / uitzien /  WW
vijt vallen / uitvallen /  WW
vijt valle / uitvallen /  WW
Vindt Plaats / plaatsvinden /  WW
vit gesondert / uitzonderen /  WW
vit gevaren / uitvaren /  WW
vit rech ten / uitrichten /  WW
vit seij den / uitscheiden /  WW
vit sijnde / uitzijn /  WW
vit trecken / uittrekken /  WW
vit valle / uitvallen /  WW
Voege toe / toevoegen /  WW
voer beteren / verbeteren /  WW
voerdt gaen / voortgaan /  WW
voer faschen / UNRESOLVED /  WW
voer koeft / verkopen /  WW
voer sien / voorzien /  WW
voer sock / verzoeken /  WW
voer trecken / vertrekken /  WW
vol brengen / volbrengen /  WW
vol brenge / volbrengen /  WW
vol daan / voldoen /  WW
vol doen / voldoen /  WW
vol gelaaden / volladen /  WW
volgen nae / navolgen /  WW
vol gen / volgen /  WW
volght na / navolgen /  WW
vol laaden / volladen /  WW
vol laen / volladen /  WW
voll Raecken / volraken /  WW
vol mackt / volmaken /  WW
vooert ghetrocken / voorttrekken /  WW
vool daen / voldoen /  WW
vool ent / voleinden /  WW
voor bij gaan / voorbijgaan /  WW
voorbij gaan / voorbijgaan /  WW
VoorBij Gaan / voorbijgaan /  WW
voor bij gaen / voorbijgaan /  WW
voorbij gaen / voorbijgaan /  WW
voorbij gegaan / voorbijgaan /  WW
voorbij slippen / voorbijslippen /  WW
voor blieue / verblijven /  WW
voor brand / verbranden /  WW
voorby gaan / voorbijgaan /  WW
voorby gaet / voorbijgaan /  WW
Voorby gezeyld / voorbijzeilen /  WW
voor deelt / verdelen /  WW
voord gaad / voortgaan /  WW
voor dragen / verdragen /  WW
voordt bestellen / voortbestellen /  WW
voordt brenge / voortbrengen /  WW
voor dure / voortduren /  WW
voor ffaalt / voorvallen /  WW
voor gaen / voorgaan /  WW
voor gaf / voorgeven /  WW
voor gedaan / voordoen /  WW
voor gedaen / voordoen /  WW
voor gegaen / voorgaan /  WW
voor gehouden / voorhouden /  WW
voor gekoomen / voorkomen /  WW
voor gestelt / voorstellen /  WW
voor geuallen / voorvallen /  WW
voor gevallen / voorvallen /  WW
voor geven / voorgeven /  WW
voor ghegeven / voorgeven /  WW
voor ghelesen / voorlezen /  WW
voor heeft / voorhebben /  WW
voor helpen / voorthelpen /  WW
voor hevt / voorhebben /  WW
voor hoede / verhoeden /  WW
voor hoope / verhopen /  WW
voor hoop / verhopen /  WW
voor klaert / verklaren /  WW
voor komt / voorkomen /  WW
voor koomen / voorkomen /  WW
voor kopen / verkopen /  WW
voor lange / verlangen /  WW
voor leezen / voorlezen /  WW
voor len / verlangen /  WW
voor Loopende / voorlopen /  WW
voor Loopen / voorlopen /  WW
voor looren / verliezen /  WW
voor nedere / vernederen /  WW
voor nemet / vernemen /  WW
voor ongeluckt / verongelukken /  WW
voor quam / voorkomen /  WW
voor sien / voorzien /  WW
voor socht / verzoeken /  WW
voor sockt / verzoeken /  WW
voor sock / verzoeken /  WW
voor staen / voorstaan /  WW
voor stellen / voorstellen /  WW
voort behandegen / voortbehandigen /  WW
voort behandigen / voortbehandigen /  WW
voort behandige / voortbehandigen /  WW
voort behandighen / voortbehandigen /  WW
voort behandijghen / voortbehandigen /  WW
voort bestelen / voortbestellen /  WW
voort bestellen / voortbestellen /  WW
voort Bestellen / voortbestellen /  WW
voort bestelle / voortbestellen /  WW
voort bestelt / voortbestellen /  WW
Voort gaan / voortgaan /  WW
voort gaat / voortgaan /  WW
voort gaende / voortgaan /  WW
voort gaen / voortgaan /  WW
voort gaet / voortgaan /  WW
voort geholpen / voorthelpen /  WW
voort geleijde / voortgeleiden /  WW
voort geracken / voortgeraken /  WW
voort geraken / voortgeraken /  WW
voort geroeijt / voortroeien /  WW
voort geschooten / voortschieten /  WW
voort geseijlt / voortzeilen /  WW
voort getrocken / voorttrekken /  WW
voort gheeuen / voortgeven /  WW
voort ghet / voortgaan /  WW
Voort Ging / voortgaan /  WW
voort helpen / voorthelpen /  WW
Voort komen / voortkomen /  WW
voor trecken / vertrekken /  WW
voort schrijve / voortschrijven /  WW
voort senden / voortzenden /  WW
voort setten / voortzetten /  WW
voort Sette / voortzetten /  WW
voort vaaren / voortvaren /  WW
voort verkoopen / voortverkopen /  WW
voort / voortbehandigen /  WW
voort zend / voortzenden /  WW
voor uijt senden / vooruitzenden /  WW
voor uijt sont / vooruitzenden /  WW
voor uyt senden / vooruitzenden /  WW
voor valdt / voorvallen /  WW
voor vallen / voorvallen /  WW
voor valt / voorvallen /  WW
voor viel / voorvallen /  WW
voor walt / voorvallen /  WW
voor wenden / voorwenden /  WW
voor werpen / voorwerpen /  WW
voor wondert / verwonderen /  WW
voor wt sende / vooruitzenden /  WW
voor zien / voorzien /  WW
vorder gaen / verdergaan /  WW
vor hoepe / verhopen /  WW
vor hoep / verhopen /  WW
vorhopen de / verhopen /  WW
vor hope / verhopen /  WW
vor kocht / verkopen /  WW
Vor Koft / verkopen /  WW
vor kregen / verkrijgen /  WW
vor laeten / verlaten /  WW
vor leene / verlenen /  WW
vor lene / verlenen /  WW
vor lijnen / verlenen /  WW
vor lijnt / verlenen /  WW
vor nem end / vernemen /  WW
vor socket / verzoeken /  WW
vor sock / verzoeken /  WW
vor soeke / verzoeken /  WW
vor staen / verstaan /  WW
vor sta / verstaan /  WW
vor suijmbt / verzuimen /  WW
vort behandige / voortbehandigen /  WW
vort bestellen / voortbestellen /  WW
vort gegaan / voortgaan /  WW
vort komen / voortkomen /  WW
vort kom / voortkomen /  WW
voruijt sag / vooruitzien /  WW
vor Vngeluck / verongelukken /  WW
vor wacht / verwachten /  WW
vraten uijt / uitvreten /  WW
vreet op / opvreten /  WW
vreij Gegeven / vrijgeven /  WW
vrij gescharteld / vrijcharteren /  WW
vrij maecken / vrijmaken /  WW
vry gegeeve / vrijgeven /  WW
Vt genomen / uitnemen /  WW
Vt halde / uithalen /  WW
vuege toe / toevoegen /  WW
vyt gevaren / uitvaren /  WW
waar / meenemen /  WW
waar neemen / waarnemen /  WW
waar Neeme / waarnemen /  WW
waar neem / waarnemen /  WW
waer gecout / weerkopen /  WW
waer neemen / waarnemen /  WW
waer nemen / waarnemen /  WW
waer schoen / waarschuwen /  WW
waer schouwen / waarschuwen /  WW
wech crijgen / wegkrijgen /  WW
wech gaen / weggaan /  WW
wech gaet / weggaan /  WW
wech gelopen / weglopen /  WW
wech genomen / wegnemen /  WW
wech geruct / wegrukken /  WW
wech gesonde / wegzenden /  WW
wech gestijert / wegsturen /  WW
Wech gestollen / wegstelen /  WW
wech ghebrocht / wegbrengen /  WW
wech ghefen / weggeven /  WW
wech gijn / weggaan /  WW
wech ginck / weggaan /  WW
wech halen / weghalen /  WW
wech krijgen / wegkrijgen /  WW
wech leghen / wegleggen /  WW
wecht gaen / weggaan /  WW
Weck naem / wegnemen /  WW
wedder seen / weerzien /  WW
weder bekommet / wederbekomen /  WW
weder breijngen / wederbrengen /  WW
weder comen / wederkomen /  WW
weder Crijgen / weerkrijgen /  WW
weder geuen / wedergeven /  WW
weder gevonden / weervinden /  WW
weder ghekreghen / weerkrijgen /  WW
weder groeten / wedergroeten /  WW
weder keeren / wederkeren /  WW
weder keere / wederkeren /  WW
weder komen / wederkomen /  WW
weder kreegh / weerkrijgen /  WW
weder leggen / weerleggen /  WW
wederom becomen / wederombekomen /  WW
wederom brengen / wederombrengen /  WW
wederom chrygen / wederomkrijgen /  WW
wederom comen / wederomkomen /  WW
weder om comt / wederomkomen /  WW
wederom gegeven / wederomgeven /  WW
wederom gekeert / wederomkeren /  WW
wederom geuen / wederomgeven /  WW
wederom geven / wederomgeven /  WW
weder om gezonden / wederomzenden /  WW
wederom groeten / wederomgroeten /  WW
wederom hebben / wederomhebben /  WW
weder om heb / wederomhebben /  WW
wederom horen / wederomhoren /  WW
wederom keeren / wederomkeren /  WW
wederom krijgen / wederomkrijgen /  WW
wederom sende / wederomzenden /  WW
wederom sien / wederomzien /  WW
wederom sijen / wederomzien /  WW
wederom sijn / wederomzien /  WW
wederom spreeken / wederomspreken /  WW
wederom sturen / wederomsturen /  WW
wederom vergelde / wederomvergelden /  WW
weder om / wederomzien /  WW
wederom zenden / wederomzenden /  WW
weder quaem / wederomkomen /  WW
weder sag / weerzien /  WW
weder schrijff / wederschrijven /  WW
weder schrijven / wederschrijven /  WW
weder seen / weerzien /  WW
weder sien / weerzien /  WW
weder sijen / weerzien /  WW
weder staen / weerstaan /  WW
weder vaert / wedervaren /  WW
weder verdiene / wederverdienen /  WW
weder zien / weerzien /  WW
weeder brengen / wederbrengen /  WW
weeder comt / wederkomen /  WW
weeder gaen / weergaan /  WW
weeder Geeven / weergeven /  WW
weeder geeve / weergeven /  WW
weeder keeren / wederkeren /  WW
weeder neemen / wedernemen /  WW
weederom brengen / wederombrengen /  WW
weederom gehadt / wederomhebben /  WW
weederom geven / wederomgeven /  WW
weeder om koomen / wederomkomen /  WW
weederom koomen / wederomkomen /  WW
weederom schrijven / wederomschrijven /  WW
weederom sende / wederomzenden /  WW
weederom sien / wederomzien /  WW
weeder schreyven / wederschrijven /  WW
weeder schrijft / wederschrijven /  WW
weeder schrijven / wederschrijven /  WW
weeder sien / weerzien /  WW
weeder sprecken / wederspreken /  WW
weeder vinden / weervinden /  WW
weeder / wederomkomen /  WW
weeg gaet / weggaan /  WW
weeg genoomen / wegnemen /  WW
weeg gestopt / wegstoppen /  WW
weel gaan / welgaan /  WW
weens toe / toewensen /  WW
weer comt / weerkomen /  WW
weer coomen / weerkomen /  WW
weerder sien / wederzien /  WW
weer geeven / weergeven /  WW
weer Gekome / weerkomen /  WW
weer gekregen / weerkrijgen /  WW
weer gesien / wederzien /  WW
weer gesien / weerzien /  WW
weer gestuurt / wedersturen /  WW
weer geven / wedergeven /  WW
weer gruten / wedergroeten /  WW
weer hale / wederhalen /  WW
weer hebben / we(d)erhebben /  WW
weer keren / weerkeren /  WW
weer koomen / weerkomen /  WW
Weer koomen / weerkomen /  WW
weer koome / weerkomen /  WW
Weer Kreigen / weerkrijgen /  WW
weer krijgen / weerkrijgen /  WW
weer krygen / weerkrijgen /  WW
weer kryghen / weerkrijgen /  WW
weer om bringen / weerombrengen /  WW
weer om creegen / weeromkrijgen /  WW
weerom gekomen / weeromkomen /  WW
weer om gekreegen / weeromkrijgen /  WW
weerom gekreegen / weeromkrijgen /  WW
weerom gekrege / weeromkrijgen /  WW
weerom keerden / weeromkeren /  WW
weer om keeren / weeromkeren /  WW
weer om komen / weeromkomen /  WW
weer om kome / weeromkomen /  WW
weer om kommen / weeromkomen /  WW
weer om komt / weeromkomen /  WW
weer om krygen / weeromkrijgen /  WW
weerom senden / weeromzenden /  WW
weer om sende / wederomzenden /  WW
weer om sien / weeromzien /  WW
weerom sien / weeromzien /  WW
weer om sijen / weeromzien /  WW
weer quam / weerkomen /  WW
weer sagen / weerzien /  WW
weer schrijue / we(d)erschrijven /  WW
weer seen / weerzien /  WW
weer sien / weerzien /  WW
weer sijen / weerzien /  WW
weer sijn / weerzien /  WW
weer sprack / weerspreken /  WW
weer syen / weerzien /  WW
weer vinden / weervinden /  WW
weer winnen / we(d)erwinnen /  WW
weer zeen / weerzien /  WW
weer ziens / weerzien /  WW
weer zien / wederzien /  WW
weer Zien / wederzien /  WW
weer zien / weerzien /  WW
weer Zien / weerzien /  WW
Weer Zien / weerzien /  WW
weer zijeen / weerzien /  WW
weeten de / weten /  WW
weg bleijft / wegblijven /  WW
weg dreven / wegdrijven /  WW
weg gaan / weggaan /  WW
weg gedraage / wegdragen /  WW
weg gedreeven / wegdrijven /  WW
weg gejaagt / wegjagen /  WW
weg geligd / wegleggen /  WW
weg geloopen / weglopen /  WW
weg genoomen / wegnemen /  WW
weg gerukt / wegrukken /  WW
weg geschoten / wegschieten /  WW
weg geslaagen / wegslaan /  WW
weg Geslaagen / wegslaan /  WW
weg geslagen / wegslaan /  WW
weg gespoelt / wegspoelen /  WW
weg Gespoelt / wegspoelen /  WW
weg Geve / weggeven /  WW
Weg gewaaijt / wegwaaien /  WW
weg gezet / wegzetten /  WW
wegh blijft / wegblijven /  WW
weg helpen / weghelpen /  WW
wegh gaen / weggaan /  WW
wegh gaet / weggaan /  WW
wegh gegeven / weggeven /  WW
wegh genomen / wegnemen /  WW
wegh gesonden / wegzenden /  WW
wegh gink / weggaan /  WW
wegh halen / weghalen /  WW
wegh krijgen / wegkrijgen /  WW
wegh trock / wegtrekken /  WW
weg koome / wegkomen /  WW
weg kreijgen / wegkrijgen /  WW
weg kreygen / wegkrijgen /  WW
weg krijge / wegkrijgen /  WW
weg krygen / wegkrijgen /  WW
weg kryge / wegkrijgen /  WW
weg leggen / wegleggen /  WW
weg neeme / wegnemen /  WW
weg nemen / wegnemen /  WW
weg raken / wegraken /  WW
weg ruken / wegrukken /  WW
weg rukken / wegrukken /  WW
weg stuurt / wegsturen /  WW
wek genomen / wegnemen /  WW
wek kreege / wegkrijgen /  WW
wek sende / wegzenden /  WW
wekt op / opwekken /  WW
wel doen / weldoen /  WW
wel doet / weldoen /  WW
wel gaad / welgaan /  WW
wel gaan / welgaan /  WW
wel Gaan / welgaan /  WW
wel gaat / welgaan /  WW
wel gadt / welgaan /  WW
wel gaedt / welgaan /  WW
wel Gaedt / welgaan /  WW
wel gaen / welgaan /  WW
wel gaet / welgaan /  WW
wel Gane / welgaan /  WW
wel gan / welgaan /  WW
wel gedaen / weldoen /  WW
wel geuallen / welgevallen /  WW
Well Gaan / welgaan /  WW
Well gedaan / weldoen /  WW
wel staan / welstaan /  WW
wel vaaren / welvaren? /  WW
wel vaert / welvaren /  WW
wel varen / welvaren /  WW
wend aan / aanwenden /  WW
Wende af / afwenden /  WW
wen ken / wenken /  WW
wenschenden toen / toewensen /  WW
wenschende toe / toewensen /  WW
wen schende / wensen /  WW
Wen Schende / wensen /  WW
wenschen toe / toewensen /  WW
wensche toe / toewensen /  WW
wensche Toe / toewensen /  WW
Wensche too / toewensen /  WW
wensede too / toewensen /  WW
wens schende / wensen /  WW
wensschen toe / toewensen /  WW
wensse toe / toewensen /  WW
wen ste / wensen /  WW
wens toe / toewensen /  WW
wer coopen / verkopen /  WW
werden waer / gewaarworden /  WW
wer geuen / weergeven /  WW
wer komen / weerkomen /  WW
wer kom me / weerkomen /  WW
werom schrijven / weeromschrijven /  WW
werom sturt / weeromsturen /  WW
wer schrive / wederschrijven /  WW
wer sien / weerzien /  WW
wer sijen / weerzien /  WW
wer staen / verstaan /  WW
wes een / wezen /  WW
wijeren ghewaer / gewaarworden /  WW
wijes gemaeckt / wijsmaken /  WW
wijnsen de / wensen /  WW
wijs gemaackt / wijsmaken /  WW
wijs maeckte / wijsmaken /  WW
wijst aan / aanwijzen /  WW
wint uyt / uitwinnen /  WW
wondt den / wonen /  WW
woonen de / wonen /  WW
woonnen de / wonen /  WW
worde en / worden /  WW
wor den / worden /  WW
word gewaar / gewaarworden /  WW
wt geloopen / uitlopen /  WW
wt geplundert / uitplunderen /  WW
wt gesonden / uitzenden /  WW
wt geuen / uitgeven /  WW
wt gevaren / uitvaren /  WW
wtge varen / uitvaren /  WW
wt kome / uitkomen /  WW
wt recke / uitrekken /  WW
zeg aan / aanzeggen /  WW
zegge dank / dankzeggen /  WW
zegge vaarwel / vaarwelzeggen /  WW
Zende weeder / we(d)erzenden /  WW
zet voort / voortzetten /  WW
zien tegemoet / tegemoetzien /  WW
zie te gemoed / tegemoetzien /  WW
ziet er uit / eruitzien /  WW
zie toe / toezien /  WW
Ziet om / omzien /  WW
ziet uit / uitzien /  WW
zijgt neder / neerzijgen /  WW
zijn de / zijn /  WW
zink weg / wegzinken /  WW
