BUMMER: voer~ghescreven / voorghescreven / vo<choice><orig>e</orig><reg>o</reg></choice>r⊔ghescreven
BUMMER: H_rtogi_nen / herrtoginnen / <choice><orig>H_</orig><reg>her</reg></choice>rtogi<expan>n</expan>nen
BUMMER: sors_ / vorscreven / <choice><orig>s</orig><reg>v</reg></choice>ors<expan>creven</expan>
BUMMER: ?~? / daeraf / ⊔<choice><orig>??</orig><reg>daeraf</reg></choice>
BUMMER: wi_nen / winmen / wi<expan></expan>n<choice><orig></orig><reg>m</reg></choice>en
BUMMER: gheestelicf / gheestelich / gheestelic<choice><orig>f</orig><reg>h</reg></choice>
BUMMER: wint_~Rogghe_ / winterrogghen / wint⊔<choice><orig>_R</orig><reg>err</reg></choice>ogghe<expan>n</expan>
BUMMER: arghelist / 6rghelist / <choice><orig>a</orig><reg>6</reg></choice>rghelist
BUMMER: E_ph_ia / epiphania / <choice><orig>E_</orig><reg>epi</reg></choice>ph<expan>an</expan>ia
BUMMER: georgi_ / gregorius / g<choice><orig></orig><reg>r</reg></choice>e<choice><orig></orig><reg>g</reg></choice>or<orig>g</orig>i<expan>us</expan>
BUMMER: georgi_ / gregorius / g<choice><orig></orig><reg>r</reg></choice>e<choice><orig></orig><reg>g</reg></choice>or<orig>g</orig>i<expan>us</expan>
BUMMER: m3ssche / massche / m<choice><orig>3</orig><reg>a</reg></choice>ssche
BUMMER: tuy&uml;ch / tuych / tu<choice><orig>ÿ;</orig><reg>y</reg></choice>ch
BUMMER: onderslagen / onderslaan / ondersla<choice><orig>ge</orig><reg>a</reg></choice>n
BUMMER: nu&r;?tich / nuegentich / nu<choice><orig>°?</orig><reg>egen</reg></choice>tich
BUMMER: andsru&r;ecke / anspruecke / an<orig>d</orig>s<choice><orig></orig><reg>p</reg></choice>ru<orig>°</orig>ecke
BUMMER: nu&r;_me / numme / nu<choice><orig>°_</orig><reg>m</reg></choice>me
BUMMER: gemey_ne / gemeynere / gemey<expan></expan>n<choice><orig></orig><reg>er</reg></choice>e
BUMMER: n&r; / nu / n<choice><orig>°</orig><reg>u</reg></choice>
BUMMER: ghemey_ne / ghemeynere / ghemey<expan></expan>n<choice><orig></orig><reg>er</reg></choice>e
BUMMER: te~veeren / tevoeren / te⊔v<choice><orig>e</orig><reg>o</reg></choice>eren
BUMMER: 0usschen / tusschen / <choice><orig>0</orig><reg>t</reg></choice>usschen
BUMMER: g&r;t / groot / g<choice><orig>°</orig><reg>roo</reg></choice>t
BUMMER: aemstelreda_m / aemstelredamme / aemstelreda<expan>m</expan>m<choice><orig></orig><reg>e</reg></choice>
BUMMER: ghauen~over / ghauenouer / ghauen⊔o<choice><orig>v</orig><reg>u</reg></choice>er
BUMMER: Aemestelreda_m / aemestelredamme / Aemestelreda<expan>m</expan>m<choice><orig></orig><reg>e</reg></choice>
BUMMER: Hier~o_m / hieromme / Hier⊔o<expan>m</expan>m<choice><orig></orig><reg>e</reg></choice>
BUMMER: verg? / berghen / <choice><orig>v</orig><reg>b</reg></choice>erg<expan cert="low">hen</expan>
BUMMER: E_me_ / emmer / <choice><orig>E_</orig><reg>em</reg></choice>me<expan>r</expan>
BUMMER: s / des / <choice><orig></orig><reg>de</reg></choice>s
BUMMER: alse~so / alsezo / alse⊔<choice><orig>s</orig><reg>z</reg></choice>o
BUMMER: E_ph_ia / epiphania / <choice><orig>E_</orig><reg>epi</reg></choice>ph<expan>an</expan>ia
BUMMER: ?~? / daervyt / ⊔<choice><orig>??</orig><reg>daervyt</reg></choice>
BUMMER: ?~? / daerbij / ⊔<choice><orig>??</orig><reg>daerbij</reg></choice>
BUMMER: Onu&r;?claghet / onuerclaghet / Onu<choice><orig>°?</orig><reg>er</reg></choice>claghet
BUMMER: vu&r;s / vns / v<choice><orig>u°</orig><reg>n</reg></choice>s
BUMMER: vu&r;s / vns / v<choice><orig>u°</orig><reg>n</reg></choice>s
BUMMER: vu&r;s / vns / v<choice><orig>u°</orig><reg>n</reg></choice>s
BUMMER: vu&r;s / vns / v<choice><orig>u°</orig><reg>n</reg></choice>s
BUMMER: vu&r;s / vns / v<choice><orig>u°</orig><reg>n</reg></choice>s
BUMMER: vu&r;s / vns / v<choice><orig>u°</orig><reg>n</reg></choice>s
BUMMER: x / werd / <choice><orig>x</orig><reg>werd</reg></choice>
BUMMER: v_&hyph;<nl>setten / versetten / v<choice><orig>_-</orig><reg>er</reg></choice>↩setten
BUMMER: 1nt / int / <choice><orig>1</orig><reg>i</reg></choice>nt
BUMMER: 4ncarnatioene / jncarnatioene / <choice><orig>4</orig><reg>j</reg></choice>ncarnatioene
BUMMER: ?&hyph;<nl>? / gheleghen / ↩<choice><orig>?-?</orig><reg>gheleghen</reg></choice>
BUMMER: ?<nl>? / bestoruen / ↩<choice><orig>??</orig><reg>bestoruen</reg></choice>
BUMMER: ?<nl>?waert / noerdenwaert / ↩<choice><orig>??</orig><reg>noerden</reg></choice>waert
BUMMER: ?~? / onderdeylt / ⊔<choice><orig>??</orig><reg>onderdeylt</reg></choice>
BUMMER: 1 / ligghen / <choice><orig>1</orig><reg>ligghen</reg></choice>
BUMMER: h_&hyph;en / heren / h<choice><orig>_-</orig><reg>er</reg></choice>en
BUMMER: scependomme / schependomme / sc<choice><orig></orig><reg>h</reg></choice>ependomme
BUMMER: scependomme / schependomme / sc<choice><orig></orig><reg>h</reg></choice>ependomme
BUMMER: d?~?ar / daernar / d⊔<choice><orig>??</orig><reg>aern</reg></choice>ar
BUMMER: voren~ghenoumt / gvorenhenoumt / <choice><orig></orig><reg>g</reg></choice>voren⊔<orig>g</orig>henoumt
BUMMER: hein / heins / hein<choice><orig></orig><reg>s</reg></choice>
BUMMER: oe / de / <choice><orig>o</orig><reg>d</reg></choice>e
BUMMER: scependo_me / schependomme / sc<choice><orig></orig><reg>h</reg></choice>ependo<expan>m</expan>me
BUMMER: scependo_me / schependomme / sc<choice><orig></orig><reg>h</reg></choice>ependo<expan>m</expan>me
BUMMER: scependo_me / schependomme / sc<choice><orig></orig><reg>h</reg></choice>ependo<expan>m</expan>me
BUMMER: scependo_me / schependomme / sc<choice><orig></orig><reg>h</reg></choice>ependo<expan>m</expan>me
BUMMER: scependo_me / schependomme / sc<choice><orig></orig><reg>h</reg></choice>ependo<expan>m</expan>me
BUMMER: Scependo_me / schependomme / Sc<choice><orig></orig><reg>h</reg></choice>ependo<expan>m</expan>me
BUMMER: Scependo_me / schependomme / Sc<choice><orig></orig><reg>h</reg></choice>ependo<expan>m</expan>me
BUMMER: Jstaes / istaas / <choice><orig>J</orig><reg>i</reg></choice>sta<choice><orig>e</orig><reg>a</reg></choice>s
BUMMER: scependo_me / schependomme / sc<choice><orig></orig><reg>h</reg></choice>ependo<expan>m</expan>me
BUMMER: scependo_me / schependomme / sc<choice><orig></orig><reg>h</reg></choice>ependo<expan>m</expan>me
BUMMER: Scependo_me / schependomme / Sc<choice><orig></orig><reg>h</reg></choice>ependo<expan>m</expan>me
BUMMER: voerseid / voerseide / voerseid<choice><orig></orig><reg>e</reg></choice>
BUMMER: Scependo_me / schependomme / Sc<choice><orig></orig><reg>h</reg></choice>ependo<expan>m</expan>me
BUMMER: Scependomme / schependomme / Sc<choice><orig></orig><reg>h</reg></choice>ependomme
BUMMER: scependo_me / schependomme / sc<choice><orig></orig><reg>h</reg></choice>ependo<expan>m</expan>me
BUMMER: scependo_me / schependomme / sc<choice><orig></orig><reg>h</reg></choice>ependo<expan>m</expan>me
BUMMER: scependo_me / schependomme / sc<choice><orig></orig><reg>h</reg></choice>ependo<expan>m</expan>me
BUMMER: scependo_me / schependomme / sc<choice><orig></orig><reg>h</reg></choice>ependo<expan>m</expan>me
BUMMER: scependo_me / schependomme / sc<choice><orig></orig><reg>h</reg></choice>ependo<expan>m</expan>me
BUMMER: scependo_me / schependomme / sc<choice><orig></orig><reg>h</reg></choice>ependo<expan>m</expan>me
BUMMER: scependo_me / schependomme / sc<choice><orig></orig><reg>h</reg></choice>ependo<expan>m</expan>me
BUMMER: scependo_me / schependomme / sc<choice><orig></orig><reg>h</reg></choice>ependo<expan>m</expan>me
BUMMER: scependo_me / schependomme / sc<choice><orig></orig><reg>h</reg></choice>ependo<expan>m</expan>me
BUMMER: scependo_me / schependomme / sc<choice><orig></orig><reg>h</reg></choice>ependo<expan>m</expan>me
BUMMER: scependo_me / schependomme / sc<choice><orig></orig><reg>h</reg></choice>ependo<expan>m</expan>me
BUMMER: scependo_me / schependomme / sc<choice><orig></orig><reg>h</reg></choice>ependo<expan>m</expan>me
BUMMER: scependo_me / schependomme / sc<choice><orig></orig><reg>h</reg></choice>ependo<expan>m</expan>me
BUMMER: scependo_me / schependomme / sc<choice><orig></orig><reg>h</reg></choice>ependo<expan>m</expan>me
BUMMER: scependo_me / schependomme / sc<choice><orig></orig><reg>h</reg></choice>ependo<expan>m</expan>me
BUMMER: scependo_me / schependomme / sc<choice><orig></orig><reg>h</reg></choice>ependo<expan>m</expan>me
BUMMER: uors_ / vorseide / <choice><orig>u</orig><reg>v</reg></choice>ors<expan>eide</expan>
BUMMER: uors_ / vorseide / <choice><orig>u</orig><reg>v</reg></choice>ors<expan>eide</expan>
BUMMER: uors_ / vorseide / <choice><orig>u</orig><reg>v</reg></choice>ors<expan>eide</expan>
BUMMER: uors_ / vorseide / <choice><orig>u</orig><reg>v</reg></choice>ors<expan>eide</expan>
BUMMER: uors_ / vorseide / <choice><orig>u</orig><reg>v</reg></choice>ors<expan>eide</expan>
BUMMER: uors_ / vorseide / <choice><orig>u</orig><reg>v</reg></choice>ors<expan>eide</expan>
BUMMER: uors_ / vorseide / <choice><orig>u</orig><reg>v</reg></choice>ors<expan>eide</expan>
BUMMER: uors_ / vorseide / <choice><orig>u</orig><reg>v</reg></choice>ors<expan>eide</expan>
BUMMER: uors_ / vorseide / <choice><orig>u</orig><reg>v</reg></choice>ors<expan>eide</expan>
BUMMER: uors_ / vorseide / <choice><orig>u</orig><reg>v</reg></choice>ors<expan>eide</expan>
BUMMER: uors_ / vorseide / <choice><orig>u</orig><reg>v</reg></choice>ors<expan>eide</expan>
BUMMER: uors_ / vorseide / <choice><orig>u</orig><reg>v</reg></choice>ors<expan>eide</expan>
BUMMER: uors_ / vorseide / <choice><orig>u</orig><reg>v</reg></choice>ors<expan>eide</expan>
BUMMER: uors_ / vorseide / <choice><orig>u</orig><reg>v</reg></choice>ors<expan>eide</expan>
BUMMER: uors_ / vorseide / <choice><orig>u</orig><reg>v</reg></choice>ors<expan>eide</expan>
BUMMER: uors_ / vorseit / <choice><orig>u</orig><reg>v</reg></choice>ors<expan>eit</expan>
BUMMER: uors_ / vorseide / <choice><orig>u</orig><reg>v</reg></choice>ors<expan>eide</expan>
BUMMER: uors_ / vorseide / <choice><orig>u</orig><reg>v</reg></choice>ors<expan>eide</expan>
BUMMER: en / ende / en<choice><orig></orig><reg>de</reg></choice>
BUMMER: Jeghenwoerdeghen / jeghenwoerdhegen / Jeghenwoerd<choice><orig></orig><reg>h</reg></choice>eg<orig>h</orig>en
BUMMER: scependomme / schependomme / sc<choice><orig></orig><reg>h</reg></choice>ependomme
BUMMER: Scependomme / schependomme / Sc<choice><orig></orig><reg>h</reg></choice>ependomme
BUMMER: Jeghenwoerdeghen / jeghenwoerdhegen / Jeghenwoerd<choice><orig></orig><reg>h</reg></choice>eg<orig>h</orig>en
BUMMER: Scependomme / schependomme / Sc<choice><orig></orig><reg>h</reg></choice>ependomme
BUMMER: Scependomme / schependomme / Sc<choice><orig></orig><reg>h</reg></choice>ependomme
BUMMER: Scependomme / schependomme / Sc<choice><orig></orig><reg>h</reg></choice>ependomme
BUMMER: Scependomme / schependomme / Sc<choice><orig></orig><reg>h</reg></choice>ependomme
BUMMER: jeghenwoerdeghen / jeghenwoerdhegen / jeghenwoerd<choice><orig></orig><reg>h</reg></choice>eg<orig>h</orig>en
BUMMER: Scependomme / schependomme / Sc<choice><orig></orig><reg>h</reg></choice>ependomme
BUMMER: ou_~leede / ouereede / ou⊔<choice><orig>_l</orig><reg>er</reg></choice>eede
BUMMER: jeghenwoerdeghen / jeghenwoerdhegen / jeghenwoerd<choice><orig></orig><reg>h</reg></choice>eg<orig>h</orig>en
BUMMER: scependomme / schependomme / sc<choice><orig></orig><reg>h</reg></choice>ependomme
BUMMER: Jeghenwoerdeghen / jeghenwoerdhegen / Jeghenwoerd<choice><orig></orig><reg>h</reg></choice>eg<orig>h</orig>en
BUMMER: Jeghenwoerdeghen / jeghenwoerdhegen / Jeghenwoerd<choice><orig></orig><reg>h</reg></choice>eg<orig>h</orig>en
BUMMER: Jeghenwoerdeghen / jeghenwoerdhegen / Jeghenwoerd<choice><orig></orig><reg>h</reg></choice>eg<orig>h</orig>en
BUMMER: hallingh / hallinghe / hallingh<choice><orig></orig><reg>e</reg></choice>
BUMMER: clau / claus / clau<choice><orig></orig><reg>s</reg></choice>
BUMMER: ioncfr_ / joncfrouwe / <choice><orig>i</orig><reg>j</reg></choice>oncfr<expan>ouwe</expan>
BUMMER: ioncfr_ / joncfrouwe / <choice><orig>i</orig><reg>j</reg></choice>oncfr<expan>ouwe</expan>
BUMMER: ni_mmeer / nimmermeer / ni<expan>m</expan>m<choice><orig></orig><reg>er</reg></choice>meer
BUMMER: ou_~mids / overmids / o<choice><orig>u_</orig><reg>ver</reg></choice>⊔mids
BUMMER: sente~martins~lirde / sentemertinslirde / sente⊔m<choice><orig>a</orig><reg>e</reg></choice>rtins⊔lirde
BUMMER: scependo_me / schependomme / sc<choice><orig></orig><reg>h</reg></choice>ependo<expan>m</expan>me
BUMMER: os / xx / <choice><orig>os</orig><reg>xx</reg></choice>
BUMMER: ou_mits / overmits / o<choice><orig>u_</orig><reg>ver</reg></choice>mits
BUMMER: bewiis / bewiist / bewiis<choice><orig></orig><reg>t</reg></choice>
BUMMER: doen / doene / doen<choice><orig></orig><reg>e</reg></choice>
BUMMER: vp~dat / opdat / <choice><orig>v</orig><reg>o</reg></choice>p⊔dat
BUMMER: scependomme / schependomme / sc<choice><orig></orig><reg>h</reg></choice>ependomme
BUMMER: heinriich / heiinrich / he<choice><orig></orig><reg>i</reg></choice>inr<orig>i</orig>ich
BUMMER: heinriich / heiinrich / he<choice><orig></orig><reg>i</reg></choice>inr<orig>i</orig>ich
BUMMER: hein~<nl>riich / heiinrich / he<choice><orig></orig><reg>i</reg></choice>in↩r<orig>i</orig>ich
BUMMER: heinriich / heiinrich / he<choice><orig></orig><reg>i</reg></choice>inr<orig>i</orig>ich
BUMMER: heinriich / heiinrich / he<choice><orig></orig><reg>i</reg></choice>inr<orig>i</orig>ich
BUMMER: heinriich / heiinrich / he<choice><orig></orig><reg>i</reg></choice>inr<orig>i</orig>ich
BUMMER: heinriich / heiinrich / he<choice><orig></orig><reg>i</reg></choice>inr<orig>i</orig>ich
BUMMER: heinriich / heiinrich / he<choice><orig></orig><reg>i</reg></choice>inr<orig>i</orig>ich
BUMMER: heinriich / heiinrich / he<choice><orig></orig><reg>i</reg></choice>inr<orig>i</orig>ich
BUMMER: en / ende / en<choice><orig></orig><reg>de</reg></choice>
BUMMER: di_di?s / diderics / di<expan></expan>d<choice><orig></orig><reg>er</reg></choice>i<expan cert="low">c</expan>s
BUMMER: wy?&period;s / wyes / wy<choice><orig>?.</orig><reg>e</reg></choice>s
BUMMER: mey&uml;ers / meyers / me<choice><orig>ÿ;</orig><reg>y</reg></choice>ers
BUMMER: ewan~<nl> / ewanghelist / ewan<choice><orig></orig><reg>ghelist</reg></choice>
BUMMER: hoen~<nl> / hoenre / hoen<choice><orig></orig><reg>re</reg></choice>
BUMMER: yngehout / yngehent / yngeh<choice><orig>ou</orig><reg>en</reg></choice>t
BUMMER: jn~heheruet / inheheruet / <choice><orig>j</orig><reg>i</reg></choice>n⊔heheruet
BUMMER: ou_e~mids / ouermids / ou<expan></expan>e<choice><orig></orig><reg>r</reg></choice>⊔mids
BUMMER: 0irdalf / virdalf / <choice><orig>0</orig><reg>v</reg></choice>irdalf
BUMMER: keerssavondk / keerssavonde / keerssavond<choice><orig>k</orig><reg>e</reg></choice>
BUMMER: teu_e / tevere / te<choice><orig>u_</orig><reg>ver</reg></choice>e
BUMMER: teu_e / tevere / te<choice><orig>u_</orig><reg>ver</reg></choice>e
BUMMER: vsagie / usagie / <choice><orig>v</orig><reg>u</reg></choice>sagie
BUMMER: teu_e / tevere / te<choice><orig>u_</orig><reg>ver</reg></choice>e
BUMMER: rch / dach / <choice><orig>r</orig><reg>da</reg></choice>ch
BUMMER: 0iderex / diderex / <choice><orig>0</orig><reg>d</reg></choice>iderex
BUMMER: allei / allein / allei<choice><orig></orig><reg>n</reg></choice>
BUMMER: ane / mane / <choice><orig></orig><reg>m</reg></choice>ane
BUMMER: neenken / neenkena / neenken<choice><orig></orig><reg>a</reg></choice>
BUMMER: a?eghedraghe_ / afghedraghen / a<choice><orig>?e</orig><reg>f</reg></choice>ghedraghe<expan>n</expan>
BUMMER: ki_nisse_ / kennissen / k<choice><orig>i_</orig><reg>en</reg></choice>nisse<expan>n</expan>
BUMMER: scepenne_&period;l_ren / scepennenletteren / scepenne<choice><orig>_.</orig><reg>n</reg></choice>l<expan>ette</expan>ren
BUMMER: aelmoes_aelmoes_ / aelmoesen / aelmoes<orig>_aelmo</orig>e<choice><orig>s_</orig><reg>n</reg></choice>
BUMMER: den / dec / de<choice><orig>n</orig><reg>c</reg></choice>
BUMMER: vo_e~ghenoe_pde / voorghenoempde / vo<choice><orig>_e</orig><reg>or</reg></choice>⊔ghenoe<expan>m</expan>pde
BUMMER: ssselen / esselen / <choice><orig>s</orig><reg>e</reg></choice>sselen
BUMMER: pr_eke / perreke / p<choice><orig></orig><reg>e</reg></choice>r<expan>r</expan>eke
BUMMER: ?re / unreadable / <expan cert="low">un</expan>r<choice><orig></orig><reg>eadabl</reg></choice>e
BUMMER: midde~som_e / middensomere / midde<choice><orig></orig><reg>n</reg></choice>⊔som<expan>er</expan>e
BUMMER: beuae_ / benaem / be<choice><orig>u</orig><reg>n</reg></choice>ae<expan>m</expan>
BUMMER: condicien / condicief / condicie<choice><orig>n</orig><reg>f</reg></choice>
BUMMER: gu&uml;edile_ / goedilen / g<choice><orig>ü</orig><reg>o</reg></choice>edile<expan>n</expan>
BUMMER: gu&uml;dilen / guedilen / g<choice><orig>ü</orig><reg>ue</reg></choice>dilen
BUMMER: teu_e / tevere / te<choice><orig>u_</orig><reg>ver</reg></choice>e
