CGNTag(ADJ(nom)) ((cgn:feat.positie=nom ∧ cgn:pos=ADJ)) -> (ud:Position=Nom ∧ ud:pos=ADJ)
CGNTag(ADJ(postnom)) ((cgn:feat.positie=postnom ∧ cgn:pos=ADJ)) -> (ud:Position=Postnom ∧ ud:pos=ADJ)
CGNTag(ADJ(prenom)) ((cgn:feat.positie=prenom ∧ cgn:pos=ADJ)) -> (ud:Position=Prenom ∧ ud:pos=ADJ)
CGNTag(ADJ(vrij)) ((cgn:feat.positie=vrij ∧ cgn:pos=ADJ)) -> (ud:Position=Free ∧ ud:pos=ADJ)

CGNTag(BW()) ((cgn:pos=BW)) -> (ud:pos=ADV)

CGNTag(LET()) ((cgn:pos=LET)) -> (ud:pos=PUNCT)
CGNTag(LID()) ((cgn:pos=LID)) -> (ud:pos=DET ∧ ud:PronType=Art)
CGNTag(N()) ((cgn:pos=N)) -> (ud:pos=NOUN)

CGNTag(TSW()) ((cgn:pos=TSW)) -> (ud:pos=INTJ)

CGNTag(TW(nom)) ((cgn:feat.positie=nom ∧ cgn:pos=TW)) -> (ud:Position=Nom ∧ ud:pos=NUM)
CGNTag(TW(prenom)) ((cgn:feat.positie=prenom ∧ cgn:pos=TW)) -> (ud:Position=Prenom ∧ ud:pos=NUM)
CGNTag(TW(vrij)) ((cgn:feat.positie=vrij ∧ cgn:pos=TW)) -> (ud:Position=Free ∧ ud:pos=NUM)

CGNTag(VG(neven)) ((cgn:feat.conjtype=neven ∧ cgn:pos=VG)) -> (ud:pos=SCONJ|CCONJ ∧ ud:pos=CCONJ)
CGNTag(VG(onder)) ((cgn:feat.conjtype=onder ∧ cgn:pos=VG)) -> (ud:pos=SCONJ|CCONJ ∧ ud:pos=SCONJ)

CGNTag(VNW(aanw,adv-pron)) ((cgn:feat.vwtype=aanw ∧ cgn:feat.pdtype=adv-pron ∧ cgn:pos=VNW)) -> (ud:PronType=Dem ∧ ud:pos=ADV)
CGNTag(VNW(aanw,det,nom)) ((cgn:feat.vwtype=aanw ∧ cgn:feat.pdtype=det ∧ cgn:feat.positie=nom ∧ cgn:pos=VNW)) -> (ud:pos=DET ∧ ud:PronType=Dem ∧ ud:Position=Nom ∧ ud:pos=PRON)
CGNTag(VNW(aanw,det,prenom)) ((cgn:feat.vwtype=aanw ∧ cgn:feat.pdtype=det ∧ cgn:feat.positie=prenom ∧ cgn:pos=VNW)) -> (ud:pos=DET ∧ ud:PronType=Dem ∧ ud:Position=Prenom)
CGNTag(VNW(aanw,det,vrij)) ((cgn:feat.vwtype=aanw ∧ cgn:feat.pdtype=det ∧ cgn:feat.positie=vrij ∧ cgn:pos=VNW)) -> (ud:pos=DET ∧ ud:Position=Free ∧ ud:PronType=Dem ∧ ud:pos=PRON)
CGNTag(VNW(aanw,pron)) ((cgn:feat.vwtype=aanw ∧ cgn:feat.pdtype=pron ∧ cgn:pos=VNW)) -> (ud:PronType=Dem ∧ ud:pos=PRON)
CGNTag(VNW(betr,det,nom)) ((cgn:feat.vwtype=betr ∧ cgn:feat.pdtype=det ∧ cgn:feat.positie=nom ∧ cgn:pos=VNW)) -> (ud:pos=DET ∧ ud:PronType=Rel ∧ ud:Position=Nom ∧ ud:pos=PRON)
CGNTag(VNW(betr,pron)) ((cgn:feat.vwtype=betr ∧ cgn:feat.pdtype=pron ∧ cgn:pos=VNW)) -> (ud:PronType=Rel ∧ ud:pos=PRON)
CGNTag(VNW(bez,det,nom)) ((cgn:feat.vwtype=bez ∧ cgn:feat.pdtype=det ∧ cgn:feat.positie=nom ∧ cgn:pos=VNW)) -> (ud:pos=DET ∧ ud:Poss=Yes ∧ ud:Position=Nom ∧ ud:pos=PRON)
CGNTag(VNW(bez,det,prenom)) ((cgn:feat.vwtype=bez ∧ cgn:feat.pdtype=det ∧ cgn:feat.positie=prenom ∧ cgn:pos=VNW)) -> (ud:pos=DET ∧ ud:Poss=Yes ∧ ud:Position=Prenom)
CGNTag(VNW(excl,det,vrij)) ((cgn:feat.vwtype=excl ∧ cgn:feat.pdtype=det ∧ cgn:feat.positie=vrij ∧ cgn:pos=VNW)) -> (ud:pos=DET ∧ ud:Position=Free ∧ ud:PronType=Exc ∧ ud:pos=PRON)
CGNTag(VNW(excl,pron)) ((cgn:feat.vwtype=excl ∧ cgn:feat.pdtype=pron ∧ cgn:pos=VNW)) -> (ud:PronType=Exc ∧ ud:pos=PRON)
CGNTag(VNW(onbep,adv-pron)) ((cgn:feat.vwtype=onbep ∧ cgn:feat.pdtype=adv-pron ∧ cgn:pos=VNW)) -> (ud:PronType=Ind ∧ ud:Definite=Ind ∧ ud:pos=ADV)
CGNTag(VNW(onbep,det,nom)) ((cgn:feat.vwtype=onbep ∧ cgn:feat.pdtype=det ∧ cgn:feat.positie=nom ∧ cgn:pos=VNW)) -> (ud:pos=DET ∧ ud:PronType=Ind ∧ ud:Definite=Ind ∧ ud:Position=Nom ∧ ud:pos=PRON)
CGNTag(VNW(onbep,det,prenom)) ((cgn:feat.vwtype=onbep ∧ cgn:feat.pdtype=det ∧ cgn:feat.positie=prenom ∧ cgn:pos=VNW)) -> (ud:pos=DET ∧ ud:PronType=Ind ∧ ud:Position=Prenom ∧ ud:Definite=Ind)
CGNTag(VNW(onbep,det,vrij)) ((cgn:feat.vwtype=onbep ∧ cgn:feat.pdtype=det ∧ cgn:feat.positie=vrij ∧ cgn:pos=VNW)) -> (ud:pos=DET ∧ ud:Position=Free ∧ ud:PronType=Ind ∧ ud:Definite=Ind ∧ ud:pos=PRON)
CGNTag(VNW(onbep,grad,nom)) ((cgn:feat.vwtype=onbep ∧ cgn:feat.pdtype=grad ∧ cgn:feat.positie=nom ∧ cgn:pos=VNW)) -> (ud:PronType=Ind ∧ ud:Definite=Ind ∧ ud:Position=Nom ∧ ud:pos=PRON)
CGNTag(VNW(onbep,grad,prenom)) ((cgn:feat.vwtype=onbep ∧ cgn:feat.pdtype=grad ∧ cgn:feat.positie=prenom ∧ cgn:pos=VNW)) -> (ud:pos=DET ∧ ud:PronType=Ind ∧ ud:Position=Prenom ∧ ud:Definite=Ind)
CGNTag(VNW(onbep,grad,vrij)) ((cgn:feat.vwtype=onbep ∧ cgn:feat.pdtype=grad ∧ cgn:feat.positie=vrij ∧ cgn:pos=VNW)) -> (ud:Position=Free ∧ ud:PronType=Ind ∧ ud:Definite=Ind ∧ ud:pos=PRON)
CGNTag(VNW(onbep,pron)) ((cgn:feat.vwtype=onbep ∧ cgn:feat.pdtype=pron ∧ cgn:pos=VNW)) -> (ud:PronType=Ind ∧ ud:Definite=Ind ∧ ud:pos=PRON)
CGNTag(VNW(pers,pron)) ((cgn:feat.vwtype=pers ∧ cgn:feat.pdtype=pron ∧ cgn:pos=VNW)) -> (ud:PronType=Prs ∧ ud:pos=PRON)
CGNTag(VNW(pr,pron)) ((cgn:feat.vwtype=pr ∧ cgn:feat.pdtype=pron ∧ cgn:pos=VNW)) -> (ud:Reflex=Yes ∧ ud:pos=PRON)
CGNTag(VNW(recip,pron)) ((cgn:feat.vwtype=recip ∧ cgn:feat.pdtype=pron ∧ cgn:pos=VNW)) -> (ud:PronType=Rcp ∧ ud:pos=PRON)
CGNTag(VNW(refl,pron)) ((cgn:feat.vwtype=refl ∧ cgn:feat.pdtype=pron ∧ cgn:pos=VNW)) -> (ud:Reflex=Yes ∧ ud:pos=PRON)
CGNTag(VNW(vb,adv-pron)) ((cgn:feat.vwtype=vb ∧ cgn:feat.pdtype=adv-pron ∧ cgn:pos=VNW)) -> (ud:pos=ADV)
? CGNTag(VNW(vb,det,nom)) ((cgn:feat.vwtype=vb ∧ cgn:feat.pdtype=det ∧ cgn:feat.positie=nom ∧ cgn:pos=VNW)) -> (ud:pos=DET ∧ ud:Position=Nom ∧ ud:pos=PRON)
CGNTag(VNW(vb,det,prenom)) ((cgn:feat.vwtype=vb ∧ cgn:feat.pdtype=det ∧ cgn:feat.positie=prenom ∧ cgn:pos=VNW)) -> (ud:pos=DET ∧ ud:Position=Prenom)
CGNTag(VNW(vb,pron)) ((cgn:feat.vwtype=vb ∧ cgn:feat.pdtype=pron ∧ cgn:pos=VNW)) -> (ud:pos=PRON)
CGNTag(VNW(vrag,pron)) ((cgn:feat.vwtype=vrag ∧ cgn:feat.pdtype=pron ∧ cgn:pos=VNW)) -> (ud:PronType=Int ∧ ud:pos=PRON)

CGNTag(VZ()) ((cgn:pos=VZ)) -> (ud:pos=ADP)

CGNTag(WW(inf,nom)) ((cgn:feat.wvorm=inf ∧ cgn:feat.positie=nom ∧ cgn:pos=WW)) -> (ud:pos=VERB ∧ ud:VerbForm=Inf ∧ ud:Position=Nom)
CGNTag(WW(inf,prenom)) ((cgn:feat.wvorm=inf ∧ cgn:feat.positie=prenom ∧ cgn:pos=WW)) -> (ud:pos=VERB ∧ ud:Position=Prenom ∧ ud:VerbForm=Inf)
CGNTag(WW(inf,vrij)) ((cgn:feat.wvorm=inf ∧ cgn:feat.positie=vrij ∧ cgn:pos=WW)) -> (ud:pos=VERB ∧ ud:Position=Free ∧ ud:VerbForm=Inf)
CGNTag(WW(od,nom)) ((cgn:feat.wvorm=od ∧ cgn:feat.positie=nom ∧ cgn:pos=WW)) -> (ud:pos=VERB ∧ ud:Aspect=Imp ∧ ud:Position=Nom ∧ ud:VerbForm=Part)
CGNTag(WW(od,prenom)) ((cgn:feat.wvorm=od ∧ cgn:feat.positie=prenom ∧ cgn:pos=WW)) -> (ud:pos=VERB ∧ ud:Aspect=Imp ∧ ud:Position=Prenom ∧ ud:VerbForm=Part)
CGNTag(WW(od,vrij)) ((cgn:feat.wvorm=od ∧ cgn:feat.positie=vrij ∧ cgn:pos=WW)) -> (ud:pos=VERB ∧ ud:Position=Free ∧ ud:Aspect=Imp ∧ ud:VerbForm=Part)
CGNTag(WW(pv)) ((cgn:feat.wvorm=pv ∧ cgn:pos=WW)) -> (ud:pos=VERB ∧ ud:VerbForm=Fin)
CGNTag(WW(vd,nom)) ((cgn:feat.wvorm=vd ∧ cgn:feat.positie=nom ∧ cgn:pos=WW)) -> (ud:pos=VERB ∧ ud:Tense=Past ∧ ud:Aspect=Perf ∧ ud:Position=Nom ∧ ud:VerbForm=Part)
CGNTag(WW(vd,prenom)) ((cgn:feat.wvorm=vd ∧ cgn:feat.positie=prenom ∧ cgn:pos=WW)) -> (ud:pos=VERB ∧ ud:Tense=Past ∧ ud:Aspect=Perf ∧ ud:Position=Prenom ∧ ud:VerbForm=Part)
CGNTag(WW(vd,vrij)) ((cgn:feat.wvorm=vd ∧ cgn:feat.positie=vrij ∧ cgn:pos=WW)) -> (ud:pos=VERB ∧ ud:Tense=Past ∧ ud:Position=Free ∧ ud:Aspect=Perf ∧ ud:VerbForm=Part)

